{
  "stats": {
    "suites": 21,
    "tests": 156,
    "passes": 155,
    "pending": 0,
    "failures": 1,
    "testsRegistered": 156,
    "passPercent": 99.35897435897436,
    "pendingPercent": 0,
    "other": 0,
    "hasOther": false,
    "skipped": 0,
    "hasSkipped": false,
    "start": "2025-05-21T02:01:20.347Z",
    "end": "2025-05-22T04:32:51.183Z",
    "duration": 95490836
  },
  "results": [
    {
      "uuid": "e9107456-b681-47ae-a6be-dd8dd29d35d3",
      "title": "",
      "fullFile": "cypress/e2e/login/positive-login.cy.js",
      "file": "cypress/e2e/login/positive-login.cy.js",
      "beforeHooks": [],
      "afterHooks": [],
      "tests": [],
      "suites": [
        {
          "uuid": "6320c11e-f08b-4594-bd48-585cf138684d",
          "title": "UI: User Login and Logout Functionality - Positive Tests",
          "fullFile": "",
          "file": "",
          "beforeHooks": [],
          "afterHooks": [],
          "tests": [],
          "suites": [
            {
              "uuid": "ed1a163a-5689-432c-9362-aa3a06da5d07",
              "title": "Login Page Initial UI Elements",
              "fullFile": "",
              "file": "",
              "beforeHooks": [],
              "afterHooks": [],
              "tests": [
                {
                  "title": "[LOGIN-UI-POS-001] should display the login page header logo",
                  "fullTitle": "UI: User Login and Logout Functionality - Positive Tests Login Page Initial UI Elements [LOGIN-UI-POS-001] should display the login page header logo",
                  "timedOut": null,
                  "duration": 213,
                  "state": "passed",
                  "speed": "fast",
                  "pass": true,
                  "fail": false,
                  "pending": false,
                  "context": null,
                  "code": "_login.default.verifyHeaderLogoIsVisible();",
                  "err": {},
                  "uuid": "41c31a43-1fec-4cdd-ba98-5a2969160f29",
                  "parentUUID": "ed1a163a-5689-432c-9362-aa3a06da5d07",
                  "isHook": false,
                  "skipped": false
                },
                {
                  "title": "[LOGIN-UI-POS-002] should display the login form box",
                  "fullTitle": "UI: User Login and Logout Functionality - Positive Tests Login Page Initial UI Elements [LOGIN-UI-POS-002] should display the login form box",
                  "timedOut": null,
                  "duration": 77,
                  "state": "passed",
                  "speed": "fast",
                  "pass": true,
                  "fail": false,
                  "pending": false,
                  "context": null,
                  "code": "_login.default.verifyLoginFormIsVisible();",
                  "err": {},
                  "uuid": "5041cf9f-2649-4249-816d-f1272c26d8a2",
                  "parentUUID": "ed1a163a-5689-432c-9362-aa3a06da5d07",
                  "isHook": false,
                  "skipped": false
                }
              ],
              "suites": [],
              "passes": [
                "41c31a43-1fec-4cdd-ba98-5a2969160f29",
                "5041cf9f-2649-4249-816d-f1272c26d8a2"
              ],
              "failures": [],
              "pending": [],
              "skipped": [],
              "duration": 290,
              "root": false,
              "rootEmpty": false,
              "_timeout": 2000
            },
            {
              "uuid": "584c8f7e-9022-4642-bed1-08318d6c8bda",
              "title": "Login Functionality",
              "fullFile": "",
              "file": "",
              "beforeHooks": [],
              "afterHooks": [],
              "tests": [
                {
                  "title": "[LOGIN-FUNC-POS-001] should allow a standard user to login successfully and land on the inventory page",
                  "fullTitle": "UI: User Login and Logout Functionality - Positive Tests Login Functionality [LOGIN-FUNC-POS-001] should allow a standard user to login successfully and land on the inventory page",
                  "timedOut": null,
                  "duration": 936,
                  "state": "passed",
                  "speed": "fast",
                  "pass": true,
                  "fail": false,
                  "pending": false,
                  "context": null,
                  "code": "_login.default.login(Cypress.env(\"standardUsername\"), Cypress.env(\"standardPassword\"));\n_headerComponent.default.verifyInventoryPageHeaderLogoIsExist();\ncy.url().should(\"include\", \"/inventory.html\");",
                  "err": {},
                  "uuid": "84c940b5-20db-4b67-a5b5-8e7e19e243b7",
                  "parentUUID": "584c8f7e-9022-4642-bed1-08318d6c8bda",
                  "isHook": false,
                  "skipped": false
                }
              ],
              "suites": [],
              "passes": [
                "84c940b5-20db-4b67-a5b5-8e7e19e243b7"
              ],
              "failures": [],
              "pending": [],
              "skipped": [],
              "duration": 936,
              "root": false,
              "rootEmpty": false,
              "_timeout": 2000
            },
            {
              "uuid": "d97f75a2-d5f7-41e7-9cc6-193c95b22207",
              "title": "Logout Functionality",
              "fullFile": "",
              "file": "",
              "beforeHooks": [],
              "afterHooks": [],
              "tests": [
                {
                  "title": "[LOGIN-FUNC-POS-001] should allow a logged-in user to logout successfully and return to the login page",
                  "fullTitle": "UI: User Login and Logout Functionality - Positive Tests Logout Functionality [LOGIN-FUNC-POS-001] should allow a logged-in user to logout successfully and return to the login page",
                  "timedOut": null,
                  "duration": 1100,
                  "state": "passed",
                  "speed": "fast",
                  "pass": true,
                  "fail": false,
                  "pending": false,
                  "context": null,
                  "code": "_login.default.logout();\ncy.url().should(\"not.include\", \"/inventory.html\");\ncy.url().should(\"include\", \"https://www.saucedemo.com/\");\n_login.default.verifyLoginFormIsVisible();",
                  "err": {},
                  "uuid": "436504ec-8807-45c3-9487-cf59f207fd4e",
                  "parentUUID": "d97f75a2-d5f7-41e7-9cc6-193c95b22207",
                  "isHook": false,
                  "skipped": false
                }
              ],
              "suites": [],
              "passes": [
                "436504ec-8807-45c3-9487-cf59f207fd4e"
              ],
              "failures": [],
              "pending": [],
              "skipped": [],
              "duration": 1100,
              "root": false,
              "rootEmpty": false,
              "_timeout": 2000
            }
          ],
          "passes": [],
          "failures": [],
          "pending": [],
          "skipped": [],
          "duration": 0,
          "root": false,
          "rootEmpty": false,
          "_timeout": 2000
        }
      ],
      "passes": [],
      "failures": [],
      "pending": [],
      "skipped": [],
      "duration": 0,
      "root": true,
      "rootEmpty": true,
      "_timeout": 2000
    },
    {
      "uuid": "d05f1de7-b1c3-4117-97fc-8ca6a26c3be0",
      "title": "",
      "fullFile": "cypress/e2e/products/InventorySort.cy.js",
      "file": "cypress/e2e/products/InventorySort.cy.js",
      "beforeHooks": [],
      "afterHooks": [],
      "tests": [],
      "suites": [
        {
          "uuid": "fae5d8c3-e3d7-4f1c-bc84-0884d96ec52c",
          "title": "Inventory Page - Sorting Functionality",
          "fullFile": "",
          "file": "",
          "beforeHooks": [],
          "afterHooks": [],
          "tests": [],
          "suites": [
            {
              "uuid": "54d35c88-1cf1-4cbe-b3e0-a21a400c91ac",
              "title": "Initial State and Sort Options Visibility",
              "fullFile": "",
              "file": "",
              "beforeHooks": [],
              "afterHooks": [],
              "tests": [
                {
                  "title": "[SRT-DEF-001] should verify the default sorting order when the product list is initially loaded",
                  "fullTitle": "Inventory Page - Sorting Functionality Initial State and Sort Options Visibility [SRT-DEF-001] should verify the default sorting order when the product list is initially loaded",
                  "timedOut": null,
                  "duration": 1047,
                  "state": "passed",
                  "speed": "fast",
                  "pass": true,
                  "fail": false,
                  "pending": false,
                  "context": null,
                  "code": "_inventory.default.verifyPredifinedDefaultOrder();",
                  "err": {},
                  "uuid": "28fd40af-0710-43ee-902d-60b0af714640",
                  "parentUUID": "54d35c88-1cf1-4cbe-b3e0-a21a400c91ac",
                  "isHook": false,
                  "skipped": false
                },
                {
                  "title": "[SRT-UI-002] should verify all sorting options are present and visible in the sort dropdown",
                  "fullTitle": "Inventory Page - Sorting Functionality Initial State and Sort Options Visibility [SRT-UI-002] should verify all sorting options are present and visible in the sort dropdown",
                  "timedOut": null,
                  "duration": 970,
                  "state": "passed",
                  "speed": "fast",
                  "pass": true,
                  "fail": false,
                  "pending": false,
                  "context": null,
                  "code": "_inventory.default.verifyAllSortingOptionsAreVisible();",
                  "err": {},
                  "uuid": "fb0397bf-c027-4bb0-8ab5-6ef45d8da156",
                  "parentUUID": "54d35c88-1cf1-4cbe-b3e0-a21a400c91ac",
                  "isHook": false,
                  "skipped": false
                }
              ],
              "suites": [],
              "passes": [
                "28fd40af-0710-43ee-902d-60b0af714640",
                "fb0397bf-c027-4bb0-8ab5-6ef45d8da156"
              ],
              "failures": [],
              "pending": [],
              "skipped": [],
              "duration": 2017,
              "root": false,
              "rootEmpty": false,
              "_timeout": 2000
            },
            {
              "uuid": "72ff7428-65e1-4f56-9031-989ae0bd0b63",
              "title": "Sorting by Name (A to Z)",
              "fullFile": "",
              "file": "",
              "beforeHooks": [],
              "afterHooks": [],
              "tests": [
                {
                  "title": "[SRT-UI-AZ-001] should update the sort dropdown UI when 'Name (A to Z)' is selected",
                  "fullTitle": "Inventory Page - Sorting Functionality Sorting by Name (A to Z) [SRT-UI-AZ-001] should update the sort dropdown UI when 'Name (A to Z)' is selected",
                  "timedOut": null,
                  "duration": 1000,
                  "state": "passed",
                  "speed": "fast",
                  "pass": true,
                  "fail": false,
                  "pending": false,
                  "context": null,
                  "code": "_inventory.default.selectSortOption(_constants.SortOptions.NAME_ASC);\n_inventory.default.verifySortValue(\"az\");",
                  "err": {},
                  "uuid": "924979b5-501f-417c-971a-d964f14cc5fb",
                  "parentUUID": "72ff7428-65e1-4f56-9031-989ae0bd0b63",
                  "isHook": false,
                  "skipped": false
                },
                {
                  "title": "[SRT-FUNC-AZ-002] should correctly sort products by 'Name (A to Z)'",
                  "fullTitle": "Inventory Page - Sorting Functionality Sorting by Name (A to Z) [SRT-FUNC-AZ-002] should correctly sort products by 'Name (A to Z)'",
                  "timedOut": null,
                  "duration": 1032,
                  "state": "passed",
                  "speed": "fast",
                  "pass": true,
                  "fail": false,
                  "pending": false,
                  "context": null,
                  "code": "_inventory.default.selectSortOption(_constants.SortOptions.NAME_ASC);\n_inventory.default.verifyProductNamesSortedAsc();",
                  "err": {},
                  "uuid": "c0b389a1-4921-4e74-870f-48e4afde2470",
                  "parentUUID": "72ff7428-65e1-4f56-9031-989ae0bd0b63",
                  "isHook": false,
                  "skipped": false
                }
              ],
              "suites": [],
              "passes": [
                "924979b5-501f-417c-971a-d964f14cc5fb",
                "c0b389a1-4921-4e74-870f-48e4afde2470"
              ],
              "failures": [],
              "pending": [],
              "skipped": [],
              "duration": 2032,
              "root": false,
              "rootEmpty": false,
              "_timeout": 2000
            },
            {
              "uuid": "3b478a73-e158-4d74-8ac5-c71f10d41c96",
              "title": "Sorting by Name (Z to A)",
              "fullFile": "",
              "file": "",
              "beforeHooks": [],
              "afterHooks": [],
              "tests": [
                {
                  "title": "[SRT-UI-ZA-001] should update the sort dropdown UI when 'Name (Z to A)' is selected",
                  "fullTitle": "Inventory Page - Sorting Functionality Sorting by Name (Z to A) [SRT-UI-ZA-001] should update the sort dropdown UI when 'Name (Z to A)' is selected",
                  "timedOut": null,
                  "duration": 1043,
                  "state": "passed",
                  "speed": "fast",
                  "pass": true,
                  "fail": false,
                  "pending": false,
                  "context": null,
                  "code": "_inventory.default.selectSortOption(_constants.SortOptions.NAME_DESC);\n_inventory.default.verifySortValue(\"za\");",
                  "err": {},
                  "uuid": "af781869-0471-4487-a13c-af85c8f9947e",
                  "parentUUID": "3b478a73-e158-4d74-8ac5-c71f10d41c96",
                  "isHook": false,
                  "skipped": false
                },
                {
                  "title": "[SRT-UI-ZA-002] should correctly sort products by 'Name (Z to A)'",
                  "fullTitle": "Inventory Page - Sorting Functionality Sorting by Name (Z to A) [SRT-UI-ZA-002] should correctly sort products by 'Name (Z to A)'",
                  "timedOut": null,
                  "duration": 1016,
                  "state": "passed",
                  "speed": "fast",
                  "pass": true,
                  "fail": false,
                  "pending": false,
                  "context": null,
                  "code": "_inventory.default.selectSortOption(_constants.SortOptions.NAME_DESC);\n_inventory.default.verifyProductNamesSortedDesc();",
                  "err": {},
                  "uuid": "29624a4e-7527-495c-a157-0315dc19a522",
                  "parentUUID": "3b478a73-e158-4d74-8ac5-c71f10d41c96",
                  "isHook": false,
                  "skipped": false
                }
              ],
              "suites": [],
              "passes": [
                "af781869-0471-4487-a13c-af85c8f9947e",
                "29624a4e-7527-495c-a157-0315dc19a522"
              ],
              "failures": [],
              "pending": [],
              "skipped": [],
              "duration": 2059,
              "root": false,
              "rootEmpty": false,
              "_timeout": 2000
            },
            {
              "uuid": "7d9a49f4-0391-4bba-b06e-647fc3bd60e9",
              "title": "Sorting by Price (low to high)",
              "fullFile": "",
              "file": "",
              "beforeHooks": [],
              "afterHooks": [],
              "tests": [
                {
                  "title": "[SRT-UI-LOHI-001] should update the sort dropdown UI when 'Price (low to high)' is selected",
                  "fullTitle": "Inventory Page - Sorting Functionality Sorting by Price (low to high) [SRT-UI-LOHI-001] should update the sort dropdown UI when 'Price (low to high)' is selected",
                  "timedOut": null,
                  "duration": 1023,
                  "state": "passed",
                  "speed": "fast",
                  "pass": true,
                  "fail": false,
                  "pending": false,
                  "context": null,
                  "code": "_inventory.default.selectSortOption(_constants.SortOptions.PRICE_LOW_TO_HIGH);\n_inventory.default.verifySortValue(\"lohi\");",
                  "err": {},
                  "uuid": "0c44642f-f358-48b2-8860-b1fe4557cdc3",
                  "parentUUID": "7d9a49f4-0391-4bba-b06e-647fc3bd60e9",
                  "isHook": false,
                  "skipped": false
                },
                {
                  "title": "[SRT-UI-LOHI-002] should correctly sort products by 'Price (low to high)'",
                  "fullTitle": "Inventory Page - Sorting Functionality Sorting by Price (low to high) [SRT-UI-LOHI-002] should correctly sort products by 'Price (low to high)'",
                  "timedOut": null,
                  "duration": 1019,
                  "state": "passed",
                  "speed": "fast",
                  "pass": true,
                  "fail": false,
                  "pending": false,
                  "context": null,
                  "code": "_inventory.default.selectSortOption(_constants.SortOptions.PRICE_LOW_TO_HIGH);\n_inventory.default.verifyPricesSortedLowToHigh();",
                  "err": {},
                  "uuid": "fcb58e31-4cb4-469d-88ae-4601db0693b5",
                  "parentUUID": "7d9a49f4-0391-4bba-b06e-647fc3bd60e9",
                  "isHook": false,
                  "skipped": false
                }
              ],
              "suites": [],
              "passes": [
                "0c44642f-f358-48b2-8860-b1fe4557cdc3",
                "fcb58e31-4cb4-469d-88ae-4601db0693b5"
              ],
              "failures": [],
              "pending": [],
              "skipped": [],
              "duration": 2042,
              "root": false,
              "rootEmpty": false,
              "_timeout": 2000
            },
            {
              "uuid": "336b4ce5-1163-488d-bb73-a194d1fc1b29",
              "title": "Sorting by Price (high to low)",
              "fullFile": "",
              "file": "",
              "beforeHooks": [],
              "afterHooks": [],
              "tests": [
                {
                  "title": "[SRT-UI-HILO-001] should update the sort dropdown UI when 'Price (high to low)' is selected",
                  "fullTitle": "Inventory Page - Sorting Functionality Sorting by Price (high to low) [SRT-UI-HILO-001] should update the sort dropdown UI when 'Price (high to low)' is selected",
                  "timedOut": null,
                  "duration": 1040,
                  "state": "passed",
                  "speed": "fast",
                  "pass": true,
                  "fail": false,
                  "pending": false,
                  "context": null,
                  "code": "_inventory.default.selectSortOption(_constants.SortOptions.PRICE_HIGH_TO_LOW);\n_inventory.default.verifySortValue(\"hilo\");",
                  "err": {},
                  "uuid": "4be4df98-78d8-442f-8b2d-ca776e02e201",
                  "parentUUID": "336b4ce5-1163-488d-bb73-a194d1fc1b29",
                  "isHook": false,
                  "skipped": false
                },
                {
                  "title": "[SRT-UI-HILO-002] should correctly sort products by 'Price (high to low)'",
                  "fullTitle": "Inventory Page - Sorting Functionality Sorting by Price (high to low) [SRT-UI-HILO-002] should correctly sort products by 'Price (high to low)'",
                  "timedOut": null,
                  "duration": 1046,
                  "state": "passed",
                  "speed": "fast",
                  "pass": true,
                  "fail": false,
                  "pending": false,
                  "context": null,
                  "code": "_inventory.default.selectSortOption(_constants.SortOptions.PRICE_HIGH_TO_LOW);\n_inventory.default.verifyPricesSortedHighToLow();",
                  "err": {},
                  "uuid": "36c3ddd0-13af-4b68-8423-0fab63c5eaca",
                  "parentUUID": "336b4ce5-1163-488d-bb73-a194d1fc1b29",
                  "isHook": false,
                  "skipped": false
                }
              ],
              "suites": [],
              "passes": [
                "4be4df98-78d8-442f-8b2d-ca776e02e201",
                "36c3ddd0-13af-4b68-8423-0fab63c5eaca"
              ],
              "failures": [],
              "pending": [],
              "skipped": [],
              "duration": 2086,
              "root": false,
              "rootEmpty": false,
              "_timeout": 2000
            }
          ],
          "passes": [],
          "failures": [],
          "pending": [],
          "skipped": [],
          "duration": 0,
          "root": false,
          "rootEmpty": false,
          "_timeout": 2000
        }
      ],
      "passes": [],
      "failures": [],
      "pending": [],
      "skipped": [],
      "duration": 0,
      "root": true,
      "rootEmpty": true,
      "_timeout": 2000
    },
    {
      "uuid": "5d407b9d-0799-45ed-b523-78f37602a3fa",
      "title": "",
      "fullFile": "cypress/e2e/products/cart.cy.js",
      "file": "cypress/e2e/products/cart.cy.js",
      "beforeHooks": [],
      "afterHooks": [],
      "tests": [],
      "suites": [
        {
          "uuid": "bbd8b326-e195-4b2a-a66e-7f5e5932aa90",
          "title": "Cart Page Navigation",
          "fullFile": "",
          "file": "",
          "beforeHooks": [],
          "afterHooks": [],
          "tests": [
            {
              "title": "[CART-UI-NAV-001] should ensure the “Continue Shopping” button is visible on the cart page",
              "fullTitle": "Cart Page Navigation [CART-UI-NAV-001] should ensure the “Continue Shopping” button is visible on the cart page",
              "timedOut": null,
              "duration": 1186,
              "state": "passed",
              "speed": "fast",
              "pass": true,
              "fail": false,
              "pending": false,
              "context": null,
              "code": "_cart.default.verifyContinueShoppingButtonIsVisible();",
              "err": {},
              "uuid": "230072fd-a7a9-45ac-b9b7-55376a10bf29",
              "parentUUID": "bbd8b326-e195-4b2a-a66e-7f5e5932aa90",
              "isHook": false,
              "skipped": false
            },
            {
              "title": "[CART-UI-NAV-002] should return to the Inventory Page when “Continue Shopping” button is clicked",
              "fullTitle": "Cart Page Navigation [CART-UI-NAV-002] should return to the Inventory Page when “Continue Shopping” button is clicked",
              "timedOut": null,
              "duration": 1251,
              "state": "passed",
              "speed": "fast",
              "pass": true,
              "fail": false,
              "pending": false,
              "context": null,
              "code": "_cart.default.clickContinueShoppingButton();\ncy.url().should(\"include\", \"/inventory.html\");\n_inventory.default.verifyProductListingIsVisible();",
              "err": {},
              "uuid": "23316328-579e-4709-931f-ba3de75333dc",
              "parentUUID": "bbd8b326-e195-4b2a-a66e-7f5e5932aa90",
              "isHook": false,
              "skipped": false
            }
          ],
          "suites": [],
          "passes": [
            "230072fd-a7a9-45ac-b9b7-55376a10bf29",
            "23316328-579e-4709-931f-ba3de75333dc"
          ],
          "failures": [],
          "pending": [],
          "skipped": [],
          "duration": 2437,
          "root": false,
          "rootEmpty": false,
          "_timeout": 2000
        }
      ],
      "passes": [],
      "failures": [],
      "pending": [],
      "skipped": [],
      "duration": 0,
      "root": true,
      "rootEmpty": true,
      "_timeout": 2000
    },
    {
      "uuid": "e583c006-7598-487e-82b4-e819a45d45b9",
      "title": "",
      "fullFile": "cypress/e2e/products/checkout.cy.js",
      "file": "cypress/e2e/products/checkout.cy.js",
      "beforeHooks": [],
      "afterHooks": [],
      "tests": [],
      "suites": [
        {
          "uuid": "0d3d4ad2-3237-4693-904f-3b71774199c3",
          "title": "Checkout Step One",
          "fullFile": "",
          "file": "",
          "beforeHooks": [],
          "afterHooks": [],
          "tests": [],
          "suites": [
            {
              "uuid": "6e271b6f-ffc6-43e3-8a5f-42e62ced3583",
              "title": "Input Fields Visibility",
              "fullFile": "",
              "file": "",
              "beforeHooks": [],
              "afterHooks": [],
              "tests": [
                {
                  "title": "[CKO-001] should navigate to the correct Checkout Step One URL",
                  "fullTitle": "Checkout Step One Input Fields Visibility [CKO-001] should navigate to the correct Checkout Step One URL",
                  "timedOut": null,
                  "duration": 1265,
                  "state": "passed",
                  "speed": "fast",
                  "pass": true,
                  "fail": false,
                  "pending": false,
                  "context": null,
                  "code": "cy.url().should(\"include\", \"checkout-step-one.html\");",
                  "err": {},
                  "uuid": "ef07d31d-0215-43a1-b6dd-aa5242bafab5",
                  "parentUUID": "6e271b6f-ffc6-43e3-8a5f-42e62ced3583",
                  "isHook": false,
                  "skipped": false
                },
                {
                  "title": "[CKO-002] should display First Name input field",
                  "fullTitle": "Checkout Step One Input Fields Visibility [CKO-002] should display First Name input field",
                  "timedOut": null,
                  "duration": 1171,
                  "state": "passed",
                  "speed": "fast",
                  "pass": true,
                  "fail": false,
                  "pending": false,
                  "context": null,
                  "code": "_checkout.default.verifyFirstNameInputIsVisible();",
                  "err": {},
                  "uuid": "2d1795c0-a03b-446c-9adb-aa079c0b651b",
                  "parentUUID": "6e271b6f-ffc6-43e3-8a5f-42e62ced3583",
                  "isHook": false,
                  "skipped": false
                },
                {
                  "title": "[CKO-003] should display Last Name input field",
                  "fullTitle": "Checkout Step One Input Fields Visibility [CKO-003] should display Last Name input field",
                  "timedOut": null,
                  "duration": 1103,
                  "state": "passed",
                  "speed": "fast",
                  "pass": true,
                  "fail": false,
                  "pending": false,
                  "context": null,
                  "code": "_checkout.default.verifyLastNameInputIsVisible();",
                  "err": {},
                  "uuid": "abf9038c-5559-452f-b38a-ebcbdc7c6a94",
                  "parentUUID": "6e271b6f-ffc6-43e3-8a5f-42e62ced3583",
                  "isHook": false,
                  "skipped": false
                },
                {
                  "title": "[CKO-004] should display Zip/Postal Code input field",
                  "fullTitle": "Checkout Step One Input Fields Visibility [CKO-004] should display Zip/Postal Code input field",
                  "timedOut": null,
                  "duration": 1124,
                  "state": "passed",
                  "speed": "fast",
                  "pass": true,
                  "fail": false,
                  "pending": false,
                  "context": null,
                  "code": "_checkout.default.verifyZipPostalCodeInputIsVisible();",
                  "err": {},
                  "uuid": "85f5da86-3585-4e90-b02c-ebf7ee9beecc",
                  "parentUUID": "6e271b6f-ffc6-43e3-8a5f-42e62ced3583",
                  "isHook": false,
                  "skipped": false
                }
              ],
              "suites": [],
              "passes": [
                "ef07d31d-0215-43a1-b6dd-aa5242bafab5",
                "2d1795c0-a03b-446c-9adb-aa079c0b651b",
                "abf9038c-5559-452f-b38a-ebcbdc7c6a94",
                "85f5da86-3585-4e90-b02c-ebf7ee9beecc"
              ],
              "failures": [],
              "pending": [],
              "skipped": [],
              "duration": 4663,
              "root": false,
              "rootEmpty": false,
              "_timeout": 2000
            },
            {
              "uuid": "4da58e3e-15ea-4d7a-a3ee-80a542c36091",
              "title": "Checkout Step One - Input Field Validation",
              "fullFile": "",
              "file": "",
              "beforeHooks": [],
              "afterHooks": [],
              "tests": [
                {
                  "title": "[CKO-POS-001] should allow user to enter all required fields",
                  "fullTitle": "Checkout Step One Checkout Step One - Input Field Validation [CKO-POS-001] should allow user to enter all required fields",
                  "timedOut": null,
                  "duration": 1804,
                  "state": "passed",
                  "speed": "fast",
                  "pass": true,
                  "fail": false,
                  "pending": false,
                  "context": null,
                  "code": "_checkout.default.fillFirstName(_fakerData.fakerFirstName);\n_checkout.default.fillLastName(_fakerData.fakerLastName);\n_checkout.default.fillZipPostalCode(_fakerData.fakerZipCode);\n_checkout.default.assertCheckoutFieldsContainValues(_fakerData.fakerFirstName, _fakerData.fakerLastName, _fakerData.fakerZipCode);",
                  "err": {},
                  "uuid": "685b7563-448b-4f26-928a-2910275817aa",
                  "parentUUID": "4da58e3e-15ea-4d7a-a3ee-80a542c36091",
                  "isHook": false,
                  "skipped": false
                },
                {
                  "title": "[CKO-POS-002] should navigate to Checkout Step Two with valid info",
                  "fullTitle": "Checkout Step One Checkout Step One - Input Field Validation [CKO-POS-002] should navigate to Checkout Step Two with valid info",
                  "timedOut": null,
                  "duration": 1840,
                  "state": "passed",
                  "speed": "fast",
                  "pass": true,
                  "fail": false,
                  "pending": false,
                  "context": null,
                  "code": "_checkout.default.fillPersonalDetails(_fakerData.fakerFirstName, _fakerData.fakerLastName, _fakerData.fakerZipCode);\n_checkout.default.clickContinueButton();\ncy.url().should(\"include\", \"checkout-step-two.html\");",
                  "err": {},
                  "uuid": "86e1e3ea-4cfb-4e34-b074-3800af042aaf",
                  "parentUUID": "4da58e3e-15ea-4d7a-a3ee-80a542c36091",
                  "isHook": false,
                  "skipped": false
                },
                {
                  "title": "[CKO-NEG-001] should show error when all fields are empty",
                  "fullTitle": "Checkout Step One Checkout Step One - Input Field Validation [CKO-NEG-001] should show error when all fields are empty",
                  "timedOut": null,
                  "duration": 1229,
                  "state": "passed",
                  "speed": "fast",
                  "pass": true,
                  "fail": false,
                  "pending": false,
                  "context": null,
                  "code": "_checkout.default.clickContinueButton();\n_checkout.default.assertErrorMessageIsDisplayed(\"Error: First Name is required\");",
                  "err": {},
                  "uuid": "303c70d7-fe21-4244-b547-ae2b76ccd2c8",
                  "parentUUID": "4da58e3e-15ea-4d7a-a3ee-80a542c36091",
                  "isHook": false,
                  "skipped": false
                },
                {
                  "title": "[CKO-NEG-002] should show error for missing First Name",
                  "fullTitle": "Checkout Step One Checkout Step One - Input Field Validation [CKO-NEG-002] should show error for missing First Name",
                  "timedOut": null,
                  "duration": 1872,
                  "state": "passed",
                  "speed": "fast",
                  "pass": true,
                  "fail": false,
                  "pending": false,
                  "context": null,
                  "code": "_checkout.default.fillPersonalDetails(\"\", _fakerData.fakerLastName, _fakerData.fakerZipCode);\n_checkout.default.clickContinueButton();\n_checkout.default.assertErrorMessageIsDisplayed(\"Error: First Name is required\");",
                  "err": {},
                  "uuid": "5aeab1d8-befb-4103-9780-9e48669ee453",
                  "parentUUID": "4da58e3e-15ea-4d7a-a3ee-80a542c36091",
                  "isHook": false,
                  "skipped": false
                },
                {
                  "title": "[CKO-NEG-003] should show error for missing Last Name",
                  "fullTitle": "Checkout Step One Checkout Step One - Input Field Validation [CKO-NEG-003] should show error for missing Last Name",
                  "timedOut": null,
                  "duration": 1753,
                  "state": "passed",
                  "speed": "fast",
                  "pass": true,
                  "fail": false,
                  "pending": false,
                  "context": null,
                  "code": "_checkout.default.fillPersonalDetails(_fakerData.fakerFirstName, \"\", _fakerData.fakerZipCode);\n_checkout.default.clickContinueButton();\n_checkout.default.assertErrorMessageIsDisplayed(\"Error: Last Name is required\");",
                  "err": {},
                  "uuid": "c14cbbe5-fed3-4763-8fd1-35fd768a5121",
                  "parentUUID": "4da58e3e-15ea-4d7a-a3ee-80a542c36091",
                  "isHook": false,
                  "skipped": false
                },
                {
                  "title": "[CKO-NEG-004] should show error for missing Zip/Postal Code",
                  "fullTitle": "Checkout Step One Checkout Step One - Input Field Validation [CKO-NEG-004] should show error for missing Zip/Postal Code",
                  "timedOut": null,
                  "duration": 1674,
                  "state": "passed",
                  "speed": "fast",
                  "pass": true,
                  "fail": false,
                  "pending": false,
                  "context": null,
                  "code": "_checkout.default.fillPersonalDetails(_fakerData.fakerFirstName, _fakerData.fakerLastName, \"\");\n_checkout.default.clickContinueButton();\n_checkout.default.assertErrorMessageIsDisplayed(\"Error: Postal Code is required\");",
                  "err": {},
                  "uuid": "5317e767-6f53-49e2-88f3-696aa4dda7a3",
                  "parentUUID": "4da58e3e-15ea-4d7a-a3ee-80a542c36091",
                  "isHook": false,
                  "skipped": false
                },
                {
                  "title": "[CKO-NAV-001] should return to cart page on Cancel",
                  "fullTitle": "Checkout Step One Checkout Step One - Input Field Validation [CKO-NAV-001] should return to cart page on Cancel",
                  "timedOut": null,
                  "duration": 1199,
                  "state": "passed",
                  "speed": "fast",
                  "pass": true,
                  "fail": false,
                  "pending": false,
                  "context": null,
                  "code": "_checkout.default.clickCancelButton();\ncy.url().should(\"include\", \"cart.html\");",
                  "err": {},
                  "uuid": "72c4948d-c2ea-4f4f-9a6f-721f25df55e6",
                  "parentUUID": "4da58e3e-15ea-4d7a-a3ee-80a542c36091",
                  "isHook": false,
                  "skipped": false
                }
              ],
              "suites": [],
              "passes": [
                "685b7563-448b-4f26-928a-2910275817aa",
                "86e1e3ea-4cfb-4e34-b074-3800af042aaf",
                "303c70d7-fe21-4244-b547-ae2b76ccd2c8",
                "5aeab1d8-befb-4103-9780-9e48669ee453",
                "c14cbbe5-fed3-4763-8fd1-35fd768a5121",
                "5317e767-6f53-49e2-88f3-696aa4dda7a3",
                "72c4948d-c2ea-4f4f-9a6f-721f25df55e6"
              ],
              "failures": [],
              "pending": [],
              "skipped": [],
              "duration": 11371,
              "root": false,
              "rootEmpty": false,
              "_timeout": 2000
            }
          ],
          "passes": [],
          "failures": [],
          "pending": [],
          "skipped": [],
          "duration": 0,
          "root": false,
          "rootEmpty": false,
          "_timeout": 2000
        }
      ],
      "passes": [],
      "failures": [],
      "pending": [],
      "skipped": [],
      "duration": 0,
      "root": true,
      "rootEmpty": true,
      "_timeout": 2000
    },
    {
      "uuid": "8fb1e91b-4470-4fbe-8d67-4f1ab57e47af",
      "title": "",
      "fullFile": "cypress/e2e/products/checkoutComplete.cy.js",
      "file": "cypress/e2e/products/checkoutComplete.cy.js",
      "beforeHooks": [],
      "afterHooks": [],
      "tests": [],
      "suites": [
        {
          "uuid": "bf3f4db6-1cb9-4e79-b351-730a54699f01",
          "title": "",
          "fullFile": "",
          "file": "",
          "beforeHooks": [],
          "afterHooks": [],
          "tests": [
            {
              "title": "[CKO-COMP-007] Verify that the \"Back Home\" button is functional",
              "fullTitle": " [CKO-COMP-007] Verify that the \"Back Home\" button is functional",
              "timedOut": null,
              "duration": 2238,
              "state": "passed",
              "speed": "fast",
              "pass": true,
              "fail": false,
              "pending": false,
              "context": null,
              "code": "_checkoutComplete.default.verifyBackHomeButtonIsClickable();\n_checkoutComplete.default.clickBackHomeButton();\ncy.url().should('include', 'inventory.html');\n_inventory.default.verifyProductListingIsVisible();",
              "err": {},
              "uuid": "31680cc8-f484-4593-8b94-a6a51a3a5f68",
              "parentUUID": "bf3f4db6-1cb9-4e79-b351-730a54699f01",
              "isHook": false,
              "skipped": false
            }
          ],
          "suites": [],
          "passes": [
            "31680cc8-f484-4593-8b94-a6a51a3a5f68"
          ],
          "failures": [],
          "pending": [],
          "skipped": [],
          "duration": 2238,
          "root": false,
          "rootEmpty": false,
          "_timeout": 2000
        }
      ],
      "passes": [],
      "failures": [],
      "pending": [],
      "skipped": [],
      "duration": 0,
      "root": true,
      "rootEmpty": true,
      "_timeout": 2000
    },
    {
      "uuid": "8d700687-c672-427b-8aa4-e7b6a0ce07c4",
      "title": "",
      "fullFile": "cypress/e2e/products/inventory.cy.js",
      "file": "cypress/e2e/products/inventory.cy.js",
      "beforeHooks": [],
      "afterHooks": [],
      "tests": [],
      "suites": [
        {
          "uuid": "d4df9b3d-d4a2-400c-94d4-dc7cc8326e34",
          "title": "Inventory Page - Post-Login Verification",
          "fullFile": "",
          "file": "",
          "beforeHooks": [],
          "afterHooks": [],
          "tests": [],
          "suites": [
            {
              "uuid": "14fbdfbd-4447-401e-a942-308fb83dc23c",
              "title": "Inventory Items Verification",
              "fullFile": "",
              "file": "",
              "beforeHooks": [],
              "afterHooks": [],
              "tests": [
                {
                  "title": "[INV-UI-INV-COUNT-001] should display the correct number of products",
                  "fullTitle": "Inventory Page - Post-Login Verification Inventory Items Verification [INV-UI-INV-COUNT-001] should display the correct number of products",
                  "timedOut": null,
                  "duration": 1052,
                  "state": "passed",
                  "speed": "fast",
                  "pass": true,
                  "fail": false,
                  "pending": false,
                  "context": null,
                  "code": "_inventory.default.verifyProductCount(allProductCount);",
                  "err": {},
                  "uuid": "4b3ce4be-cacd-409f-8e7b-b0d90b3ac5b3",
                  "parentUUID": "14fbdfbd-4447-401e-a942-308fb83dc23c",
                  "isHook": false,
                  "skipped": false
                }
              ],
              "suites": [],
              "passes": [
                "4b3ce4be-cacd-409f-8e7b-b0d90b3ac5b3"
              ],
              "failures": [],
              "pending": [],
              "skipped": [],
              "duration": 1052,
              "root": false,
              "rootEmpty": false,
              "_timeout": 2000
            }
          ],
          "passes": [],
          "failures": [],
          "pending": [],
          "skipped": [],
          "duration": 0,
          "root": false,
          "rootEmpty": false,
          "_timeout": 2000
        }
      ],
      "passes": [],
      "failures": [],
      "pending": [],
      "skipped": [],
      "duration": 0,
      "root": true,
      "rootEmpty": true,
      "_timeout": 2000
    },
    {
      "uuid": "53f13bf4-474e-4e13-9d1b-3d40ca9edfc6",
      "title": "",
      "fullFile": "cypress/e2e/products/overview.cy.js",
      "file": "cypress/e2e/products/overview.cy.js",
      "beforeHooks": [],
      "afterHooks": [],
      "tests": [],
      "suites": [
        {
          "uuid": "0c003f24-64ed-4b5e-8961-49ec1efac15d",
          "title": "Checkout Step One - Single Item Cart",
          "fullFile": "",
          "file": "",
          "beforeHooks": [],
          "afterHooks": [],
          "tests": [
            {
              "title": "[CKO-OV-001] should display the correct product name",
              "fullTitle": "Checkout Step One - Single Item Cart [CKO-OV-001] should display the correct product name",
              "timedOut": null,
              "duration": 2093,
              "state": "passed",
              "speed": "fast",
              "pass": true,
              "fail": false,
              "pending": false,
              "context": null,
              "code": "_checkoutOverview.default.verifyProductName(\"Sauce Labs Backpack\");",
              "err": {},
              "uuid": "7cc3f3f1-d401-48e8-a904-f59457f216d0",
              "parentUUID": "0c003f24-64ed-4b5e-8961-49ec1efac15d",
              "isHook": false,
              "skipped": false
            },
            {
              "title": "[CKO-OV-002] should display the correct product price",
              "fullTitle": "Checkout Step One - Single Item Cart [CKO-OV-002] should display the correct product price",
              "timedOut": null,
              "duration": 1974,
              "state": "passed",
              "speed": "fast",
              "pass": true,
              "fail": false,
              "pending": false,
              "context": null,
              "code": "_checkoutOverview.default.verifyProductPrice(\"$29.99\");",
              "err": {},
              "uuid": "382454cb-afbf-4a8c-b985-c03be6d1ab47",
              "parentUUID": "0c003f24-64ed-4b5e-8961-49ec1efac15d",
              "isHook": false,
              "skipped": false
            },
            {
              "title": "[CKO-OV-003] should display the correct product quantity",
              "fullTitle": "Checkout Step One - Single Item Cart [CKO-OV-003] should display the correct product quantity",
              "timedOut": null,
              "duration": 1934,
              "state": "passed",
              "speed": "fast",
              "pass": true,
              "fail": false,
              "pending": false,
              "context": null,
              "code": "_checkoutOverview.default.verifyQuantity(\"1\");",
              "err": {},
              "uuid": "4a1e5a5d-8b05-4290-bcdb-12ea269d3728",
              "parentUUID": "0c003f24-64ed-4b5e-8961-49ec1efac15d",
              "isHook": false,
              "skipped": false
            },
            {
              "title": "[CKO-OV-004] should display correct payment information",
              "fullTitle": "Checkout Step One - Single Item Cart [CKO-OV-004] should display correct payment information",
              "timedOut": null,
              "duration": 1907,
              "state": "passed",
              "speed": "fast",
              "pass": true,
              "fail": false,
              "pending": false,
              "context": null,
              "code": "_checkoutOverview.default.verifyPaymentInfo(\"SauceCard #31337\");",
              "err": {},
              "uuid": "74c9ce6d-c61e-462b-a48b-bf748c3360aa",
              "parentUUID": "0c003f24-64ed-4b5e-8961-49ec1efac15d",
              "isHook": false,
              "skipped": false
            },
            {
              "title": "[CKO-OV-005] should display correct shipping method",
              "fullTitle": "Checkout Step One - Single Item Cart [CKO-OV-005] should display correct shipping method",
              "timedOut": null,
              "duration": 1894,
              "state": "passed",
              "speed": "fast",
              "pass": true,
              "fail": false,
              "pending": false,
              "context": null,
              "code": "_checkoutOverview.default.verifyShippingMethod(\"Free Pony Express Delivery!\");",
              "err": {},
              "uuid": "428986ec-e7dc-48ba-9101-389ffb82cb5a",
              "parentUUID": "0c003f24-64ed-4b5e-8961-49ec1efac15d",
              "isHook": false,
              "skipped": false
            },
            {
              "title": "[CKO-OV-006] should display correct item total",
              "fullTitle": "Checkout Step One - Single Item Cart [CKO-OV-006] should display correct item total",
              "timedOut": null,
              "duration": 1837,
              "state": "passed",
              "speed": "fast",
              "pass": true,
              "fail": false,
              "pending": false,
              "context": null,
              "code": "_checkoutOverview.default.verifyItemTotal(\"$29.99\");",
              "err": {},
              "uuid": "4c56560d-b7fe-440b-a8c8-18c0e5a55777",
              "parentUUID": "0c003f24-64ed-4b5e-8961-49ec1efac15d",
              "isHook": false,
              "skipped": false
            },
            {
              "title": "[CKO-OV-007] should display correct tax amount",
              "fullTitle": "Checkout Step One - Single Item Cart [CKO-OV-007] should display correct tax amount",
              "timedOut": null,
              "duration": 1862,
              "state": "passed",
              "speed": "fast",
              "pass": true,
              "fail": false,
              "pending": false,
              "context": null,
              "code": "_checkoutOverview.default.verifyTax(\"$2.40\");",
              "err": {},
              "uuid": "0abe2cf8-0ea1-4f6f-a7c6-ada23488c32f",
              "parentUUID": "0c003f24-64ed-4b5e-8961-49ec1efac15d",
              "isHook": false,
              "skipped": false
            },
            {
              "title": "[CKO-OV-008] should display correct final total",
              "fullTitle": "Checkout Step One - Single Item Cart [CKO-OV-008] should display correct final total",
              "timedOut": null,
              "duration": 1874,
              "state": "passed",
              "speed": "fast",
              "pass": true,
              "fail": false,
              "pending": false,
              "context": null,
              "code": "_checkoutOverview.default.verifyTotal(\"$32.39\");",
              "err": {},
              "uuid": "fcaefe55-49b6-4462-adb9-837fca01332f",
              "parentUUID": "0c003f24-64ed-4b5e-8961-49ec1efac15d",
              "isHook": false,
              "skipped": false
            },
            {
              "title": "[CKO-OV-009] should display the Cancel button",
              "fullTitle": "Checkout Step One - Single Item Cart [CKO-OV-009] should display the Cancel button",
              "timedOut": null,
              "duration": 1903,
              "state": "passed",
              "speed": "fast",
              "pass": true,
              "fail": false,
              "pending": false,
              "context": null,
              "code": "_checkoutOverview.default.verifyCancelButtonVisible();",
              "err": {},
              "uuid": "332bdd5f-732b-4ba0-bc2a-9c605c275841",
              "parentUUID": "0c003f24-64ed-4b5e-8961-49ec1efac15d",
              "isHook": false,
              "skipped": false
            },
            {
              "title": "[CKO-OV-010] should display the Finish button and it is enabled",
              "fullTitle": "Checkout Step One - Single Item Cart [CKO-OV-010] should display the Finish button and it is enabled",
              "timedOut": null,
              "duration": 1884,
              "state": "passed",
              "speed": "fast",
              "pass": true,
              "fail": false,
              "pending": false,
              "context": null,
              "code": "_checkoutOverview.default.verifyFinishButtonIsVisible();",
              "err": {},
              "uuid": "3b7e7348-7175-4241-a05c-19ec897d86a6",
              "parentUUID": "0c003f24-64ed-4b5e-8961-49ec1efac15d",
              "isHook": false,
              "skipped": false
            },
            {
              "title": "[CKO-OV-011] should display the correct style for the Finish button",
              "fullTitle": "Checkout Step One - Single Item Cart [CKO-OV-011] should display the correct style for the Finish button",
              "timedOut": null,
              "duration": 1913,
              "state": "passed",
              "speed": "fast",
              "pass": true,
              "fail": false,
              "pending": false,
              "context": null,
              "code": "_checkoutOverview.default.assertFinishButtonColor();",
              "err": {},
              "uuid": "68364166-2702-4428-a749-213dc6a9122a",
              "parentUUID": "0c003f24-64ed-4b5e-8961-49ec1efac15d",
              "isHook": false,
              "skipped": false
            },
            {
              "title": "[CKO-OV-012] should navigate back to the cart when Cancel is clicked",
              "fullTitle": "Checkout Step One - Single Item Cart [CKO-OV-012] should navigate back to the cart when Cancel is clicked",
              "timedOut": null,
              "duration": 1998,
              "state": "passed",
              "speed": "fast",
              "pass": true,
              "fail": false,
              "pending": false,
              "context": null,
              "code": "_checkoutOverview.default.clickCancelButton();\ncy.url().should(\"include\", \"/inventory.html\");",
              "err": {},
              "uuid": "7b9192ec-366b-4520-a1db-be6fad0251f8",
              "parentUUID": "0c003f24-64ed-4b5e-8961-49ec1efac15d",
              "isHook": false,
              "skipped": false
            },
            {
              "title": "[CKO-OV-013] should calculate and match displayed total accurately",
              "fullTitle": "Checkout Step One - Single Item Cart [CKO-OV-013] should calculate and match displayed total accurately",
              "timedOut": null,
              "duration": 1924,
              "state": "passed",
              "speed": "fast",
              "pass": true,
              "fail": false,
              "pending": false,
              "context": null,
              "code": "_checkoutOverview.default.assertTotalMatchesDisplaydTotal(\"$32.39\");",
              "err": {},
              "uuid": "3489f9f5-2081-42d2-8b83-02f8925ddd9c",
              "parentUUID": "0c003f24-64ed-4b5e-8961-49ec1efac15d",
              "isHook": false,
              "skipped": false
            }
          ],
          "suites": [],
          "passes": [
            "7cc3f3f1-d401-48e8-a904-f59457f216d0",
            "382454cb-afbf-4a8c-b985-c03be6d1ab47",
            "4a1e5a5d-8b05-4290-bcdb-12ea269d3728",
            "74c9ce6d-c61e-462b-a48b-bf748c3360aa",
            "428986ec-e7dc-48ba-9101-389ffb82cb5a",
            "4c56560d-b7fe-440b-a8c8-18c0e5a55777",
            "0abe2cf8-0ea1-4f6f-a7c6-ada23488c32f",
            "fcaefe55-49b6-4462-adb9-837fca01332f",
            "332bdd5f-732b-4ba0-bc2a-9c605c275841",
            "3b7e7348-7175-4241-a05c-19ec897d86a6",
            "68364166-2702-4428-a749-213dc6a9122a",
            "7b9192ec-366b-4520-a1db-be6fad0251f8",
            "3489f9f5-2081-42d2-8b83-02f8925ddd9c"
          ],
          "failures": [],
          "pending": [],
          "skipped": [],
          "duration": 24997,
          "root": false,
          "rootEmpty": false,
          "_timeout": 2000
        },
        {
          "uuid": "188ae3a8-2730-4e33-9075-37920e735042",
          "title": "Checkout Overview - Multiple Item Cart",
          "fullFile": "",
          "file": "",
          "beforeHooks": [],
          "afterHooks": [],
          "tests": [
            {
              "title": "[CKO-MULTI-001] should display the first product name and details",
              "fullTitle": "Checkout Overview - Multiple Item Cart [CKO-MULTI-001] should display the first product name and details",
              "timedOut": null,
              "duration": 1997,
              "state": "passed",
              "speed": "fast",
              "pass": true,
              "fail": false,
              "pending": false,
              "context": null,
              "code": "_checkoutOverview.default.verifyProductName(\"Sauce Labs Bike Light\");\n_checkoutOverview.default.verifyProductPrice(\"$9.99\");\n_checkoutOverview.default.verifyQuantity(\"1\");",
              "err": {},
              "uuid": "2316645c-799f-4d04-9730-30019767c7da",
              "parentUUID": "188ae3a8-2730-4e33-9075-37920e735042",
              "isHook": false,
              "skipped": false
            },
            {
              "title": "[CKO-MULTI-002] should display the second product name and details",
              "fullTitle": "Checkout Overview - Multiple Item Cart [CKO-MULTI-002] should display the second product name and details",
              "timedOut": null,
              "duration": 1953,
              "state": "passed",
              "speed": "fast",
              "pass": true,
              "fail": false,
              "pending": false,
              "context": null,
              "code": "_checkoutOverview.default.verifyProductName(\"Sauce Labs Fleece Jacket\");\n_checkoutOverview.default.verifyProductPrice(\"$49.99\");\n_checkoutOverview.default.verifyQuantity(\"1\");",
              "err": {},
              "uuid": "2eeb9fc2-e6e7-4c61-85c2-b1f984718554",
              "parentUUID": "188ae3a8-2730-4e33-9075-37920e735042",
              "isHook": false,
              "skipped": false
            },
            {
              "title": "[CKO-MULTI-003] should display correct payment information",
              "fullTitle": "Checkout Overview - Multiple Item Cart [CKO-MULTI-003] should display correct payment information",
              "timedOut": null,
              "duration": 1898,
              "state": "passed",
              "speed": "fast",
              "pass": true,
              "fail": false,
              "pending": false,
              "context": null,
              "code": "_checkoutOverview.default.verifyPaymentInfo(\"SauceCard #31337\");",
              "err": {},
              "uuid": "ed2561df-3110-40a5-8551-a80ae3c42074",
              "parentUUID": "188ae3a8-2730-4e33-9075-37920e735042",
              "isHook": false,
              "skipped": false
            },
            {
              "title": "[CKO-MULTI-004] should display correct shipping information",
              "fullTitle": "Checkout Overview - Multiple Item Cart [CKO-MULTI-004] should display correct shipping information",
              "timedOut": null,
              "duration": 1908,
              "state": "passed",
              "speed": "fast",
              "pass": true,
              "fail": false,
              "pending": false,
              "context": null,
              "code": "_checkoutOverview.default.verifyShippingMethod(\"Free Pony Express Delivery!\");",
              "err": {},
              "uuid": "ee22d568-878c-4c4a-ae32-fdbdbaca36de",
              "parentUUID": "188ae3a8-2730-4e33-9075-37920e735042",
              "isHook": false,
              "skipped": false
            },
            {
              "title": "[CKO-MULTI-005] should display correct item total for multiple products",
              "fullTitle": "Checkout Overview - Multiple Item Cart [CKO-MULTI-005] should display correct item total for multiple products",
              "timedOut": null,
              "duration": 1943,
              "state": "passed",
              "speed": "fast",
              "pass": true,
              "fail": false,
              "pending": false,
              "context": null,
              "code": "_checkoutOverview.default.verifyItemTotal(\"$59.98\");",
              "err": {},
              "uuid": "947220cc-ce4d-426e-bde7-bce02a3e57ef",
              "parentUUID": "188ae3a8-2730-4e33-9075-37920e735042",
              "isHook": false,
              "skipped": false
            },
            {
              "title": "[CKO-MULTI-006] should display correct tax for multiple products",
              "fullTitle": "Checkout Overview - Multiple Item Cart [CKO-MULTI-006] should display correct tax for multiple products",
              "timedOut": null,
              "duration": 1948,
              "state": "passed",
              "speed": "fast",
              "pass": true,
              "fail": false,
              "pending": false,
              "context": null,
              "code": "_checkoutOverview.default.verifyTax(\"$4.80\");",
              "err": {},
              "uuid": "7f7429db-16ab-4fbe-88c8-47a683ee615c",
              "parentUUID": "188ae3a8-2730-4e33-9075-37920e735042",
              "isHook": false,
              "skipped": false
            },
            {
              "title": "[CKO-MULTI-007] should display correct total for multiple products",
              "fullTitle": "Checkout Overview - Multiple Item Cart [CKO-MULTI-007] should display correct total for multiple products",
              "timedOut": null,
              "duration": 2009,
              "state": "passed",
              "speed": "fast",
              "pass": true,
              "fail": false,
              "pending": false,
              "context": null,
              "code": "_checkoutOverview.default.verifyTotal(\"$64.78\");",
              "err": {},
              "uuid": "89a372f5-edd7-4546-800d-cfa1b6c6e2b3",
              "parentUUID": "188ae3a8-2730-4e33-9075-37920e735042",
              "isHook": false,
              "skipped": false
            },
            {
              "title": "[CKO-MULTI-008] should match calculated total with displayed total",
              "fullTitle": "Checkout Overview - Multiple Item Cart [CKO-MULTI-008] should match calculated total with displayed total",
              "timedOut": null,
              "duration": 1904,
              "state": "passed",
              "speed": "fast",
              "pass": true,
              "fail": false,
              "pending": false,
              "context": null,
              "code": "_checkoutOverview.default.assertTotalMatchesDisplaydTotal(\"$64.78\");",
              "err": {},
              "uuid": "dcf95de8-bd2e-4944-adfb-368f2f828390",
              "parentUUID": "188ae3a8-2730-4e33-9075-37920e735042",
              "isHook": false,
              "skipped": false
            },
            {
              "title": "[CKO-MULTI-009] should show correct cart item count in header",
              "fullTitle": "Checkout Overview - Multiple Item Cart [CKO-MULTI-009] should show correct cart item count in header",
              "timedOut": null,
              "duration": 2001,
              "state": "passed",
              "speed": "fast",
              "pass": true,
              "fail": false,
              "pending": false,
              "context": null,
              "code": "_headerComponent.default.verifyCartItemCount(productsToAdd.length);\n_checkoutOverview.default.verifyFinishButtonIsClickable();\n_checkoutOverview.default.clickFinishButton();\ncy.url().should('include', 'checkout-complete.html');",
              "err": {},
              "uuid": "c7045711-6677-4845-96d6-7c5387b7b282",
              "parentUUID": "188ae3a8-2730-4e33-9075-37920e735042",
              "isHook": false,
              "skipped": false
            }
          ],
          "suites": [],
          "passes": [
            "2316645c-799f-4d04-9730-30019767c7da",
            "2eeb9fc2-e6e7-4c61-85c2-b1f984718554",
            "ed2561df-3110-40a5-8551-a80ae3c42074",
            "ee22d568-878c-4c4a-ae32-fdbdbaca36de",
            "947220cc-ce4d-426e-bde7-bce02a3e57ef",
            "7f7429db-16ab-4fbe-88c8-47a683ee615c",
            "89a372f5-edd7-4546-800d-cfa1b6c6e2b3",
            "dcf95de8-bd2e-4944-adfb-368f2f828390",
            "c7045711-6677-4845-96d6-7c5387b7b282"
          ],
          "failures": [],
          "pending": [],
          "skipped": [],
          "duration": 17561,
          "root": false,
          "rootEmpty": false,
          "_timeout": 2000
        }
      ],
      "passes": [],
      "failures": [],
      "pending": [],
      "skipped": [],
      "duration": 0,
      "root": true,
      "rootEmpty": true,
      "_timeout": 2000
    },
    {
      "uuid": "e9eea4cf-d2df-49a9-9349-fe74ab54bc00",
      "title": "",
      "fullFile": "cypress/e2e/products/productDetail.cy.js",
      "file": "cypress/e2e/products/productDetail.cy.js",
      "beforeHooks": [],
      "afterHooks": [],
      "tests": [],
      "suites": [
        {
          "uuid": "16b75b17-44e5-45e9-b326-9031ded8a7f0",
          "title": "Product Detail Page - UI Verification",
          "fullFile": "",
          "file": "",
          "beforeHooks": [],
          "afterHooks": [],
          "tests": [
            {
              "title": "[PDP-UI-001] should display the product name correctly",
              "fullTitle": "Product Detail Page - UI Verification [PDP-UI-001] should display the product name correctly",
              "timedOut": null,
              "duration": 1119,
              "state": "passed",
              "speed": "fast",
              "pass": true,
              "fail": false,
              "pending": false,
              "context": null,
              "code": "cy.url().should(\"include\", \"/inventory-item.html?id=4\");\n_productDetail.default.verifyProductNameIsVisible();",
              "err": {},
              "uuid": "b6d64d0c-2340-4c4c-aa22-43f59d78e23d",
              "parentUUID": "16b75b17-44e5-45e9-b326-9031ded8a7f0",
              "isHook": false,
              "skipped": false
            },
            {
              "title": "[PDP-UI-002] should display the product description",
              "fullTitle": "Product Detail Page - UI Verification [PDP-UI-002] should display the product description",
              "timedOut": null,
              "duration": 1026,
              "state": "passed",
              "speed": "fast",
              "pass": true,
              "fail": false,
              "pending": false,
              "context": null,
              "code": "_productDetail.default.verifyProductDescriptionIsVisible();",
              "err": {},
              "uuid": "9d94f3f8-d951-4a63-9d2d-42fba5e3c384",
              "parentUUID": "16b75b17-44e5-45e9-b326-9031ded8a7f0",
              "isHook": false,
              "skipped": false
            },
            {
              "title": "[PDP-UI-003] should display the product image",
              "fullTitle": "Product Detail Page - UI Verification [PDP-UI-003] should display the product image",
              "timedOut": null,
              "duration": 963,
              "state": "passed",
              "speed": "fast",
              "pass": true,
              "fail": false,
              "pending": false,
              "context": null,
              "code": "_productDetail.default.verifyProductImageIsVisible();",
              "err": {},
              "uuid": "605d2fca-de67-4e6b-9ea8-f4063483705a",
              "parentUUID": "16b75b17-44e5-45e9-b326-9031ded8a7f0",
              "isHook": false,
              "skipped": false
            },
            {
              "title": "[PDP-UI-004] should display the product price correctly",
              "fullTitle": "Product Detail Page - UI Verification [PDP-UI-004] should display the product price correctly",
              "timedOut": null,
              "duration": 939,
              "state": "passed",
              "speed": "fast",
              "pass": true,
              "fail": false,
              "pending": false,
              "context": null,
              "code": "_productDetail.default.verifyProductPrice(\"$29.99\");",
              "err": {},
              "uuid": "2a220df2-1dc3-4f00-bdfd-71532c504aed",
              "parentUUID": "16b75b17-44e5-45e9-b326-9031ded8a7f0",
              "isHook": false,
              "skipped": false
            },
            {
              "title": "[PDP-UI-005] should display the ADD TO CART button when product is not in cart",
              "fullTitle": "Product Detail Page - UI Verification [PDP-UI-005] should display the ADD TO CART button when product is not in cart",
              "timedOut": null,
              "duration": 936,
              "state": "passed",
              "speed": "fast",
              "pass": true,
              "fail": false,
              "pending": false,
              "context": null,
              "code": "_productDetail.default.verifyAddToCardButtonIsVisible();",
              "err": {},
              "uuid": "47226358-9cd4-4dc8-9955-91abd53f6d55",
              "parentUUID": "16b75b17-44e5-45e9-b326-9031ded8a7f0",
              "isHook": false,
              "skipped": false
            },
            {
              "title": "[PDP-UI-005] should display the 'Back' button",
              "fullTitle": "Product Detail Page - UI Verification [PDP-UI-005] should display the 'Back' button",
              "timedOut": null,
              "duration": 938,
              "state": "passed",
              "speed": "fast",
              "pass": true,
              "fail": false,
              "pending": false,
              "context": null,
              "code": "_productDetail.default.verifyBackButtonIsVisible();",
              "err": {},
              "uuid": "3bbcb018-a13d-4608-b0be-11a652feae22",
              "parentUUID": "16b75b17-44e5-45e9-b326-9031ded8a7f0",
              "isHook": false,
              "skipped": false
            }
          ],
          "suites": [],
          "passes": [
            "b6d64d0c-2340-4c4c-aa22-43f59d78e23d",
            "9d94f3f8-d951-4a63-9d2d-42fba5e3c384",
            "605d2fca-de67-4e6b-9ea8-f4063483705a",
            "2a220df2-1dc3-4f00-bdfd-71532c504aed",
            "47226358-9cd4-4dc8-9955-91abd53f6d55",
            "3bbcb018-a13d-4608-b0be-11a652feae22"
          ],
          "failures": [],
          "pending": [],
          "skipped": [],
          "duration": 5921,
          "root": false,
          "rootEmpty": false,
          "_timeout": 2000
        },
        {
          "uuid": "11011242-5c0b-4ba4-a537-a501897e6a02",
          "title": "Product Detail Page - Add to Cart Functionality",
          "fullFile": "",
          "file": "",
          "beforeHooks": [],
          "afterHooks": [],
          "tests": [
            {
              "title": "[PDP-UI-FUNC-001] should add the product to the cart from PDP",
              "fullTitle": "Product Detail Page - Add to Cart Functionality [PDP-UI-FUNC-001] should add the product to the cart from PDP",
              "timedOut": null,
              "duration": 999,
              "state": "passed",
              "speed": "fast",
              "pass": true,
              "fail": false,
              "pending": false,
              "context": null,
              "code": "_productDetail.default.clickInventoryAddToCart();\n_headerComponent.default.verifyCartItemCount(1);",
              "err": {},
              "uuid": "f8da80dd-3b67-48c2-88cb-344da1f0cd12",
              "parentUUID": "11011242-5c0b-4ba4-a537-a501897e6a02",
              "isHook": false,
              "skipped": false
            },
            {
              "title": "[PDP-UI-FUNC-002] should display 'Remove' button after adding product to cart",
              "fullTitle": "Product Detail Page - Add to Cart Functionality [PDP-UI-FUNC-002] should display 'Remove' button after adding product to cart",
              "timedOut": null,
              "duration": 1025,
              "state": "passed",
              "speed": "fast",
              "pass": true,
              "fail": false,
              "pending": false,
              "context": null,
              "code": "_productDetail.default.clickInventoryAddToCart();\n_productDetail.default.verifyRemoveButtonIsVisible();",
              "err": {},
              "uuid": "f5f201c0-2de6-4748-add2-63b76a373b0f",
              "parentUUID": "11011242-5c0b-4ba4-a537-a501897e6a02",
              "isHook": false,
              "skipped": false
            },
            {
              "title": "[PDP-UI-FUNC-003] should remove the product from the cart from PDP",
              "fullTitle": "Product Detail Page - Add to Cart Functionality [PDP-UI-FUNC-003] should remove the product from the cart from PDP",
              "timedOut": null,
              "duration": 1087,
              "state": "passed",
              "speed": "fast",
              "pass": true,
              "fail": false,
              "pending": false,
              "context": null,
              "code": "cy.log(\"Adding then removing product from cart and verifying cart count\");\n_productDetail.default.clickInventoryAddToCart();\n_headerComponent.default.verifyCartItemCount(1);\n_productDetail.default.clickRemoveButton();\n_headerComponent.default.verifyCartIsEmpty();\n_productDetail.default.verifyAddToCardButtonIsVisible();",
              "err": {},
              "uuid": "85ccf8f8-a8fa-4715-847a-5c872a728497",
              "parentUUID": "11011242-5c0b-4ba4-a537-a501897e6a02",
              "isHook": false,
              "skipped": false
            }
          ],
          "suites": [],
          "passes": [
            "f8da80dd-3b67-48c2-88cb-344da1f0cd12",
            "f5f201c0-2de6-4748-add2-63b76a373b0f",
            "85ccf8f8-a8fa-4715-847a-5c872a728497"
          ],
          "failures": [],
          "pending": [],
          "skipped": [],
          "duration": 3111,
          "root": false,
          "rootEmpty": false,
          "_timeout": 2000
        },
        {
          "uuid": "e80abfab-f24e-48ca-a4e7-1cf71f2bb784",
          "title": "Product Detail Page - Navigation",
          "fullFile": "",
          "file": "",
          "beforeHooks": [],
          "afterHooks": [],
          "tests": [
            {
              "title": "[PDP-UI-NAV-001] should navigate back to the inventory page when 'Back' is clicked",
              "fullTitle": "Product Detail Page - Navigation [PDP-UI-NAV-001] should navigate back to the inventory page when 'Back' is clicked",
              "timedOut": null,
              "duration": 1041,
              "state": "passed",
              "speed": "fast",
              "pass": true,
              "fail": false,
              "pending": false,
              "context": null,
              "code": "cy.log(\"Clicking 'Back to products' button and verifying URL\");\n_productDetail.default.clickBackButton();\ncy.url().should(\"include\", \"/inventory.html\");\n_inventory.default.verifyLayoutElementsAreVisible();",
              "err": {},
              "uuid": "bc46fd94-1b0e-4592-81f0-d439ef45f517",
              "parentUUID": "e80abfab-f24e-48ca-a4e7-1cf71f2bb784",
              "isHook": false,
              "skipped": false
            }
          ],
          "suites": [],
          "passes": [
            "bc46fd94-1b0e-4592-81f0-d439ef45f517"
          ],
          "failures": [],
          "pending": [],
          "skipped": [],
          "duration": 1041,
          "root": false,
          "rootEmpty": false,
          "_timeout": 2000
        }
      ],
      "passes": [],
      "failures": [],
      "pending": [],
      "skipped": [],
      "duration": 0,
      "root": true,
      "rootEmpty": true,
      "_timeout": 2000
    },
    {
      "uuid": "ed706451-27c5-4a6a-9cf2-e202ad9312cc",
      "title": "",
      "fullFile": "cypress/e2e/products/sidebarMenu.cy.js",
      "file": "cypress/e2e/products/sidebarMenu.cy.js",
      "beforeHooks": [],
      "afterHooks": [],
      "tests": [],
      "suites": [
        {
          "uuid": "af73582f-9b88-4966-b283-e736be7b80fc",
          "title": "Sidebar Menu Functionality",
          "fullFile": "",
          "file": "",
          "beforeHooks": [],
          "afterHooks": [],
          "tests": [],
          "suites": [
            {
              "uuid": "eb1d954a-8b6a-4daa-b773-d789e7199ca4",
              "title": "Sidebar Visibility and Basic Interaction",
              "fullFile": "",
              "file": "",
              "beforeHooks": [],
              "afterHooks": [],
              "tests": [
                {
                  "title": "[SB-UI-001] should open the sidebar menu when the menu button is clicked",
                  "fullTitle": "Sidebar Menu Functionality Sidebar Visibility and Basic Interaction [SB-UI-001] should open the sidebar menu when the menu button is clicked",
                  "timedOut": null,
                  "duration": 1218,
                  "state": "passed",
                  "speed": "fast",
                  "pass": true,
                  "fail": false,
                  "pending": false,
                  "context": null,
                  "code": "_sidebarMenu.default.verifySidebarIsVisible();",
                  "err": {},
                  "uuid": "5157fee3-0c51-4e47-b5c9-4906f1c32d21",
                  "parentUUID": "eb1d954a-8b6a-4daa-b773-d789e7199ca4",
                  "isHook": false,
                  "skipped": false
                },
                {
                  "title": "[SB-UI-002] should display all sidebar menu options when open",
                  "fullTitle": "Sidebar Menu Functionality Sidebar Visibility and Basic Interaction [SB-UI-002] should display all sidebar menu options when open",
                  "timedOut": null,
                  "duration": 1039,
                  "state": "passed",
                  "speed": "fast",
                  "pass": true,
                  "fail": false,
                  "pending": false,
                  "context": null,
                  "code": "_sidebarMenu.default.verifyAllSidebarMenuOptionsAreVisible();",
                  "err": {},
                  "uuid": "105fc8a9-88b3-4935-9e5f-560774d96115",
                  "parentUUID": "eb1d954a-8b6a-4daa-b773-d789e7199ca4",
                  "isHook": false,
                  "skipped": false
                },
                {
                  "title": "[SB-UI-003] should close the sidebar menu when the \"X\" (close) icon is clicked",
                  "fullTitle": "Sidebar Menu Functionality Sidebar Visibility and Basic Interaction [SB-UI-003] should close the sidebar menu when the \"X\" (close) icon is clicked",
                  "timedOut": null,
                  "duration": 970,
                  "state": "passed",
                  "speed": "fast",
                  "pass": true,
                  "fail": false,
                  "pending": false,
                  "context": null,
                  "code": "_sidebarMenu.default.verifySidebarClosed();",
                  "err": {},
                  "uuid": "23960db1-61f6-4b62-94fe-b905b60d0742",
                  "parentUUID": "eb1d954a-8b6a-4daa-b773-d789e7199ca4",
                  "isHook": false,
                  "skipped": false
                }
              ],
              "suites": [],
              "passes": [
                "5157fee3-0c51-4e47-b5c9-4906f1c32d21",
                "105fc8a9-88b3-4935-9e5f-560774d96115",
                "23960db1-61f6-4b62-94fe-b905b60d0742"
              ],
              "failures": [],
              "pending": [],
              "skipped": [],
              "duration": 3227,
              "root": false,
              "rootEmpty": false,
              "_timeout": 2000
            },
            {
              "uuid": "3ca98c3d-9f47-40bf-9bb7-d3f117ca5229",
              "title": "Sidebar Navigation Links",
              "fullFile": "",
              "file": "",
              "beforeHooks": [],
              "afterHooks": [],
              "tests": [],
              "suites": [
                {
                  "uuid": "312dc1b6-85e9-4c57-a9ef-69c4afb09cca",
                  "title": "\"All Items\" Link",
                  "fullFile": "",
                  "file": "",
                  "beforeHooks": [],
                  "afterHooks": [],
                  "tests": [
                    {
                      "title": "[SB-UI-NAV-001] should navigate to the product listing page URL when \"All Items\" is clicked",
                      "fullTitle": "Sidebar Menu Functionality Sidebar Navigation Links \"All Items\" Link [SB-UI-NAV-001] should navigate to the product listing page URL when \"All Items\" is clicked",
                      "timedOut": null,
                      "duration": 1353,
                      "state": "passed",
                      "speed": "fast",
                      "pass": true,
                      "fail": false,
                      "pending": false,
                      "context": null,
                      "code": "cy.url().should(\"include\", \"inventory.html\");",
                      "err": {},
                      "uuid": "490b1c28-81f9-40fd-950e-c2ce1de602dc",
                      "parentUUID": "312dc1b6-85e9-4c57-a9ef-69c4afb09cca",
                      "isHook": false,
                      "skipped": false
                    },
                    {
                      "title": "[SB-UI-002] should display products on the product listing page after navigating via \"All Items\"",
[...]
                      "pending": false,
                      "context": null,
                      "code": "cy.url().should(\"include\", \"inventory.html\");",
                      "err": {},
                      "uuid": "5b750df1-1dd8-4098-961f-50c6f8236481",
                      "parentUUID": "2e5c7e39-765a-4257-a366-07950be75f74",
                      "isHook": false,
                      "skipped": false
                    },
                    {
                      "title": "[SB-UI-002] should display products on the product listing page after navigating via \"All Items\"",
                      "fullTitle": "Sidebar Menu Functionality Sidebar Navigation Links \"All Items\" Link [SB-UI-002] should display products on the product listing page after navigating via \"All Items\"",
                      "timedOut": null,
                      "duration": 1426,
                      "state": "passed",
                      "speed": "fast",
                      "pass": true,
                      "fail": false,
                      "pending": false,
                      "context": null,
                      "code": "_inventory.default.verifyProductCount(6);",
                      "err": {},
                      "uuid": "f7179a7c-a1bf-4e23-bcef-4752e317a1ea",
                      "parentUUID": "2e5c7e39-765a-4257-a366-07950be75f74",
                      "isHook": false,
                      "skipped": false
                    }
                  ],
                  "suites": [],
                  "passes": [
                    "5b750df1-1dd8-4098-961f-50c6f8236481",
                    "f7179a7c-a1bf-4e23-bcef-4752e317a1ea"
                  ],
                  "failures": [],
                  "pending": [],
                  "skipped": [],
                  "duration": 2789,
                  "root": false,
                  "rootEmpty": false,
                  "_timeout": 2000
                },
                {
                  "uuid": "b36d7cf1-eda3-4cb5-99c4-74fd11b24e98",
                  "title": "\"About\" Link",
                  "fullFile": "",
                  "file": "",
                  "beforeHooks": [],
                  "afterHooks": [],
                  "tests": [
                    {
                      "title": "[SB-UI-001] should ensure the \"About\" sidebar link has the correct href attribute",
                      "fullTitle": "Sidebar Menu Functionality Sidebar Navigation Links \"About\" Link [SB-UI-001] should ensure the \"About\" sidebar link has the correct href attribute",
                      "timedOut": null,
                      "duration": 1094,
                      "state": "passed",
                      "speed": "fast",
                      "pass": true,
                      "fail": false,
                      "pending": false,
                      "context": null,
                      "code": "_sidebarMenu.default.verifyAboutLinkUrlIsCorrect();",
                      "err": {},
                      "uuid": "404108dd-f8be-475b-9a1f-508629cdb0b0",
                      "parentUUID": "b36d7cf1-eda3-4cb5-99c4-74fd11b24e98",
                      "isHook": false,
                      "skipped": false
                    },
                    {
                      "title": "[SB-API-002] should verify the \"About\" link URL is accessible and returns a 200 status",
                      "fullTitle": "Sidebar Menu Functionality Sidebar Navigation Links \"About\" Link [SB-API-002] should verify the \"About\" link URL is accessible and returns a 200 status",
                      "timedOut": null,
                      "duration": 1419,
                      "state": "passed",
                      "speed": "fast",
                      "pass": true,
                      "fail": false,
                      "pending": false,
                      "context": null,
                      "code": "_sidebarMenu.default.verifyAboutLinkIsReachable();",
                      "err": {},
                      "uuid": "894b382d-d1ae-4621-9517-539e566ebcf2",
                      "parentUUID": "b36d7cf1-eda3-4cb5-99c4-74fd11b24e98",
                      "isHook": false,
                      "skipped": false
                    }
                  ],
                  "suites": [],
                  "passes": [
                    "404108dd-f8be-475b-9a1f-508629cdb0b0",
                    "894b382d-d1ae-4621-9517-539e566ebcf2"
                  ],
                  "failures": [],
                  "pending": [],
                  "skipped": [],
                  "duration": 2513,
                  "root": false,
                  "rootEmpty": false,
                  "_timeout": 2000
                },
                {
                  "uuid": "7c36c986-1eeb-43db-8eea-344e5e80ea2b",
                  "title": "\"Logout\" Link",
                  "fullFile": "",
                  "file": "",
                  "beforeHooks": [],
                  "afterHooks": [],
                  "tests": [
                    {
                      "title": "[SB-UI-001] should navigate to the login page URL when \"Logout\" is clicked",
                      "fullTitle": "Sidebar Menu Functionality Sidebar Navigation Links \"Logout\" Link [SB-UI-001] should navigate to the login page URL when \"Logout\" is clicked",
                      "timedOut": null,
                      "duration": 1352,
                      "state": "passed",
                      "speed": "fast",
                      "pass": true,
                      "fail": false,
                      "pending": false,
                      "context": null,
                      "code": "cy.url().should(\"include\", \"https://www.saucedemo.com/\");",
                      "err": {},
                      "uuid": "f3092354-4e86-42ee-8c1b-30be0164c52e",
                      "parentUUID": "7c36c986-1eeb-43db-8eea-344e5e80ea2b",
                      "isHook": false,
                      "skipped": false
                    },
                    {
                      "title": "[SB-UI-002] should display the login form after \"Logout\" is clicked",
                      "fullTitle": "Sidebar Menu Functionality Sidebar Navigation Links \"Logout\" Link [SB-UI-002] should display the login form after \"Logout\" is clicked",
                      "timedOut": null,
                      "duration": 1382,
                      "state": "passed",
                      "speed": "fast",
                      "pass": true,
                      "fail": false,
                      "pending": false,
                      "context": null,
                      "code": "_login.default.verifyLoginFormIsVisible();",
                      "err": {},
                      "uuid": "0d4a8ef8-8306-4b6d-be00-7bd1b07e2c64",
                      "parentUUID": "7c36c986-1eeb-43db-8eea-344e5e80ea2b",
                      "isHook": false,
                      "skipped": false
                    }
                  ],
                  "suites": [],
                  "passes": [
                    "f3092354-4e86-42ee-8c1b-30be0164c52e",
                    "0d4a8ef8-8306-4b6d-be00-7bd1b07e2c64"
                  ],
                  "failures": [],
                  "pending": [],
                  "skipped": [],
                  "duration": 2734,
                  "root": false,
                  "rootEmpty": false,
                  "_timeout": 2000
                }
              ],
              "passes": [],
              "failures": [],
              "pending": [],
              "skipped": [],
              "duration": 0,
              "root": false,
              "rootEmpty": false,
              "_timeout": 2000
            },
            {
              "uuid": "679ff270-41f9-4ea4-a564-353be9ebf6f7",
              "title": "Sidebar Action Links",
              "fullFile": "",
              "file": "",
              "beforeHooks": [],
              "afterHooks": [],
              "tests": [],
              "suites": [
                {
                  "uuid": "fb75c87b-da30-444b-9786-9e291ac5c7c5",
                  "title": "\"Reset App State\" Link",
                  "fullFile": "",
                  "file": "",
                  "beforeHooks": [],
                  "afterHooks": [],
                  "tests": [
                    {
                      "title": "[SB-UI-001] should clear the cart immediately after \"Reset App State\" is clicked",
                      "fullTitle": "Sidebar Menu Functionality Sidebar Action Links \"Reset App State\" Link [SB-UI-001] should clear the cart immediately after \"Reset App State\" is clicked",
                      "timedOut": null,
                      "duration": 1426,
                      "state": "passed",
                      "speed": "fast",
                      "pass": true,
                      "fail": false,
                      "pending": false,
                      "context": null,
                      "code": "_headerComponent.default.verifyCartIsEmpty();",
                      "err": {},
                      "uuid": "c6188117-ed35-40b2-b086-af556718f489",
                      "parentUUID": "fb75c87b-da30-444b-9786-9e291ac5c7c5",
                      "isHook": false,
                      "skipped": false
                    },
                    {
                      "title": "[SB-UI-002] should ensure the cart remains empty after \"Reset App State\" and a page reload",
                      "fullTitle": "Sidebar Menu Functionality Sidebar Action Links \"Reset App State\" Link [SB-UI-002] should ensure the cart remains empty after \"Reset App State\" and a page reload",
                      "timedOut": null,
                      "duration": 1618,
                      "state": "passed",
                      "speed": "fast",
                      "pass": true,
                      "fail": false,
                      "pending": false,
                      "context": null,
                      "code": "_headerComponent.default.verifyCartIsEmpty();\ncy.reload();\n_headerComponent.default.verifyCartIsEmpty();",
                      "err": {},
                      "uuid": "b7d3b363-0448-4ba7-bc92-41884546ed57",
                      "parentUUID": "fb75c87b-da30-444b-9786-9e291ac5c7c5",
                      "isHook": false,
                      "skipped": false
                    }
                  ],
                  "suites": [],
                  "passes": [
                    "c6188117-ed35-40b2-b086-af556718f489",
                    "b7d3b363-0448-4ba7-bc92-41884546ed57"
                  ],
                  "failures": [],
                  "pending": [],
                  "skipped": [],
                  "duration": 3044,
                  "root": false,
                  "rootEmpty": false,
                  "_timeout": 2000
                }
              ],
              "passes": [],
              "failures": [],
              "pending": [],
              "skipped": [],
              "duration": 0,
              "root": false,
              "rootEmpty": false,
              "_timeout": 2000
            }
          ],
          "passes": [],
          "failures": [],
          "pending": [],
          "skipped": [],
          "duration": 0,
          "root": false,
          "rootEmpty": false,
          "_timeout": 2000
        }
      ],
      "passes": [],
      "failures": [],
      "pending": [],
      "skipped": [],
      "duration": 0,
      "root": true,
      "rootEmpty": true,
      "_timeout": 2000
    },
    {
      "uuid": "e73385b3-1162-4f83-9d78-4afc376a4b86",
      "title": "",
      "fullFile": "cypress/e2e/login/negative-login.cy.js",
      "file": "cypress/e2e/login/negative-login.cy.js",
      "beforeHooks": [],
      "afterHooks": [],
      "tests": [],
      "suites": [
        {
          "uuid": "b259184b-4266-448e-9574-f4780dfc3c2c",
          "title": "UI: Login Functionality - Negative Tests",
          "fullFile": "",
          "file": "",
          "beforeHooks": [],
          "afterHooks": [],
          "tests": [
            {
              "title": "[LOGIN-UI-NEG-001] should show correct error for valid username and invalid password",
              "fullTitle": "UI: Login Functionality - Negative Tests [LOGIN-UI-NEG-001] should show correct error for valid username and invalid password",
              "timedOut": null,
              "duration": 1640,
              "state": "passed",
              "speed": "fast",
              "pass": true,
              "fail": false,
              "pending": false,
              "context": null,
              "code": "_login.default.login(Cypress.env(\"standardUsername\"), \"invalidPassword\");\n_login.default.assertLoginErrorMessageIsDisplayed(\"Username and password do not match any user in this service\");",
              "err": {},
              "uuid": "3ae66bff-6ef7-4758-987b-da80b4218757",
              "parentUUID": "b259184b-4266-448e-9574-f4780dfc3c2c",
              "isHook": false,
              "skipped": false
            },
            {
              "title": "[LOGIN-UI-NEG-004] should show 'Password is required' for valid username and empty password",
              "fullTitle": "UI: Login Functionality - Negative Tests [LOGIN-UI-NEG-004] should show 'Password is required' for valid username and empty password",
              "timedOut": null,
              "duration": 807,
              "state": "passed",
              "speed": "fast",
              "pass": true,
              "fail": false,
              "pending": false,
              "context": null,
              "code": "_login.default.login(Cypress.env(\"standardUsername\"), \"\");\n_login.default.assertLoginErrorMessageIsDisplayed(\"Password is required\");",
              "err": {},
              "uuid": "a17bb88b-e77b-40be-9366-e381e72975eb",
              "parentUUID": "b259184b-4266-448e-9574-f4780dfc3c2c",
              "isHook": false,
              "skipped": false
            },
            {
              "title": "[LOGIN-UI-NEG-005] should show 'Username is required' for empty username and valid password",
              "fullTitle": "UI: Login Functionality - Negative Tests [LOGIN-UI-NEG-005] should show 'Username is required' for empty username and valid password",
              "timedOut": null,
              "duration": 680,
              "state": "passed",
              "speed": "fast",
              "pass": true,
              "fail": false,
              "pending": false,
              "context": null,
              "code": "_login.default.login(\"\", Cypress.env(\"standardPassword\"));\n_login.default.assertLoginErrorMessageIsDisplayed(\"Username is required\");",
              "err": {},
              "uuid": "0c346e8a-6a38-4f0b-9f0c-21fe599a8a59",
              "parentUUID": "b259184b-4266-448e-9574-f4780dfc3c2c",
              "isHook": false,
              "skipped": false
            },
            {
              "title": "[LOGIN-UI-NEG-006] should show 'Username is required' for empty username and empty password",
              "fullTitle": "UI: Login Functionality - Negative Tests [LOGIN-UI-NEG-006] should show 'Username is required' for empty username and empty password",
              "timedOut": null,
              "duration": 455,
              "state": "passed",
              "speed": "fast",
              "pass": true,
              "fail": false,
              "pending": false,
              "context": null,
              "code": "_login.default.login(\"\", \"\");\n_login.default.assertLoginErrorMessageIsDisplayed(\"Epic sadface: Username is required\");",
              "err": {},
              "uuid": "9d8b242c-193f-4739-b075-1d8b5ee4d9b7",
              "parentUUID": "b259184b-4266-448e-9574-f4780dfc3c2c",
              "isHook": false,
              "skipped": false
            }
          ],
          "suites": [
            {
              "uuid": "61a5d155-408b-4b37-89b2-fa71e4368831",
              "title": "Scenario: Invalid Username and Valid Password",
              "fullFile": "",
              "file": "",
              "beforeHooks": [],
              "afterHooks": [],
              "tests": [
                {
                  "title": "[LOGIN-UI-NEG-OO2] should show an error message",
                  "fullTitle": "UI: Login Functionality - Negative Tests Scenario: Invalid Username and Valid Password [LOGIN-UI-NEG-OO2] should show an error message",
                  "timedOut": null,
                  "duration": 903,
                  "state": "passed",
                  "speed": "fast",
                  "pass": true,
                  "fail": false,
                  "pending": false,
                  "context": null,
                  "code": "_login.default.assertLoginErrorMessageIsDisplayed(\"Epic sadface: Username and password do not match any user in this service\");",
                  "err": {},
                  "uuid": "4af25353-732d-4315-813f-fd663b7483d1",
                  "parentUUID": "61a5d155-408b-4b37-89b2-fa71e4368831",
                  "isHook": false,
                  "skipped": false
                },
                {
                  "title": "[LOGIN-UI-NEG-003] should allow closing the error message",
                  "fullTitle": "UI: Login Functionality - Negative Tests Scenario: Invalid Username and Valid Password [LOGIN-UI-NEG-003] should allow closing the error message",
                  "timedOut": null,
                  "duration": 991,
                  "state": "passed",
                  "speed": "fast",
                  "pass": true,
                  "fail": false,
                  "pending": false,
                  "context": null,
                  "code": "_login.default.assertLoginErrorMessageIsDisplayed(\"Epic sadface: Username and password do not match any user in this service\");\n_login.default.closeLoginErrorMessage();\n_login.default.verifyLoginErrorMessageIsNotVisible();",
                  "err": {},
                  "uuid": "963fadeb-8eb1-42b5-a1e6-5b3be4b662cd",
                  "parentUUID": "61a5d155-408b-4b37-89b2-fa71e4368831",
                  "isHook": false,
                  "skipped": false
                }
              ],
              "suites": [],
              "passes": [
                "4af25353-732d-4315-813f-fd663b7483d1",
                "963fadeb-8eb1-42b5-a1e6-5b3be4b662cd"
              ],
              "failures": [],
              "pending": [],
              "skipped": [],
              "duration": 1894,
              "root": false,
              "rootEmpty": false,
              "_timeout": 2000
            }
          ],
          "passes": [
            "3ae66bff-6ef7-4758-987b-da80b4218757",
            "a17bb88b-e77b-40be-9366-e381e72975eb",
            "0c346e8a-6a38-4f0b-9f0c-21fe599a8a59",
            "9d8b242c-193f-4739-b075-1d8b5ee4d9b7"
          ],
          "failures": [],
          "pending": [],
          "skipped": [],
          "duration": 3582,
          "root": false,
          "rootEmpty": false,
          "_timeout": 2000
        }
      ],
      "passes": [],
      "failures": [],
      "pending": [],
      "skipped": [],
      "duration": 0,
      "root": true,
      "rootEmpty": true,
      "_timeout": 2000
    }
  ],
  "meta": {
    "mocha": {
      "version": "7.2.0"
    },
    "mochawesome": {
      "options": {
        "quiet": false,
        "reportFilename": "mochawesome",
        "saveHtml": false,
        "saveJson": true,
        "consoleReporter": "spec",
        "useInlineDiffs": false,
        "code": true
      },
      "version": "7.1.3"
    },
    "marge": {
      "options": {
        "charts": true,
        "reportDir": "cypress/reports/mochawesome",
        "overwrite": false,
        "html": false,
        "json": true
      },
      "version": "6.2.0"
    }
  }
}