{
  "stats": {
    "suites": 8,
    "tests": 11,
    "passes": 11,
    "pending": 0,
    "failures": 0,
    "start": "2025-05-22T04:32:36.350Z",
    "end": "2025-05-22T04:32:51.183Z",
    "duration": 14833,
    "testsRegistered": 11,
    "passPercent": 100,
    "pendingPercent": 0,
    "other": 0,
    "hasOther": false,
    "skipped": 0,
    "hasSkipped": false
  },
  "results": [
    {
      "uuid": "715dab95-e028-45f0-a4b2-9d47427c717d",
      "title": "",
      "fullFile": "cypress/e2e/products/sidebarMenu.cy.js",
      "file": "cypress/e2e/products/sidebarMenu.cy.js",
      "beforeHooks": [],
      "afterHooks": [],
      "tests": [],
      "suites": [
        {
          "uuid": "b74ac542-9174-4539-85ec-682ce43e9071",
          "title": "Sidebar Menu Functionality",
          "fullFile": "",
          "file": "",
          "beforeHooks": [],
          "afterHooks": [],
          "tests": [],
          "suites": [
            {
              "uuid": "9bf6d53c-8526-4820-a8dd-6f8cf1946bf2",
              "title": "Sidebar Visibility and Basic Interaction",
              "fullFile": "",
              "file": "",
              "beforeHooks": [],
              "afterHooks": [],
              "tests": [
                {
                  "title": "[SB-UI-001] should open the sidebar menu when the menu button is clicked",
                  "fullTitle": "Sidebar Menu Functionality Sidebar Visibility and Basic Interaction [SB-UI-001] should open the sidebar menu when the menu button is clicked",
                  "timedOut": null,
                  "duration": 1279,
                  "state": "passed",
                  "speed": "fast",
                  "pass": true,
                  "fail": false,
                  "pending": false,
                  "context": null,
                  "code": "_sidebarMenu.default.verifySidebarIsVisible();",
                  "err": {},
                  "uuid": "d6131c32-62b4-49ce-8167-5178af8bdd13",
                  "parentUUID": "9bf6d53c-8526-4820-a8dd-6f8cf1946bf2",
                  "isHook": false,
                  "skipped": false
                },
                {
                  "title": "[SB-UI-002] should display all sidebar menu options when open",
                  "fullTitle": "Sidebar Menu Functionality Sidebar Visibility and Basic Interaction [SB-UI-002] should display all sidebar menu options when open",
                  "timedOut": null,
                  "duration": 1068,
                  "state": "passed",
                  "speed": "fast",
                  "pass": true,
                  "fail": false,
                  "pending": false,
                  "context": null,
                  "code": "_sidebarMenu.default.verifyAllSidebarMenuOptionsAreVisible();",
                  "err": {},
                  "uuid": "d693828e-486c-49c4-b1ce-ed1c33f249c8",
                  "parentUUID": "9bf6d53c-8526-4820-a8dd-6f8cf1946bf2",
                  "isHook": false,
                  "skipped": false
                },
                {
                  "title": "[SB-UI-003] should close the sidebar menu when the \"X\" (close) icon is clicked",
                  "fullTitle": "Sidebar Menu Functionality Sidebar Visibility and Basic Interaction [SB-UI-003] should close the sidebar menu when the \"X\" (close) icon is clicked",
                  "timedOut": null,
                  "duration": 1012,
                  "state": "passed",
                  "speed": "fast",
                  "pass": true,
                  "fail": false,
                  "pending": false,
                  "context": null,
                  "code": "_sidebarMenu.default.verifySidebarClosed();",
                  "err": {},
                  "uuid": "ef386cbd-13c1-46de-9751-f1acebbd4752",
                  "parentUUID": "9bf6d53c-8526-4820-a8dd-6f8cf1946bf2",
                  "isHook": false,
                  "skipped": false
                }
              ],
              "suites": [],
              "passes": [
                "d6131c32-62b4-49ce-8167-5178af8bdd13",
                "d693828e-486c-49c4-b1ce-ed1c33f249c8",
                "ef386cbd-13c1-46de-9751-f1acebbd4752"
              ],
              "failures": [],
              "pending": [],
              "skipped": [],
              "duration": 3359,
              "root": false,
              "rootEmpty": false,
              "_timeout": 2000
            },
            {
              "uuid": "4046ab2f-2157-4df4-b0eb-c38aba990e65",
              "title": "Sidebar Navigation Links",
              "fullFile": "",
              "file": "",
              "beforeHooks": [],
              "afterHooks": [],
              "tests": [],
              "suites": [
                {
                  "uuid": "2e5c7e39-765a-4257-a366-07950be75f74",
                  "title": "\"All Items\" Link",
                  "fullFile": "",
                  "file": "",
                  "beforeHooks": [],
                  "afterHooks": [],
                  "tests": [
                    {
                      "title": "[SB-UI-NAV-001] should navigate to the product listing page URL when \"All Items\" is clicked",
                      "fullTitle": "Sidebar Menu Functionality Sidebar Navigation Links \"All Items\" Link [SB-UI-NAV-001] should navigate to the product listing page URL when \"All Items\" is clicked",
                      "timedOut": null,
                      "duration": 1363,
                      "state": "passed",
                      "speed": "fast",
                      "pass": true,
                      "fail": false,
                      "pending": false,
                      "context": null,
                      "code": "cy.url().should(\"include\", \"inventory.html\");",
                      "err": {},
                      "uuid": "5b750df1-1dd8-4098-961f-50c6f8236481",
                      "parentUUID": "2e5c7e39-765a-4257-a366-07950be75f74",
                      "isHook": false,
                      "skipped": false
                    },
                    {
                      "title": "[SB-UI-002] should display products on the product listing page after navigating via \"All Items\"",
                      "fullTitle": "Sidebar Menu Functionality Sidebar Navigation Links \"All Items\" Link [SB-UI-002] should display products on the product listing page after navigating via \"All Items\"",
                      "timedOut": null,
                      "duration": 1426,
                      "state": "passed",
                      "speed": "fast",
                      "pass": true,
                      "fail": false,
                      "pending": false,
                      "context": null,
                      "code": "_inventory.default.verifyProductCount(6);",
                      "err": {},
                      "uuid": "f7179a7c-a1bf-4e23-bcef-4752e317a1ea",
                      "parentUUID": "2e5c7e39-765a-4257-a366-07950be75f74",
                      "isHook": false,
                      "skipped": false
                    }
                  ],
                  "suites": [],
                  "passes": [
                    "5b750df1-1dd8-4098-961f-50c6f8236481",
                    "f7179a7c-a1bf-4e23-bcef-4752e317a1ea"
                  ],
                  "failures": [],
                  "pending": [],
                  "skipped": [],
                  "duration": 2789,
                  "root": false,
                  "rootEmpty": false,
                  "_timeout": 2000
                },
                {
                  "uuid": "b36d7cf1-eda3-4cb5-99c4-74fd11b24e98",
                  "title": "\"About\" Link",
                  "fullFile": "",
                  "file": "",
                  "beforeHooks": [],
                  "afterHooks": [],
                  "tests": [
                    {
                      "title": "[SB-UI-001] should ensure the \"About\" sidebar link has the correct href attribute",
                      "fullTitle": "Sidebar Menu Functionality Sidebar Navigation Links \"About\" Link [SB-UI-001] should ensure the \"About\" sidebar link has the correct href attribute",
                      "timedOut": null,
                      "duration": 1094,
                      "state": "passed",
                      "speed": "fast",
                      "pass": true,
                      "fail": false,
                      "pending": false,
                      "context": null,
                      "code": "_sidebarMenu.default.verifyAboutLinkUrlIsCorrect();",
                      "err": {},
                      "uuid": "404108dd-f8be-475b-9a1f-508629cdb0b0",
                      "parentUUID": "b36d7cf1-eda3-4cb5-99c4-74fd11b24e98",
                      "isHook": false,
                      "skipped": false
                    },
                    {
                      "title": "[SB-API-002] should verify the \"About\" link URL is accessible and returns a 200 status",
                      "fullTitle": "Sidebar Menu Functionality Sidebar Navigation Links \"About\" Link [SB-API-002] should verify the \"About\" link URL is accessible and returns a 200 status",
                      "timedOut": null,
                      "duration": 1419,
                      "state": "passed",
                      "speed": "fast",
                      "pass": true,
                      "fail": false,
                      "pending": false,
                      "context": null,
                      "code": "_sidebarMenu.default.verifyAboutLinkIsReachable();",
                      "err": {},
                      "uuid": "894b382d-d1ae-4621-9517-539e566ebcf2",
                      "parentUUID": "b36d7cf1-eda3-4cb5-99c4-74fd11b24e98",
                      "isHook": false,
                      "skipped": false
                    }
                  ],
                  "suites": [],
                  "passes": [
                    "404108dd-f8be-475b-9a1f-508629cdb0b0",
                    "894b382d-d1ae-4621-9517-539e566ebcf2"
                  ],
                  "failures": [],
                  "pending": [],
                  "skipped": [],
                  "duration": 2513,
                  "root": false,
                  "rootEmpty": false,
                  "_timeout": 2000
                },
                {
                  "uuid": "7c36c986-1eeb-43db-8eea-344e5e80ea2b",
                  "title": "\"Logout\" Link",
                  "fullFile": "",
                  "file": "",
                  "beforeHooks": [],
                  "afterHooks": [],
                  "tests": [
                    {
                      "title": "[SB-UI-001] should navigate to the login page URL when \"Logout\" is clicked",
                      "fullTitle": "Sidebar Menu Functionality Sidebar Navigation Links \"Logout\" Link [SB-UI-001] should navigate to the login page URL when \"Logout\" is clicked",
                      "timedOut": null,
                      "duration": 1352,
                      "state": "passed",
                      "speed": "fast",
                      "pass": true,
                      "fail": false,
                      "pending": false,
                      "context": null,
                      "code": "cy.url().should(\"include\", \"https://www.saucedemo.com/\");",
                      "err": {},
                      "uuid": "f3092354-4e86-42ee-8c1b-30be0164c52e",
                      "parentUUID": "7c36c986-1eeb-43db-8eea-344e5e80ea2b",
                      "isHook": false,
                      "skipped": false
                    },
                    {
                      "title": "[SB-UI-002] should display the login form after \"Logout\" is clicked",
                      "fullTitle": "Sidebar Menu Functionality Sidebar Navigation Links \"Logout\" Link [SB-UI-002] should display the login form after \"Logout\" is clicked",
                      "timedOut": null,
                      "duration": 1382,
                      "state": "passed",
                      "speed": "fast",
                      "pass": true,
                      "fail": false,
                      "pending": false,
                      "context": null,
                      "code": "_login.default.verifyLoginFormIsVisible();",
                      "err": {},
                      "uuid": "0d4a8ef8-8306-4b6d-be00-7bd1b07e2c64",
                      "parentUUID": "7c36c986-1eeb-43db-8eea-344e5e80ea2b",
                      "isHook": false,
                      "skipped": false
                    }
                  ],
                  "suites": [],
                  "passes": [
                    "f3092354-4e86-42ee-8c1b-30be0164c52e",
                    "0d4a8ef8-8306-4b6d-be00-7bd1b07e2c64"
                  ],
                  "failures": [],
                  "pending": [],
                  "skipped": [],
                  "duration": 2734,
                  "root": false,
                  "rootEmpty": false,
                  "_timeout": 2000
                }
              ],
              "passes": [],
              "failures": [],
              "pending": [],
              "skipped": [],
              "duration": 0,
              "root": false,
              "rootEmpty": false,
              "_timeout": 2000
            },
            {
              "uuid": "679ff270-41f9-4ea4-a564-353be9ebf6f7",
              "title": "Sidebar Action Links",
              "fullFile": "",
              "file": "",
              "beforeHooks": [],
              "afterHooks": [],
              "tests": [],
              "suites": [
                {
                  "uuid": "fb75c87b-da30-444b-9786-9e291ac5c7c5",
                  "title": "\"Reset App State\" Link",
                  "fullFile": "",
                  "file": "",
                  "beforeHooks": [],
                  "afterHooks": [],
                  "tests": [
                    {
                      "title": "[SB-UI-001] should clear the cart immediately after \"Reset App State\" is clicked",
                      "fullTitle": "Sidebar Menu Functionality Sidebar Action Links \"Reset App State\" Link [SB-UI-001] should clear the cart immediately after \"Reset App State\" is clicked",
                      "timedOut": null,
                      "duration": 1426,
                      "state": "passed",
                      "speed": "fast",
                      "pass": true,
                      "fail": false,
                      "pending": false,
                      "context": null,
                      "code": "_headerComponent.default.verifyCartIsEmpty();",
                      "err": {},
                      "uuid": "c6188117-ed35-40b2-b086-af556718f489",
                      "parentUUID": "fb75c87b-da30-444b-9786-9e291ac5c7c5",
                      "isHook": false,
                      "skipped": false
                    },
                    {
                      "title": "[SB-UI-002] should ensure the cart remains empty after \"Reset App State\" and a page reload",
                      "fullTitle": "Sidebar Menu Functionality Sidebar Action Links \"Reset App State\" Link [SB-UI-002] should ensure the cart remains empty after \"Reset App State\" and a page reload",
                      "timedOut": null,
                      "duration": 1618,
                      "state": "passed",
                      "speed": "fast",
                      "pass": true,
                      "fail": false,
                      "pending": false,
                      "context": null,
                      "code": "_headerComponent.default.verifyCartIsEmpty();\ncy.reload();\n_headerComponent.default.verifyCartIsEmpty();",
                      "err": {},
                      "uuid": "b7d3b363-0448-4ba7-bc92-41884546ed57",
                      "parentUUID": "fb75c87b-da30-444b-9786-9e291ac5c7c5",
                      "isHook": false,
                      "skipped": false
                    }
                  ],
                  "suites": [],
                  "passes": [
                    "c6188117-ed35-40b2-b086-af556718f489",
                    "b7d3b363-0448-4ba7-bc92-41884546ed57"
                  ],
                  "failures": [],
                  "pending": [],
                  "skipped": [],
                  "duration": 3044,
                  "root": false,
                  "rootEmpty": false,
                  "_timeout": 2000
                }
              ],
              "passes": [],
              "failures": [],
              "pending": [],
              "skipped": [],
              "duration": 0,
              "root": false,
              "rootEmpty": false,
              "_timeout": 2000
            }
          ],
          "passes": [],
          "failures": [],
          "pending": [],
          "skipped": [],
          "duration": 0,
          "root": false,
          "rootEmpty": false,
          "_timeout": 2000
        }
      ],
      "passes": [],
      "failures": [],
      "pending": [],
      "skipped": [],
      "duration": 0,
      "root": true,
      "rootEmpty": true,
      "_timeout": 2000
    }
  ],
  "meta": {
    "mocha": {
      "version": "7.2.0"
    },
    "mochawesome": {
      "options": {
        "quiet": false,
        "reportFilename": "mochawesome",
        "saveHtml": false,
        "saveJson": true,
        "consoleReporter": "spec",
        "useInlineDiffs": false,
        "code": true
      },
      "version": "7.1.3"
    },
    "marge": {
      "options": {
        "charts": true,
        "reportDir": "cypress/reports/mochawesome",
        "overwrite": false,
        "html": false,
        "json": true
      },
      "version": "6.2.0"
    }
  }
}