{
  "stats": {
    "suites": 3,
    "tests": 11,
    "passes": 11,
    "pending": 0,
    "failures": 0,
    "start": "2025-05-21T02:01:45.670Z",
    "end": "2025-05-21T02:02:02.013Z",
    "duration": 16343,
    "testsRegistered": 11,
    "passPercent": 100,
    "pendingPercent": 0,
    "other": 0,
    "hasOther": false,
    "skipped": 0,
    "hasSkipped": false
  },
  "results": [
    {
      "uuid": "e583c006-7598-487e-82b4-e819a45d45b9",
      "title": "",
      "fullFile": "cypress/e2e/products/checkout.cy.js",
      "file": "cypress/e2e/products/checkout.cy.js",
      "beforeHooks": [],
      "afterHooks": [],
      "tests": [],
      "suites": [
        {
          "uuid": "0d3d4ad2-3237-4693-904f-3b71774199c3",
          "title": "Checkout Step One",
          "fullFile": "",
          "file": "",
          "beforeHooks": [],
          "afterHooks": [],
          "tests": [],
          "suites": [
            {
              "uuid": "6e271b6f-ffc6-43e3-8a5f-42e62ced3583",
              "title": "Input Fields Visibility",
              "fullFile": "",
              "file": "",
              "beforeHooks": [],
              "afterHooks": [],
              "tests": [
                {
                  "title": "[CKO-001] should navigate to the correct Checkout Step One URL",
                  "fullTitle": "Checkout Step One Input Fields Visibility [CKO-001] should navigate to the correct Checkout Step One URL",
                  "timedOut": null,
                  "duration": 1265,
                  "state": "passed",
                  "speed": "fast",
                  "pass": true,
                  "fail": false,
                  "pending": false,
                  "context": null,
                  "code": "cy.url().should(\"include\", \"checkout-step-one.html\");",
                  "err": {},
                  "uuid": "ef07d31d-0215-43a1-b6dd-aa5242bafab5",
                  "parentUUID": "6e271b6f-ffc6-43e3-8a5f-42e62ced3583",
                  "isHook": false,
                  "skipped": false
                },
                {
                  "title": "[CKO-002] should display First Name input field",
                  "fullTitle": "Checkout Step One Input Fields Visibility [CKO-002] should display First Name input field",
                  "timedOut": null,
                  "duration": 1171,
                  "state": "passed",
                  "speed": "fast",
                  "pass": true,
                  "fail": false,
                  "pending": false,
                  "context": null,
                  "code": "_checkout.default.verifyFirstNameInputIsVisible();",
                  "err": {},
                  "uuid": "2d1795c0-a03b-446c-9adb-aa079c0b651b",
                  "parentUUID": "6e271b6f-ffc6-43e3-8a5f-42e62ced3583",
                  "isHook": false,
                  "skipped": false
                },
                {
                  "title": "[CKO-003] should display Last Name input field",
                  "fullTitle": "Checkout Step One Input Fields Visibility [CKO-003] should display Last Name input field",
                  "timedOut": null,
                  "duration": 1103,
                  "state": "passed",
                  "speed": "fast",
                  "pass": true,
                  "fail": false,
                  "pending": false,
                  "context": null,
                  "code": "_checkout.default.verifyLastNameInputIsVisible();",
                  "err": {},
                  "uuid": "abf9038c-5559-452f-b38a-ebcbdc7c6a94",
                  "parentUUID": "6e271b6f-ffc6-43e3-8a5f-42e62ced3583",
                  "isHook": false,
                  "skipped": false
                },
                {
                  "title": "[CKO-004] should display Zip/Postal Code input field",
                  "fullTitle": "Checkout Step One Input Fields Visibility [CKO-004] should display Zip/Postal Code input field",
                  "timedOut": null,
                  "duration": 1124,
                  "state": "passed",
                  "speed": "fast",
                  "pass": true,
                  "fail": false,
                  "pending": false,
                  "context": null,
                  "code": "_checkout.default.verifyZipPostalCodeInputIsVisible();",
                  "err": {},
                  "uuid": "85f5da86-3585-4e90-b02c-ebf7ee9beecc",
                  "parentUUID": "6e271b6f-ffc6-43e3-8a5f-42e62ced3583",
                  "isHook": false,
                  "skipped": false
                }
              ],
              "suites": [],
              "passes": [
                "ef07d31d-0215-43a1-b6dd-aa5242bafab5",
                "2d1795c0-a03b-446c-9adb-aa079c0b651b",
                "abf9038c-5559-452f-b38a-ebcbdc7c6a94",
                "85f5da86-3585-4e90-b02c-ebf7ee9beecc"
              ],
              "failures": [],
              "pending": [],
              "skipped": [],
              "duration": 4663,
              "root": false,
              "rootEmpty": false,
              "_timeout": 2000
            },
            {
              "uuid": "4da58e3e-15ea-4d7a-a3ee-80a542c36091",
              "title": "Checkout Step One - Input Field Validation",
              "fullFile": "",
              "file": "",
              "beforeHooks": [],
              "afterHooks": [],
              "tests": [
                {
                  "title": "[CKO-POS-001] should allow user to enter all required fields",
                  "fullTitle": "Checkout Step One Checkout Step One - Input Field Validation [CKO-POS-001] should allow user to enter all required fields",
                  "timedOut": null,
                  "duration": 1804,
                  "state": "passed",
                  "speed": "fast",
                  "pass": true,
                  "fail": false,
                  "pending": false,
                  "context": null,
                  "code": "_checkout.default.fillFirstName(_fakerData.fakerFirstName);\n_checkout.default.fillLastName(_fakerData.fakerLastName);\n_checkout.default.fillZipPostalCode(_fakerData.fakerZipCode);\n_checkout.default.assertCheckoutFieldsContainValues(_fakerData.fakerFirstName, _fakerData.fakerLastName, _fakerData.fakerZipCode);",
                  "err": {},
                  "uuid": "685b7563-448b-4f26-928a-2910275817aa",
                  "parentUUID": "4da58e3e-15ea-4d7a-a3ee-80a542c36091",
                  "isHook": false,
                  "skipped": false
                },
                {
                  "title": "[CKO-POS-002] should navigate to Checkout Step Two with valid info",
                  "fullTitle": "Checkout Step One Checkout Step One - Input Field Validation [CKO-POS-002] should navigate to Checkout Step Two with valid info",
                  "timedOut": null,
                  "duration": 1840,
                  "state": "passed",
                  "speed": "fast",
                  "pass": true,
                  "fail": false,
                  "pending": false,
                  "context": null,
                  "code": "_checkout.default.fillPersonalDetails(_fakerData.fakerFirstName, _fakerData.fakerLastName, _fakerData.fakerZipCode);\n_checkout.default.clickContinueButton();\ncy.url().should(\"include\", \"checkout-step-two.html\");",
                  "err": {},
                  "uuid": "86e1e3ea-4cfb-4e34-b074-3800af042aaf",
                  "parentUUID": "4da58e3e-15ea-4d7a-a3ee-80a542c36091",
                  "isHook": false,
                  "skipped": false
                },
                {
                  "title": "[CKO-NEG-001] should show error when all fields are empty",
                  "fullTitle": "Checkout Step One Checkout Step One - Input Field Validation [CKO-NEG-001] should show error when all fields are empty",
                  "timedOut": null,
                  "duration": 1229,
                  "state": "passed",
                  "speed": "fast",
                  "pass": true,
                  "fail": false,
                  "pending": false,
                  "context": null,
                  "code": "_checkout.default.clickContinueButton();\n_checkout.default.assertErrorMessageIsDisplayed(\"Error: First Name is required\");",
                  "err": {},
                  "uuid": "303c70d7-fe21-4244-b547-ae2b76ccd2c8",
                  "parentUUID": "4da58e3e-15ea-4d7a-a3ee-80a542c36091",
                  "isHook": false,
                  "skipped": false
                },
                {
                  "title": "[CKO-NEG-002] should show error for missing First Name",
                  "fullTitle": "Checkout Step One Checkout Step One - Input Field Validation [CKO-NEG-002] should show error for missing First Name",
                  "timedOut": null,
                  "duration": 1872,
                  "state": "passed",
                  "speed": "fast",
                  "pass": true,
                  "fail": false,
                  "pending": false,
                  "context": null,
                  "code": "_checkout.default.fillPersonalDetails(\"\", _fakerData.fakerLastName, _fakerData.fakerZipCode);\n_checkout.default.clickContinueButton();\n_checkout.default.assertErrorMessageIsDisplayed(\"Error: First Name is required\");",
                  "err": {},
                  "uuid": "5aeab1d8-befb-4103-9780-9e48669ee453",
                  "parentUUID": "4da58e3e-15ea-4d7a-a3ee-80a542c36091",
                  "isHook": false,
                  "skipped": false
                },
                {
                  "title": "[CKO-NEG-003] should show error for missing Last Name",
                  "fullTitle": "Checkout Step One Checkout Step One - Input Field Validation [CKO-NEG-003] should show error for missing Last Name",
                  "timedOut": null,
                  "duration": 1753,
                  "state": "passed",
                  "speed": "fast",
                  "pass": true,
                  "fail": false,
                  "pending": false,
                  "context": null,
                  "code": "_checkout.default.fillPersonalDetails(_fakerData.fakerFirstName, \"\", _fakerData.fakerZipCode);\n_checkout.default.clickContinueButton();\n_checkout.default.assertErrorMessageIsDisplayed(\"Error: Last Name is required\");",
                  "err": {},
                  "uuid": "c14cbbe5-fed3-4763-8fd1-35fd768a5121",
                  "parentUUID": "4da58e3e-15ea-4d7a-a3ee-80a542c36091",
                  "isHook": false,
                  "skipped": false
                },
                {
                  "title": "[CKO-NEG-004] should show error for missing Zip/Postal Code",
                  "fullTitle": "Checkout Step One Checkout Step One - Input Field Validation [CKO-NEG-004] should show error for missing Zip/Postal Code",
                  "timedOut": null,
                  "duration": 1674,
                  "state": "passed",
                  "speed": "fast",
                  "pass": true,
                  "fail": false,
                  "pending": false,
                  "context": null,
                  "code": "_checkout.default.fillPersonalDetails(_fakerData.fakerFirstName, _fakerData.fakerLastName, \"\");\n_checkout.default.clickContinueButton();\n_checkout.default.assertErrorMessageIsDisplayed(\"Error: Postal Code is required\");",
                  "err": {},
                  "uuid": "5317e767-6f53-49e2-88f3-696aa4dda7a3",
                  "parentUUID": "4da58e3e-15ea-4d7a-a3ee-80a542c36091",
                  "isHook": false,
                  "skipped": false
                },
                {
                  "title": "[CKO-NAV-001] should return to cart page on Cancel",
                  "fullTitle": "Checkout Step One Checkout Step One - Input Field Validation [CKO-NAV-001] should return to cart page on Cancel",
                  "timedOut": null,
                  "duration": 1199,
                  "state": "passed",
                  "speed": "fast",
                  "pass": true,
                  "fail": false,
                  "pending": false,
                  "context": null,
                  "code": "_checkout.default.clickCancelButton();\ncy.url().should(\"include\", \"cart.html\");",
                  "err": {},
                  "uuid": "72c4948d-c2ea-4f4f-9a6f-721f25df55e6",
                  "parentUUID": "4da58e3e-15ea-4d7a-a3ee-80a542c36091",
                  "isHook": false,
                  "skipped": false
                }
              ],
              "suites": [],
              "passes": [
                "685b7563-448b-4f26-928a-2910275817aa",
                "86e1e3ea-4cfb-4e34-b074-3800af042aaf",
                "303c70d7-fe21-4244-b547-ae2b76ccd2c8",
                "5aeab1d8-befb-4103-9780-9e48669ee453",
                "c14cbbe5-fed3-4763-8fd1-35fd768a5121",
                "5317e767-6f53-49e2-88f3-696aa4dda7a3",
                "72c4948d-c2ea-4f4f-9a6f-721f25df55e6"
              ],
              "failures": [],
              "pending": [],
              "skipped": [],
              "duration": 11371,
              "root": false,
              "rootEmpty": false,
              "_timeout": 2000
            }
          ],
          "passes": [],
          "failures": [],
          "pending": [],
          "skipped": [],
          "duration": 0,
          "root": false,
          "rootEmpty": false,
          "_timeout": 2000
        }
      ],
      "passes": [],
      "failures": [],
      "pending": [],
      "skipped": [],
      "duration": 0,
      "root": true,
      "rootEmpty": true,
      "_timeout": 2000
    }
  ],
  "meta": {
    "mocha": {
      "version": "7.2.0"
    },
    "mochawesome": {
      "options": {
        "quiet": false,
        "reportFilename": "mochawesome",
        "saveHtml": false,
        "saveJson": true,
        "consoleReporter": "spec",
        "useInlineDiffs": false,
        "code": true
      },
      "version": "7.1.3"
    },
    "marge": {
      "options": {
        "charts": true,
        "reportDir": "cypress/reports/mochawesome",
        "overwrite": false,
        "html": false,
        "json": true
      },
      "version": "6.2.0"
    }
  }
}