{
  "stats": {
    "suites": 8,
    "tests": 11,
    "passes": 11,
    "pending": 0,
    "failures": 0,
    "start": "2025-05-21T02:03:04.917Z",
    "end": "2025-05-21T02:03:19.225Z",
    "duration": 14308,
    "testsRegistered": 11,
    "passPercent": 100,
    "pendingPercent": 0,
    "other": 0,
    "hasOther": false,
    "skipped": 0,
    "hasSkipped": false
  },
  "results": [
    {
      "uuid": "ed706451-27c5-4a6a-9cf2-e202ad9312cc",
      "title": "",
      "fullFile": "cypress/e2e/products/sidebarMenu.cy.js",
      "file": "cypress/e2e/products/sidebarMenu.cy.js",
      "beforeHooks": [],
      "afterHooks": [],
      "tests": [],
      "suites": [
        {
          "uuid": "af73582f-9b88-4966-b283-e736be7b80fc",
          "title": "Sidebar Menu Functionality",
          "fullFile": "",
          "file": "",
          "beforeHooks": [],
          "afterHooks": [],
          "tests": [],
          "suites": [
            {
              "uuid": "eb1d954a-8b6a-4daa-b773-d789e7199ca4",
              "title": "Sidebar Visibility and Basic Interaction",
              "fullFile": "",
              "file": "",
              "beforeHooks": [],
              "afterHooks": [],
              "tests": [
                {
                  "title": "[SB-UI-001] should open the sidebar menu when the menu button is clicked",
                  "fullTitle": "Sidebar Menu Functionality Sidebar Visibility and Basic Interaction [SB-UI-001] should open the sidebar menu when the menu button is clicked",
                  "timedOut": null,
                  "duration": 1218,
                  "state": "passed",
                  "speed": "fast",
                  "pass": true,
                  "fail": false,
                  "pending": false,
                  "context": null,
                  "code": "_sidebarMenu.default.verifySidebarIsVisible();",
                  "err": {},
                  "uuid": "5157fee3-0c51-4e47-b5c9-4906f1c32d21",
                  "parentUUID": "eb1d954a-8b6a-4daa-b773-d789e7199ca4",
                  "isHook": false,
                  "skipped": false
                },
                {
                  "title": "[SB-UI-002] should display all sidebar menu options when open",
                  "fullTitle": "Sidebar Menu Functionality Sidebar Visibility and Basic Interaction [SB-UI-002] should display all sidebar menu options when open",
                  "timedOut": null,
                  "duration": 1039,
                  "state": "passed",
                  "speed": "fast",
                  "pass": true,
                  "fail": false,
                  "pending": false,
                  "context": null,
                  "code": "_sidebarMenu.default.verifyAllSidebarMenuOptionsAreVisible();",
                  "err": {},
                  "uuid": "105fc8a9-88b3-4935-9e5f-560774d96115",
                  "parentUUID": "eb1d954a-8b6a-4daa-b773-d789e7199ca4",
                  "isHook": false,
                  "skipped": false
                },
                {
                  "title": "[SB-UI-003] should close the sidebar menu when the \"X\" (close) icon is clicked",
                  "fullTitle": "Sidebar Menu Functionality Sidebar Visibility and Basic Interaction [SB-UI-003] should close the sidebar menu when the \"X\" (close) icon is clicked",
                  "timedOut": null,
                  "duration": 970,
                  "state": "passed",
                  "speed": "fast",
                  "pass": true,
                  "fail": false,
                  "pending": false,
                  "context": null,
                  "code": "_sidebarMenu.default.verifySidebarClosed();",
                  "err": {},
                  "uuid": "23960db1-61f6-4b62-94fe-b905b60d0742",
                  "parentUUID": "eb1d954a-8b6a-4daa-b773-d789e7199ca4",
                  "isHook": false,
                  "skipped": false
                }
              ],
              "suites": [],
              "passes": [
                "5157fee3-0c51-4e47-b5c9-4906f1c32d21",
                "105fc8a9-88b3-4935-9e5f-560774d96115",
                "23960db1-61f6-4b62-94fe-b905b60d0742"
              ],
              "failures": [],
              "pending": [],
              "skipped": [],
              "duration": 3227,
              "root": false,
              "rootEmpty": false,
              "_timeout": 2000
            },
            {
              "uuid": "3ca98c3d-9f47-40bf-9bb7-d3f117ca5229",
              "title": "Sidebar Navigation Links",
              "fullFile": "",
              "file": "",
              "beforeHooks": [],
              "afterHooks": [],
              "tests": [],
              "suites": [
                {
                  "uuid": "312dc1b6-85e9-4c57-a9ef-69c4afb09cca",
                  "title": "\"All Items\" Link",
                  "fullFile": "",
                  "file": "",
                  "beforeHooks": [],
                  "afterHooks": [],
                  "tests": [
                    {
                      "title": "[SB-UI-NAV-001] should navigate to the product listing page URL when \"All Items\" is clicked",
                      "fullTitle": "Sidebar Menu Functionality Sidebar Navigation Links \"All Items\" Link [SB-UI-NAV-001] should navigate to the product listing page URL when \"All Items\" is clicked",
                      "timedOut": null,
                      "duration": 1353,
                      "state": "passed",
                      "speed": "fast",
                      "pass": true,
                      "fail": false,
                      "pending": false,
                      "context": null,
                      "code": "cy.url().should(\"include\", \"inventory.html\");",
                      "err": {},
                      "uuid": "490b1c28-81f9-40fd-950e-c2ce1de602dc",
                      "parentUUID": "312dc1b6-85e9-4c57-a9ef-69c4afb09cca",
                      "isHook": false,
                      "skipped": false
                    },
                    {
                      "title": "[SB-UI-002] should display products on the product listing page after navigating via \"All Items\"",
                      "fullTitle": "Sidebar Menu Functionality Sidebar Navigation Links \"All Items\" Link [SB-UI-002] should display products on the product listing page after navigating via \"All Items\"",
                      "timedOut": null,
                      "duration": 1350,
                      "state": "passed",
                      "speed": "fast",
                      "pass": true,
                      "fail": false,
                      "pending": false,
                      "context": null,
                      "code": "_inventory.default.verifyProductCount(6);",
                      "err": {},
                      "uuid": "56c8cc3c-0e1e-48e8-8f58-9d4c1ccf0ac1",
                      "parentUUID": "312dc1b6-85e9-4c57-a9ef-69c4afb09cca",
                      "isHook": false,
                      "skipped": false
                    }
                  ],
                  "suites": [],
                  "passes": [
                    "490b1c28-81f9-40fd-950e-c2ce1de602dc",
                    "56c8cc3c-0e1e-48e8-8f58-9d4c1ccf0ac1"
                  ],
                  "failures": [],
                  "pending": [],
                  "skipped": [],
                  "duration": 2703,
                  "root": false,
                  "rootEmpty": false,
                  "_timeout": 2000
                },
                {
                  "uuid": "abc9a551-5f26-4510-b9ac-468dd5f1491a",
                  "title": "\"About\" Link",
                  "fullFile": "",
                  "file": "",
                  "beforeHooks": [],
                  "afterHooks": [],
                  "tests": [
                    {
                      "title": "[SB-UI-001] should ensure the \"About\" sidebar link has the correct href attribute",
                      "fullTitle": "Sidebar Menu Functionality Sidebar Navigation Links \"About\" Link [SB-UI-001] should ensure the \"About\" sidebar link has the correct href attribute",
                      "timedOut": null,
                      "duration": 1047,
                      "state": "passed",
                      "speed": "fast",
                      "pass": true,
                      "fail": false,
                      "pending": false,
                      "context": null,
                      "code": "_sidebarMenu.default.verifyAboutLinkUrlIsCorrect();",
                      "err": {},
                      "uuid": "fbeaef67-d200-49ba-9143-adaebc73d6ed",
                      "parentUUID": "abc9a551-5f26-4510-b9ac-468dd5f1491a",
                      "isHook": false,
                      "skipped": false
                    },
                    {
                      "title": "[SB-API-002] should verify the \"About\" link URL is accessible and returns a 200 status",
                      "fullTitle": "Sidebar Menu Functionality Sidebar Navigation Links \"About\" Link [SB-API-002] should verify the \"About\" link URL is accessible and returns a 200 status",
                      "timedOut": null,
                      "duration": 1378,
                      "state": "passed",
                      "speed": "fast",
                      "pass": true,
                      "fail": false,
                      "pending": false,
                      "context": null,
                      "code": "_sidebarMenu.default.verifyAboutLinkIsReachable();",
                      "err": {},
                      "uuid": "5711da3d-6e38-4283-b17f-ef151e9fd44d",
                      "parentUUID": "abc9a551-5f26-4510-b9ac-468dd5f1491a",
                      "isHook": false,
                      "skipped": false
                    }
                  ],
                  "suites": [],
                  "passes": [
                    "fbeaef67-d200-49ba-9143-adaebc73d6ed",
                    "5711da3d-6e38-4283-b17f-ef151e9fd44d"
                  ],
                  "failures": [],
                  "pending": [],
                  "skipped": [],
                  "duration": 2425,
                  "root": false,
                  "rootEmpty": false,
                  "_timeout": 2000
                },
                {
                  "uuid": "31533622-752d-441f-a3d0-c698add241e3",
                  "title": "\"Logout\" Link",
                  "fullFile": "",
                  "file": "",
                  "beforeHooks": [],
                  "afterHooks": [],
                  "tests": [
                    {
                      "title": "[SB-UI-001] should navigate to the login page URL when \"Logout\" is clicked",
                      "fullTitle": "Sidebar Menu Functionality Sidebar Navigation Links \"Logout\" Link [SB-UI-001] should navigate to the login page URL when \"Logout\" is clicked",
                      "timedOut": null,
                      "duration": 1320,
                      "state": "passed",
                      "speed": "fast",
                      "pass": true,
                      "fail": false,
                      "pending": false,
                      "context": null,
                      "code": "cy.url().should(\"include\", \"https://www.saucedemo.com/\");",
                      "err": {},
                      "uuid": "30c50b9c-1fe0-4381-ba8a-d058e812e9c5",
                      "parentUUID": "31533622-752d-441f-a3d0-c698add241e3",
                      "isHook": false,
                      "skipped": false
                    },
                    {
                      "title": "[SB-UI-002] should display the login form after \"Logout\" is clicked",
                      "fullTitle": "Sidebar Menu Functionality Sidebar Navigation Links \"Logout\" Link [SB-UI-002] should display the login form after \"Logout\" is clicked",
                      "timedOut": null,
                      "duration": 1349,
                      "state": "passed",
                      "speed": "fast",
                      "pass": true,
                      "fail": false,
                      "pending": false,
                      "context": null,
                      "code": "_login.default.verifyLoginFormIsVisible();",
                      "err": {},
                      "uuid": "0fc8a55c-0a95-4400-9e3e-a603ab950e1e",
                      "parentUUID": "31533622-752d-441f-a3d0-c698add241e3",
                      "isHook": false,
                      "skipped": false
                    }
                  ],
                  "suites": [],
                  "passes": [
                    "30c50b9c-1fe0-4381-ba8a-d058e812e9c5",
                    "0fc8a55c-0a95-4400-9e3e-a603ab950e1e"
                  ],
                  "failures": [],
                  "pending": [],
                  "skipped": [],
                  "duration": 2669,
                  "root": false,
                  "rootEmpty": false,
                  "_timeout": 2000
                }
              ],
              "passes": [],
              "failures": [],
              "pending": [],
              "skipped": [],
              "duration": 0,
              "root": false,
              "rootEmpty": false,
              "_timeout": 2000
            },
            {
              "uuid": "c565b467-5a01-43c7-bc11-f1bdb27e912e",
              "title": "Sidebar Action Links",
              "fullFile": "",
              "file": "",
              "beforeHooks": [],
              "afterHooks": [],
              "tests": [],
              "suites": [
                {
                  "uuid": "dcf98702-608e-4bf6-ad82-332f33d19d0f",
                  "title": "\"Reset App State\" Link",
                  "fullFile": "",
                  "file": "",
                  "beforeHooks": [],
                  "afterHooks": [],
                  "tests": [
                    {
                      "title": "[SB-UI-001] should clear the cart immediately after \"Reset App State\" is clicked",
                      "fullTitle": "Sidebar Menu Functionality Sidebar Action Links \"Reset App State\" Link [SB-UI-001] should clear the cart immediately after \"Reset App State\" is clicked",
                      "timedOut": null,
                      "duration": 1424,
                      "state": "passed",
                      "speed": "fast",
                      "pass": true,
                      "fail": false,
                      "pending": false,
                      "context": null,
                      "code": "_headerComponent.default.verifyCartIsEmpty();",
                      "err": {},
                      "uuid": "c2f0a5d8-5fe3-4a49-9f7a-364b2fe59f10",
                      "parentUUID": "dcf98702-608e-4bf6-ad82-332f33d19d0f",
                      "isHook": false,
                      "skipped": false
                    },
                    {
                      "title": "[SB-UI-002] should ensure the cart remains empty after \"Reset App State\" and a page reload",
                      "fullTitle": "Sidebar Menu Functionality Sidebar Action Links \"Reset App State\" Link [SB-UI-002] should ensure the cart remains empty after \"Reset App State\" and a page reload",
                      "timedOut": null,
                      "duration": 1512,
                      "state": "passed",
                      "speed": "fast",
                      "pass": true,
                      "fail": false,
                      "pending": false,
                      "context": null,
                      "code": "_headerComponent.default.verifyCartIsEmpty();\ncy.reload();\n_headerComponent.default.verifyCartIsEmpty();",
                      "err": {},
                      "uuid": "9b055637-6757-420e-8c68-62e41e8fb8ba",
                      "parentUUID": "dcf98702-608e-4bf6-ad82-332f33d19d0f",
                      "isHook": false,
                      "skipped": false
                    }
                  ],
                  "suites": [],
                  "passes": [
                    "c2f0a5d8-5fe3-4a49-9f7a-364b2fe59f10",
                    "9b055637-6757-420e-8c68-62e41e8fb8ba"
                  ],
                  "failures": [],
                  "pending": [],
                  "skipped": [],
                  "duration": 2936,
                  "root": false,
                  "rootEmpty": false,
                  "_timeout": 2000
                }
              ],
              "passes": [],
              "failures": [],
              "pending": [],
              "skipped": [],
              "duration": 0,
              "root": false,
              "rootEmpty": false,
              "_timeout": 2000
            }
          ],
          "passes": [],
          "failures": [],
          "pending": [],
          "skipped": [],
          "duration": 0,
          "root": false,
          "rootEmpty": false,
          "_timeout": 2000
        }
      ],
      "passes": [],
      "failures": [],
      "pending": [],
      "skipped": [],
      "duration": 0,
      "root": true,
      "rootEmpty": true,
      "_timeout": 2000
    }
  ],
  "meta": {
    "mocha": {
      "version": "7.2.0"
    },
    "mochawesome": {
      "options": {
        "quiet": false,
        "reportFilename": "mochawesome",
        "saveHtml": false,
        "saveJson": true,
        "consoleReporter": "spec",
        "useInlineDiffs": false,
        "code": true
      },
      "version": "7.1.3"
    },
    "marge": {
      "options": {
        "charts": true,
        "reportDir": "cypress/reports/mochawesome",
        "overwrite": false,
        "html": false,
        "json": true
      },
      "version": "6.2.0"
    }
  }
}