{
  "stats": {
    "suites": 3,
    "tests": 11,
    "passes": 11,
    "pending": 0,
    "failures": 0,
    "start": "2025-05-22T04:31:12.531Z",
    "end": "2025-05-22T04:31:28.992Z",
    "duration": 16461,
    "testsRegistered": 11,
    "passPercent": 100,
    "pendingPercent": 0,
    "other": 0,
    "hasOther": false,
    "skipped": 0,
    "hasSkipped": false
  },
  "results": [
    {
      "uuid": "ca2d086a-bd55-47de-9130-f31a6e5e53b0",
      "title": "",
      "fullFile": "cypress/e2e/products/checkout.cy.js",
      "file": "cypress/e2e/products/checkout.cy.js",
      "beforeHooks": [],
      "afterHooks": [],
      "tests": [],
      "suites": [
        {
          "uuid": "243c1388-34e0-4d98-9985-fe72ee7acc92",
          "title": "Checkout Step One",
          "fullFile": "",
          "file": "",
          "beforeHooks": [],
          "afterHooks": [],
          "tests": [],
          "suites": [
            {
              "uuid": "0055a942-af78-4629-969b-3c4bb84febaf",
              "title": "Input Fields Visibility",
              "fullFile": "",
              "file": "",
              "beforeHooks": [],
              "afterHooks": [],
              "tests": [
                {
                  "title": "[CKO-001] should navigate to the correct Checkout Step One URL",
                  "fullTitle": "Checkout Step One Input Fields Visibility [CKO-001] should navigate to the correct Checkout Step One URL",
                  "timedOut": null,
                  "duration": 1313,
                  "state": "passed",
                  "speed": "fast",
                  "pass": true,
                  "fail": false,
                  "pending": false,
                  "context": null,
                  "code": "cy.url().should(\"include\", \"checkout-step-one.html\");",
                  "err": {},
                  "uuid": "7978354e-d989-40dd-88e7-06b2ce2c5fa3",
                  "parentUUID": "0055a942-af78-4629-969b-3c4bb84febaf",
                  "isHook": false,
                  "skipped": false
                },
                {
                  "title": "[CKO-002] should display First Name input field",
                  "fullTitle": "Checkout Step One Input Fields Visibility [CKO-002] should display First Name input field",
                  "timedOut": null,
                  "duration": 1236,
                  "state": "passed",
                  "speed": "fast",
                  "pass": true,
                  "fail": false,
                  "pending": false,
                  "context": null,
                  "code": "_checkout.default.verifyFirstNameInputIsVisible();",
                  "err": {},
                  "uuid": "a5d50a12-48ee-450b-8e98-71721753277a",
                  "parentUUID": "0055a942-af78-4629-969b-3c4bb84febaf",
                  "isHook": false,
                  "skipped": false
                },
                {
                  "title": "[CKO-003] should display Last Name input field",
                  "fullTitle": "Checkout Step One Input Fields Visibility [CKO-003] should display Last Name input field",
                  "timedOut": null,
                  "duration": 1183,
                  "state": "passed",
                  "speed": "fast",
                  "pass": true,
                  "fail": false,
                  "pending": false,
                  "context": null,
                  "code": "_checkout.default.verifyLastNameInputIsVisible();",
                  "err": {},
                  "uuid": "70a6ce08-6b11-412e-8c96-6f1051f89c06",
                  "parentUUID": "0055a942-af78-4629-969b-3c4bb84febaf",
                  "isHook": false,
                  "skipped": false
                },
                {
                  "title": "[CKO-004] should display Zip/Postal Code input field",
                  "fullTitle": "Checkout Step One Input Fields Visibility [CKO-004] should display Zip/Postal Code input field",
                  "timedOut": null,
                  "duration": 1172,
                  "state": "passed",
                  "speed": "fast",
                  "pass": true,
                  "fail": false,
                  "pending": false,
                  "context": null,
                  "code": "_checkout.default.verifyZipPostalCodeInputIsVisible();",
                  "err": {},
                  "uuid": "91076027-baae-4996-bbe3-b21f87d559e4",
                  "parentUUID": "0055a942-af78-4629-969b-3c4bb84febaf",
                  "isHook": false,
                  "skipped": false
                }
              ],
              "suites": [],
              "passes": [
                "7978354e-d989-40dd-88e7-06b2ce2c5fa3",
                "a5d50a12-48ee-450b-8e98-71721753277a",
                "70a6ce08-6b11-412e-8c96-6f1051f89c06",
                "91076027-baae-4996-bbe3-b21f87d559e4"
              ],
              "failures": [],
              "pending": [],
              "skipped": [],
              "duration": 4904,
              "root": false,
              "rootEmpty": false,
              "_timeout": 2000
            },
            {
              "uuid": "046742b3-258d-4ee6-bc65-43a6adeb4d67",
              "title": "Checkout Step One - Input Field Validation",
              "fullFile": "",
              "file": "",
              "beforeHooks": [],
              "afterHooks": [],
              "tests": [
                {
                  "title": "[CKO-POS-001] should allow user to enter all required fields",
                  "fullTitle": "Checkout Step One Checkout Step One - Input Field Validation [CKO-POS-001] should allow user to enter all required fields",
                  "timedOut": null,
                  "duration": 1741,
                  "state": "passed",
                  "speed": "fast",
                  "pass": true,
                  "fail": false,
                  "pending": false,
                  "context": null,
                  "code": "_checkout.default.fillFirstName(_fakerData.fakerFirstName);\n_checkout.default.fillLastName(_fakerData.fakerLastName);\n_checkout.default.fillZipPostalCode(_fakerData.fakerZipCode);\n_checkout.default.assertCheckoutFieldsContainValues(_fakerData.fakerFirstName, _fakerData.fakerLastName, _fakerData.fakerZipCode);",
                  "err": {},
                  "uuid": "2ba53979-83ad-49d2-a80a-e4b10848ebce",
                  "parentUUID": "046742b3-258d-4ee6-bc65-43a6adeb4d67",
                  "isHook": false,
                  "skipped": false
                },
                {
                  "title": "[CKO-POS-002] should navigate to Checkout Step Two with valid info",
                  "fullTitle": "Checkout Step One Checkout Step One - Input Field Validation [CKO-POS-002] should navigate to Checkout Step Two with valid info",
                  "timedOut": null,
                  "duration": 1793,
                  "state": "passed",
                  "speed": "fast",
                  "pass": true,
                  "fail": false,
                  "pending": false,
                  "context": null,
                  "code": "_checkout.default.fillPersonalDetails(_fakerData.fakerFirstName, _fakerData.fakerLastName, _fakerData.fakerZipCode);\n_checkout.default.clickContinueButton();\ncy.url().should(\"include\", \"checkout-step-two.html\");",
                  "err": {},
                  "uuid": "9ee1c9d2-2bd3-4d42-8031-24273aca7902",
                  "parentUUID": "046742b3-258d-4ee6-bc65-43a6adeb4d67",
                  "isHook": false,
                  "skipped": false
                },
                {
                  "title": "[CKO-NEG-001] should show error when all fields are empty",
                  "fullTitle": "Checkout Step One Checkout Step One - Input Field Validation [CKO-NEG-001] should show error when all fields are empty",
                  "timedOut": null,
                  "duration": 1212,
                  "state": "passed",
                  "speed": "fast",
                  "pass": true,
                  "fail": false,
                  "pending": false,
                  "context": null,
                  "code": "_checkout.default.clickContinueButton();\n_checkout.default.assertErrorMessageIsDisplayed(\"Error: First Name is required\");",
                  "err": {},
                  "uuid": "21dedf7c-8a53-4817-9f9d-66eebab233e2",
                  "parentUUID": "046742b3-258d-4ee6-bc65-43a6adeb4d67",
                  "isHook": false,
                  "skipped": false
                },
                {
                  "title": "[CKO-NEG-002] should show error for missing First Name",
                  "fullTitle": "Checkout Step One Checkout Step One - Input Field Validation [CKO-NEG-002] should show error for missing First Name",
                  "timedOut": null,
                  "duration": 1807,
                  "state": "passed",
                  "speed": "fast",
                  "pass": true,
                  "fail": false,
                  "pending": false,
                  "context": null,
                  "code": "_checkout.default.fillPersonalDetails(\"\", _fakerData.fakerLastName, _fakerData.fakerZipCode);\n_checkout.default.clickContinueButton();\n_checkout.default.assertErrorMessageIsDisplayed(\"Error: First Name is required\");",
                  "err": {},
                  "uuid": "629777e3-a3e7-4318-8e0a-33d0afcc697d",
                  "parentUUID": "046742b3-258d-4ee6-bc65-43a6adeb4d67",
                  "isHook": false,
                  "skipped": false
                },
                {
                  "title": "[CKO-NEG-003] should show error for missing Last Name",
                  "fullTitle": "Checkout Step One Checkout Step One - Input Field Validation [CKO-NEG-003] should show error for missing Last Name",
                  "timedOut": null,
                  "duration": 1771,
                  "state": "passed",
                  "speed": "fast",
                  "pass": true,
                  "fail": false,
                  "pending": false,
                  "context": null,
                  "code": "_checkout.default.fillPersonalDetails(_fakerData.fakerFirstName, \"\", _fakerData.fakerZipCode);\n_checkout.default.clickContinueButton();\n_checkout.default.assertErrorMessageIsDisplayed(\"Error: Last Name is required\");",
                  "err": {},
                  "uuid": "a4250034-23c0-48a0-a55a-4cdda26c729f",
                  "parentUUID": "046742b3-258d-4ee6-bc65-43a6adeb4d67",
                  "isHook": false,
                  "skipped": false
                },
                {
                  "title": "[CKO-NEG-004] should show error for missing Zip/Postal Code",
                  "fullTitle": "Checkout Step One Checkout Step One - Input Field Validation [CKO-NEG-004] should show error for missing Zip/Postal Code",
                  "timedOut": null,
                  "duration": 1651,
                  "state": "passed",
                  "speed": "fast",
                  "pass": true,
                  "fail": false,
                  "pending": false,
                  "context": null,
                  "code": "_checkout.default.fillPersonalDetails(_fakerData.fakerFirstName, _fakerData.fakerLastName, \"\");\n_checkout.default.clickContinueButton();\n_checkout.default.assertErrorMessageIsDisplayed(\"Error: Postal Code is required\");",
                  "err": {},
                  "uuid": "8480202c-656a-45a9-bf0b-ea505e0f05ad",
                  "parentUUID": "046742b3-258d-4ee6-bc65-43a6adeb4d67",
                  "isHook": false,
                  "skipped": false
                },
                {
                  "title": "[CKO-NAV-001] should return to cart page on Cancel",
                  "fullTitle": "Checkout Step One Checkout Step One - Input Field Validation [CKO-NAV-001] should return to cart page on Cancel",
                  "timedOut": null,
                  "duration": 1237,
                  "state": "passed",
                  "speed": "fast",
                  "pass": true,
                  "fail": false,
                  "pending": false,
                  "context": null,
                  "code": "_checkout.default.clickCancelButton();\ncy.url().should(\"include\", \"cart.html\");",
                  "err": {},
                  "uuid": "e144f312-4798-455d-a236-5a203356d068",
                  "parentUUID": "046742b3-258d-4ee6-bc65-43a6adeb4d67",
                  "isHook": false,
                  "skipped": false
                }
              ],
              "suites": [],
              "passes": [
                "2ba53979-83ad-49d2-a80a-e4b10848ebce",
                "9ee1c9d2-2bd3-4d42-8031-24273aca7902",
                "21dedf7c-8a53-4817-9f9d-66eebab233e2",
                "629777e3-a3e7-4318-8e0a-33d0afcc697d",
                "a4250034-23c0-48a0-a55a-4cdda26c729f",
                "8480202c-656a-45a9-bf0b-ea505e0f05ad",
                "e144f312-4798-455d-a236-5a203356d068"
              ],
              "failures": [],
              "pending": [],
              "skipped": [],
              "duration": 11212,
              "root": false,
              "rootEmpty": false,
              "_timeout": 2000
            }
          ],
          "passes": [],
          "failures": [],
          "pending": [],
          "skipped": [],
          "duration": 0,
          "root": false,
          "rootEmpty": false,
          "_timeout": 2000
        }
      ],
      "passes": [],
      "failures": [],
      "pending": [],
      "skipped": [],
      "duration": 0,
      "root": true,
      "rootEmpty": true,
      "_timeout": 2000
    }
  ],
  "meta": {
    "mocha": {
      "version": "7.2.0"
    },
    "mochawesome": {
      "options": {
        "quiet": false,
        "reportFilename": "mochawesome",
        "saveHtml": false,
        "saveJson": true,
        "consoleReporter": "spec",
        "useInlineDiffs": false,
        "code": true
      },
      "version": "7.1.3"
    },
    "marge": {
      "options": {
        "charts": true,
        "reportDir": "cypress/reports/mochawesome",
        "overwrite": false,
        "html": false,
        "json": true
      },
      "version": "6.2.0"
    }
  }
}