{
  "stats": {
    "suites": 2,
    "tests": 22,
    "passes": 22,
    "pending": 0,
    "failures": 0,
    "start": "2025-05-21T02:02:09.905Z",
    "end": "2025-05-21T02:02:52.952Z",
    "duration": 43047,
    "testsRegistered": 22,
    "passPercent": 100,
    "pendingPercent": 0,
    "other": 0,
    "hasOther": false,
    "skipped": 0,
    "hasSkipped": false
  },
  "results": [
    {
      "uuid": "53f13bf4-474e-4e13-9d1b-3d40ca9edfc6",
      "title": "",
      "fullFile": "cypress/e2e/products/overview.cy.js",
      "file": "cypress/e2e/products/overview.cy.js",
      "beforeHooks": [],
      "afterHooks": [],
      "tests": [],
      "suites": [
        {
          "uuid": "0c003f24-64ed-4b5e-8961-49ec1efac15d",
          "title": "Checkout Step One - Single Item Cart",
          "fullFile": "",
          "file": "",
          "beforeHooks": [],
          "afterHooks": [],
          "tests": [
            {
              "title": "[CKO-OV-001] should display the correct product name",
              "fullTitle": "Checkout Step One - Single Item Cart [CKO-OV-001] should display the correct product name",
              "timedOut": null,
              "duration": 2093,
              "state": "passed",
              "speed": "fast",
              "pass": true,
              "fail": false,
              "pending": false,
              "context": null,
              "code": "_checkoutOverview.default.verifyProductName(\"Sauce Labs Backpack\");",
              "err": {},
              "uuid": "7cc3f3f1-d401-48e8-a904-f59457f216d0",
              "parentUUID": "0c003f24-64ed-4b5e-8961-49ec1efac15d",
              "isHook": false,
              "skipped": false
            },
            {
              "title": "[CKO-OV-002] should display the correct product price",
              "fullTitle": "Checkout Step One - Single Item Cart [CKO-OV-002] should display the correct product price",
              "timedOut": null,
              "duration": 1974,
              "state": "passed",
              "speed": "fast",
              "pass": true,
              "fail": false,
              "pending": false,
              "context": null,
              "code": "_checkoutOverview.default.verifyProductPrice(\"$29.99\");",
              "err": {},
              "uuid": "382454cb-afbf-4a8c-b985-c03be6d1ab47",
              "parentUUID": "0c003f24-64ed-4b5e-8961-49ec1efac15d",
              "isHook": false,
              "skipped": false
            },
            {
              "title": "[CKO-OV-003] should display the correct product quantity",
              "fullTitle": "Checkout Step One - Single Item Cart [CKO-OV-003] should display the correct product quantity",
              "timedOut": null,
              "duration": 1934,
              "state": "passed",
              "speed": "fast",
              "pass": true,
              "fail": false,
              "pending": false,
              "context": null,
              "code": "_checkoutOverview.default.verifyQuantity(\"1\");",
              "err": {},
              "uuid": "4a1e5a5d-8b05-4290-bcdb-12ea269d3728",
              "parentUUID": "0c003f24-64ed-4b5e-8961-49ec1efac15d",
              "isHook": false,
              "skipped": false
            },
            {
              "title": "[CKO-OV-004] should display correct payment information",
              "fullTitle": "Checkout Step One - Single Item Cart [CKO-OV-004] should display correct payment information",
              "timedOut": null,
              "duration": 1907,
              "state": "passed",
              "speed": "fast",
              "pass": true,
              "fail": false,
              "pending": false,
              "context": null,
              "code": "_checkoutOverview.default.verifyPaymentInfo(\"SauceCard #31337\");",
              "err": {},
              "uuid": "74c9ce6d-c61e-462b-a48b-bf748c3360aa",
              "parentUUID": "0c003f24-64ed-4b5e-8961-49ec1efac15d",
              "isHook": false,
              "skipped": false
            },
            {
              "title": "[CKO-OV-005] should display correct shipping method",
              "fullTitle": "Checkout Step One - Single Item Cart [CKO-OV-005] should display correct shipping method",
              "timedOut": null,
              "duration": 1894,
              "state": "passed",
              "speed": "fast",
              "pass": true,
              "fail": false,
              "pending": false,
              "context": null,
              "code": "_checkoutOverview.default.verifyShippingMethod(\"Free Pony Express Delivery!\");",
              "err": {},
              "uuid": "428986ec-e7dc-48ba-9101-389ffb82cb5a",
              "parentUUID": "0c003f24-64ed-4b5e-8961-49ec1efac15d",
              "isHook": false,
              "skipped": false
            },
            {
              "title": "[CKO-OV-006] should display correct item total",
              "fullTitle": "Checkout Step One - Single Item Cart [CKO-OV-006] should display correct item total",
              "timedOut": null,
              "duration": 1837,
              "state": "passed",
              "speed": "fast",
              "pass": true,
              "fail": false,
              "pending": false,
              "context": null,
              "code": "_checkoutOverview.default.verifyItemTotal(\"$29.99\");",
              "err": {},
              "uuid": "4c56560d-b7fe-440b-a8c8-18c0e5a55777",
              "parentUUID": "0c003f24-64ed-4b5e-8961-49ec1efac15d",
              "isHook": false,
              "skipped": false
            },
            {
              "title": "[CKO-OV-007] should display correct tax amount",
              "fullTitle": "Checkout Step One - Single Item Cart [CKO-OV-007] should display correct tax amount",
              "timedOut": null,
              "duration": 1862,
              "state": "passed",
              "speed": "fast",
              "pass": true,
              "fail": false,
              "pending": false,
              "context": null,
              "code": "_checkoutOverview.default.verifyTax(\"$2.40\");",
              "err": {},
              "uuid": "0abe2cf8-0ea1-4f6f-a7c6-ada23488c32f",
              "parentUUID": "0c003f24-64ed-4b5e-8961-49ec1efac15d",
              "isHook": false,
              "skipped": false
            },
            {
              "title": "[CKO-OV-008] should display correct final total",
              "fullTitle": "Checkout Step One - Single Item Cart [CKO-OV-008] should display correct final total",
              "timedOut": null,
              "duration": 1874,
              "state": "passed",
              "speed": "fast",
              "pass": true,
              "fail": false,
              "pending": false,
              "context": null,
              "code": "_checkoutOverview.default.verifyTotal(\"$32.39\");",
              "err": {},
              "uuid": "fcaefe55-49b6-4462-adb9-837fca01332f",
              "parentUUID": "0c003f24-64ed-4b5e-8961-49ec1efac15d",
              "isHook": false,
              "skipped": false
            },
            {
              "title": "[CKO-OV-009] should display the Cancel button",
              "fullTitle": "Checkout Step One - Single Item Cart [CKO-OV-009] should display the Cancel button",
              "timedOut": null,
              "duration": 1903,
              "state": "passed",
              "speed": "fast",
              "pass": true,
              "fail": false,
              "pending": false,
              "context": null,
              "code": "_checkoutOverview.default.verifyCancelButtonVisible();",
              "err": {},
              "uuid": "332bdd5f-732b-4ba0-bc2a-9c605c275841",
              "parentUUID": "0c003f24-64ed-4b5e-8961-49ec1efac15d",
              "isHook": false,
              "skipped": false
            },
            {
              "title": "[CKO-OV-010] should display the Finish button and it is enabled",
              "fullTitle": "Checkout Step One - Single Item Cart [CKO-OV-010] should display the Finish button and it is enabled",
              "timedOut": null,
              "duration": 1884,
              "state": "passed",
              "speed": "fast",
              "pass": true,
              "fail": false,
              "pending": false,
              "context": null,
              "code": "_checkoutOverview.default.verifyFinishButtonIsVisible();",
              "err": {},
              "uuid": "3b7e7348-7175-4241-a05c-19ec897d86a6",
              "parentUUID": "0c003f24-64ed-4b5e-8961-49ec1efac15d",
              "isHook": false,
              "skipped": false
            },
            {
              "title": "[CKO-OV-011] should display the correct style for the Finish button",
              "fullTitle": "Checkout Step One - Single Item Cart [CKO-OV-011] should display the correct style for the Finish button",
              "timedOut": null,
              "duration": 1913,
              "state": "passed",
              "speed": "fast",
              "pass": true,
              "fail": false,
              "pending": false,
              "context": null,
              "code": "_checkoutOverview.default.assertFinishButtonColor();",
              "err": {},
              "uuid": "68364166-2702-4428-a749-213dc6a9122a",
              "parentUUID": "0c003f24-64ed-4b5e-8961-49ec1efac15d",
              "isHook": false,
              "skipped": false
            },
            {
              "title": "[CKO-OV-012] should navigate back to the cart when Cancel is clicked",
              "fullTitle": "Checkout Step One - Single Item Cart [CKO-OV-012] should navigate back to the cart when Cancel is clicked",
              "timedOut": null,
              "duration": 1998,
              "state": "passed",
              "speed": "fast",
              "pass": true,
              "fail": false,
              "pending": false,
              "context": null,
              "code": "_checkoutOverview.default.clickCancelButton();\ncy.url().should(\"include\", \"/inventory.html\");",
              "err": {},
              "uuid": "7b9192ec-366b-4520-a1db-be6fad0251f8",
              "parentUUID": "0c003f24-64ed-4b5e-8961-49ec1efac15d",
              "isHook": false,
              "skipped": false
            },
            {
              "title": "[CKO-OV-013] should calculate and match displayed total accurately",
              "fullTitle": "Checkout Step One - Single Item Cart [CKO-OV-013] should calculate and match displayed total accurately",
              "timedOut": null,
              "duration": 1924,
              "state": "passed",
              "speed": "fast",
              "pass": true,
              "fail": false,
              "pending": false,
              "context": null,
              "code": "_checkoutOverview.default.assertTotalMatchesDisplaydTotal(\"$32.39\");",
              "err": {},
              "uuid": "3489f9f5-2081-42d2-8b83-02f8925ddd9c",
              "parentUUID": "0c003f24-64ed-4b5e-8961-49ec1efac15d",
              "isHook": false,
              "skipped": false
            }
          ],
          "suites": [],
          "passes": [
            "7cc3f3f1-d401-48e8-a904-f59457f216d0",
            "382454cb-afbf-4a8c-b985-c03be6d1ab47",
            "4a1e5a5d-8b05-4290-bcdb-12ea269d3728",
            "74c9ce6d-c61e-462b-a48b-bf748c3360aa",
            "428986ec-e7dc-48ba-9101-389ffb82cb5a",
            "4c56560d-b7fe-440b-a8c8-18c0e5a55777",
            "0abe2cf8-0ea1-4f6f-a7c6-ada23488c32f",
            "fcaefe55-49b6-4462-adb9-837fca01332f",
            "332bdd5f-732b-4ba0-bc2a-9c605c275841",
            "3b7e7348-7175-4241-a05c-19ec897d86a6",
            "68364166-2702-4428-a749-213dc6a9122a",
            "7b9192ec-366b-4520-a1db-be6fad0251f8",
            "3489f9f5-2081-42d2-8b83-02f8925ddd9c"
          ],
          "failures": [],
          "pending": [],
          "skipped": [],
          "duration": 24997,
          "root": false,
          "rootEmpty": false,
          "_timeout": 2000
        },
        {
          "uuid": "188ae3a8-2730-4e33-9075-37920e735042",
          "title": "Checkout Overview - Multiple Item Cart",
          "fullFile": "",
          "file": "",
          "beforeHooks": [],
          "afterHooks": [],
          "tests": [
            {
              "title": "[CKO-MULTI-001] should display the first product name and details",
              "fullTitle": "Checkout Overview - Multiple Item Cart [CKO-MULTI-001] should display the first product name and details",
              "timedOut": null,
              "duration": 1997,
              "state": "passed",
              "speed": "fast",
              "pass": true,
              "fail": false,
              "pending": false,
              "context": null,
              "code": "_checkoutOverview.default.verifyProductName(\"Sauce Labs Bike Light\");\n_checkoutOverview.default.verifyProductPrice(\"$9.99\");\n_checkoutOverview.default.verifyQuantity(\"1\");",
              "err": {},
              "uuid": "2316645c-799f-4d04-9730-30019767c7da",
              "parentUUID": "188ae3a8-2730-4e33-9075-37920e735042",
              "isHook": false,
              "skipped": false
            },
            {
              "title": "[CKO-MULTI-002] should display the second product name and details",
              "fullTitle": "Checkout Overview - Multiple Item Cart [CKO-MULTI-002] should display the second product name and details",
              "timedOut": null,
              "duration": 1953,
              "state": "passed",
              "speed": "fast",
              "pass": true,
              "fail": false,
              "pending": false,
              "context": null,
              "code": "_checkoutOverview.default.verifyProductName(\"Sauce Labs Fleece Jacket\");\n_checkoutOverview.default.verifyProductPrice(\"$49.99\");\n_checkoutOverview.default.verifyQuantity(\"1\");",
              "err": {},
              "uuid": "2eeb9fc2-e6e7-4c61-85c2-b1f984718554",
              "parentUUID": "188ae3a8-2730-4e33-9075-37920e735042",
              "isHook": false,
              "skipped": false
            },
            {
              "title": "[CKO-MULTI-003] should display correct payment information",
              "fullTitle": "Checkout Overview - Multiple Item Cart [CKO-MULTI-003] should display correct payment information",
              "timedOut": null,
              "duration": 1898,
              "state": "passed",
              "speed": "fast",
              "pass": true,
              "fail": false,
              "pending": false,
              "context": null,
              "code": "_checkoutOverview.default.verifyPaymentInfo(\"SauceCard #31337\");",
              "err": {},
              "uuid": "ed2561df-3110-40a5-8551-a80ae3c42074",
              "parentUUID": "188ae3a8-2730-4e33-9075-37920e735042",
              "isHook": false,
              "skipped": false
            },
            {
              "title": "[CKO-MULTI-004] should display correct shipping information",
              "fullTitle": "Checkout Overview - Multiple Item Cart [CKO-MULTI-004] should display correct shipping information",
              "timedOut": null,
              "duration": 1908,
              "state": "passed",
              "speed": "fast",
              "pass": true,
              "fail": false,
              "pending": false,
              "context": null,
              "code": "_checkoutOverview.default.verifyShippingMethod(\"Free Pony Express Delivery!\");",
              "err": {},
              "uuid": "ee22d568-878c-4c4a-ae32-fdbdbaca36de",
              "parentUUID": "188ae3a8-2730-4e33-9075-37920e735042",
              "isHook": false,
              "skipped": false
            },
            {
              "title": "[CKO-MULTI-005] should display correct item total for multiple products",
              "fullTitle": "Checkout Overview - Multiple Item Cart [CKO-MULTI-005] should display correct item total for multiple products",
              "timedOut": null,
              "duration": 1943,
              "state": "passed",
              "speed": "fast",
              "pass": true,
              "fail": false,
              "pending": false,
              "context": null,
              "code": "_checkoutOverview.default.verifyItemTotal(\"$59.98\");",
              "err": {},
              "uuid": "947220cc-ce4d-426e-bde7-bce02a3e57ef",
              "parentUUID": "188ae3a8-2730-4e33-9075-37920e735042",
              "isHook": false,
              "skipped": false
            },
            {
              "title": "[CKO-MULTI-006] should display correct tax for multiple products",
              "fullTitle": "Checkout Overview - Multiple Item Cart [CKO-MULTI-006] should display correct tax for multiple products",
              "timedOut": null,
              "duration": 1948,
              "state": "passed",
              "speed": "fast",
              "pass": true,
              "fail": false,
              "pending": false,
              "context": null,
              "code": "_checkoutOverview.default.verifyTax(\"$4.80\");",
              "err": {},
              "uuid": "7f7429db-16ab-4fbe-88c8-47a683ee615c",
              "parentUUID": "188ae3a8-2730-4e33-9075-37920e735042",
              "isHook": false,
              "skipped": false
            },
            {
              "title": "[CKO-MULTI-007] should display correct total for multiple products",
              "fullTitle": "Checkout Overview - Multiple Item Cart [CKO-MULTI-007] should display correct total for multiple products",
              "timedOut": null,
              "duration": 2009,
              "state": "passed",
              "speed": "fast",
              "pass": true,
              "fail": false,
              "pending": false,
              "context": null,
              "code": "_checkoutOverview.default.verifyTotal(\"$64.78\");",
              "err": {},
              "uuid": "89a372f5-edd7-4546-800d-cfa1b6c6e2b3",
              "parentUUID": "188ae3a8-2730-4e33-9075-37920e735042",
              "isHook": false,
              "skipped": false
            },
            {
              "title": "[CKO-MULTI-008] should match calculated total with displayed total",
              "fullTitle": "Checkout Overview - Multiple Item Cart [CKO-MULTI-008] should match calculated total with displayed total",
              "timedOut": null,
              "duration": 1904,
              "state": "passed",
              "speed": "fast",
              "pass": true,
              "fail": false,
              "pending": false,
              "context": null,
              "code": "_checkoutOverview.default.assertTotalMatchesDisplaydTotal(\"$64.78\");",
              "err": {},
              "uuid": "dcf95de8-bd2e-4944-adfb-368f2f828390",
              "parentUUID": "188ae3a8-2730-4e33-9075-37920e735042",
              "isHook": false,
              "skipped": false
            },
            {
              "title": "[CKO-MULTI-009] should show correct cart item count in header",
              "fullTitle": "Checkout Overview - Multiple Item Cart [CKO-MULTI-009] should show correct cart item count in header",
              "timedOut": null,
              "duration": 2001,
              "state": "passed",
              "speed": "fast",
              "pass": true,
              "fail": false,
              "pending": false,
              "context": null,
              "code": "_headerComponent.default.verifyCartItemCount(productsToAdd.length);\n_checkoutOverview.default.verifyFinishButtonIsClickable();\n_checkoutOverview.default.clickFinishButton();\ncy.url().should('include', 'checkout-complete.html');",
              "err": {},
              "uuid": "c7045711-6677-4845-96d6-7c5387b7b282",
              "parentUUID": "188ae3a8-2730-4e33-9075-37920e735042",
              "isHook": false,
              "skipped": false
            }
          ],
          "suites": [],
          "passes": [
            "2316645c-799f-4d04-9730-30019767c7da",
            "2eeb9fc2-e6e7-4c61-85c2-b1f984718554",
            "ed2561df-3110-40a5-8551-a80ae3c42074",
            "ee22d568-878c-4c4a-ae32-fdbdbaca36de",
            "947220cc-ce4d-426e-bde7-bce02a3e57ef",
            "7f7429db-16ab-4fbe-88c8-47a683ee615c",
            "89a372f5-edd7-4546-800d-cfa1b6c6e2b3",
            "dcf95de8-bd2e-4944-adfb-368f2f828390",
            "c7045711-6677-4845-96d6-7c5387b7b282"
          ],
          "failures": [],
          "pending": [],
          "skipped": [],
          "duration": 17561,
          "root": false,
          "rootEmpty": false,
          "_timeout": 2000
        }
      ],
      "passes": [],
      "failures": [],
      "pending": [],
      "skipped": [],
      "duration": 0,
      "root": true,
      "rootEmpty": true,
      "_timeout": 2000
    }
  ],
  "meta": {
    "mocha": {
      "version": "7.2.0"
    },
    "mochawesome": {
      "options": {
        "quiet": false,
        "reportFilename": "mochawesome",
        "saveHtml": false,
        "saveJson": true,
        "consoleReporter": "spec",
        "useInlineDiffs": false,
        "code": true
      },
      "version": "7.1.3"
    },
    "marge": {
      "options": {
        "charts": true,
        "reportDir": "cypress/reports/mochawesome",
        "overwrite": false,
        "html": false,
        "json": true
      },
      "version": "6.2.0"
    }
  }
}