{
  "stats": {
    "suites": 2,
    "tests": 22,
    "passes": 22,
    "pending": 0,
    "failures": 0,
    "start": "2025-05-22T04:31:39.814Z",
    "end": "2025-05-22T04:32:23.841Z",
    "duration": 44027,
    "testsRegistered": 22,
    "passPercent": 100,
    "pendingPercent": 0,
    "other": 0,
    "hasOther": false,
    "skipped": 0,
    "hasSkipped": false
  },
  "results": [
    {
      "uuid": "4a6a83b7-68ef-43c9-8dc5-f8803f7c6dd1",
      "title": "",
      "fullFile": "cypress/e2e/products/overview.cy.js",
      "file": "cypress/e2e/products/overview.cy.js",
      "beforeHooks": [],
      "afterHooks": [],
      "tests": [],
      "suites": [
        {
          "uuid": "39cc0ffd-358b-4ec5-981d-c4aab4fd7ab6",
          "title": "Checkout Step One - Single Item Cart",
          "fullFile": "",
          "file": "",
          "beforeHooks": [],
          "afterHooks": [],
          "tests": [
            {
              "title": "[CKO-OV-001] should display the correct product name",
              "fullTitle": "Checkout Step One - Single Item Cart [CKO-OV-001] should display the correct product name",
              "timedOut": null,
              "duration": 2108,
              "state": "passed",
              "speed": "fast",
              "pass": true,
              "fail": false,
              "pending": false,
              "context": null,
              "code": "_checkoutOverview.default.verifyProductName(\"Sauce Labs Backpack\");",
              "err": {},
              "uuid": "2adaad31-2cd6-46ca-8036-23fd564c6ad5",
              "parentUUID": "39cc0ffd-358b-4ec5-981d-c4aab4fd7ab6",
              "isHook": false,
              "skipped": false
            },
            {
              "title": "[CKO-OV-002] should display the correct product price",
              "fullTitle": "Checkout Step One - Single Item Cart [CKO-OV-002] should display the correct product price",
              "timedOut": null,
              "duration": 1955,
              "state": "passed",
              "speed": "fast",
              "pass": true,
              "fail": false,
              "pending": false,
              "context": null,
              "code": "_checkoutOverview.default.verifyProductPrice(\"$29.99\");",
              "err": {},
              "uuid": "5c3bee18-9237-40b5-bdf9-9d998feffcce",
              "parentUUID": "39cc0ffd-358b-4ec5-981d-c4aab4fd7ab6",
              "isHook": false,
              "skipped": false
            },
            {
              "title": "[CKO-OV-003] should display the correct product quantity",
              "fullTitle": "Checkout Step One - Single Item Cart [CKO-OV-003] should display the correct product quantity",
              "timedOut": null,
              "duration": 1952,
              "state": "passed",
              "speed": "fast",
              "pass": true,
              "fail": false,
              "pending": false,
              "context": null,
              "code": "_checkoutOverview.default.verifyQuantity(\"1\");",
              "err": {},
              "uuid": "6acb8ce5-0280-4890-9030-e9d60fcba0f6",
              "parentUUID": "39cc0ffd-358b-4ec5-981d-c4aab4fd7ab6",
              "isHook": false,
              "skipped": false
            },
            {
              "title": "[CKO-OV-004] should display correct payment information",
              "fullTitle": "Checkout Step One - Single Item Cart [CKO-OV-004] should display correct payment information",
              "timedOut": null,
              "duration": 1876,
              "state": "passed",
              "speed": "fast",
              "pass": true,
              "fail": false,
              "pending": false,
              "context": null,
              "code": "_checkoutOverview.default.verifyPaymentInfo(\"SauceCard #31337\");",
              "err": {},
              "uuid": "3ca423ac-72d2-49d7-9c4e-df76221b63cd",
              "parentUUID": "39cc0ffd-358b-4ec5-981d-c4aab4fd7ab6",
              "isHook": false,
              "skipped": false
            },
            {
              "title": "[CKO-OV-005] should display correct shipping method",
              "fullTitle": "Checkout Step One - Single Item Cart [CKO-OV-005] should display correct shipping method",
              "timedOut": null,
              "duration": 1886,
              "state": "passed",
              "speed": "fast",
              "pass": true,
              "fail": false,
              "pending": false,
              "context": null,
              "code": "_checkoutOverview.default.verifyShippingMethod(\"Free Pony Express Delivery!\");",
              "err": {},
              "uuid": "fbb830e8-242e-44a7-b224-b7a1e4b75286",
              "parentUUID": "39cc0ffd-358b-4ec5-981d-c4aab4fd7ab6",
              "isHook": false,
              "skipped": false
            },
            {
              "title": "[CKO-OV-006] should display correct item total",
              "fullTitle": "Checkout Step One - Single Item Cart [CKO-OV-006] should display correct item total",
              "timedOut": null,
              "duration": 1916,
              "state": "passed",
              "speed": "fast",
              "pass": true,
              "fail": false,
              "pending": false,
              "context": null,
              "code": "_checkoutOverview.default.verifyItemTotal(\"$29.99\");",
              "err": {},
              "uuid": "a5d057c1-6e0b-4232-aeba-5c388a18453e",
              "parentUUID": "39cc0ffd-358b-4ec5-981d-c4aab4fd7ab6",
              "isHook": false,
              "skipped": false
            },
            {
              "title": "[CKO-OV-007] should display correct tax amount",
              "fullTitle": "Checkout Step One - Single Item Cart [CKO-OV-007] should display correct tax amount",
              "timedOut": null,
              "duration": 1897,
              "state": "passed",
              "speed": "fast",
              "pass": true,
              "fail": false,
              "pending": false,
              "context": null,
              "code": "_checkoutOverview.default.verifyTax(\"$2.40\");",
              "err": {},
              "uuid": "9612eee2-b922-47bc-9e9b-6dc8c0fe8c1d",
              "parentUUID": "39cc0ffd-358b-4ec5-981d-c4aab4fd7ab6",
              "isHook": false,
              "skipped": false
            },
            {
              "title": "[CKO-OV-008] should display correct final total",
              "fullTitle": "Checkout Step One - Single Item Cart [CKO-OV-008] should display correct final total",
              "timedOut": null,
              "duration": 1934,
              "state": "passed",
              "speed": "fast",
              "pass": true,
              "fail": false,
              "pending": false,
              "context": null,
              "code": "_checkoutOverview.default.verifyTotal(\"$32.39\");",
              "err": {},
              "uuid": "094e81af-6684-4314-871a-fcb427a9ff20",
              "parentUUID": "39cc0ffd-358b-4ec5-981d-c4aab4fd7ab6",
              "isHook": false,
              "skipped": false
            },
            {
              "title": "[CKO-OV-009] should display the Cancel button",
              "fullTitle": "Checkout Step One - Single Item Cart [CKO-OV-009] should display the Cancel button",
              "timedOut": null,
              "duration": 1917,
              "state": "passed",
              "speed": "fast",
              "pass": true,
              "fail": false,
              "pending": false,
              "context": null,
              "code": "_checkoutOverview.default.verifyCancelButtonVisible();",
              "err": {},
              "uuid": "d66482b9-4056-4d27-a10b-cd44dd8db465",
              "parentUUID": "39cc0ffd-358b-4ec5-981d-c4aab4fd7ab6",
              "isHook": false,
              "skipped": false
            },
            {
              "title": "[CKO-OV-010] should display the Finish button and it is enabled",
              "fullTitle": "Checkout Step One - Single Item Cart [CKO-OV-010] should display the Finish button and it is enabled",
              "timedOut": null,
              "duration": 1934,
              "state": "passed",
              "speed": "fast",
              "pass": true,
              "fail": false,
              "pending": false,
              "context": null,
              "code": "_checkoutOverview.default.verifyFinishButtonIsVisible();",
              "err": {},
              "uuid": "010ee4da-0be5-4cb5-af9f-b4711b8cac18",
              "parentUUID": "39cc0ffd-358b-4ec5-981d-c4aab4fd7ab6",
              "isHook": false,
              "skipped": false
            },
            {
              "title": "[CKO-OV-011] should display the correct style for the Finish button",
              "fullTitle": "Checkout Step One - Single Item Cart [CKO-OV-011] should display the correct style for the Finish button",
              "timedOut": null,
              "duration": 1927,
              "state": "passed",
              "speed": "fast",
              "pass": true,
              "fail": false,
              "pending": false,
              "context": null,
              "code": "_checkoutOverview.default.assertFinishButtonColor();",
              "err": {},
              "uuid": "bbedf1c8-1b56-40c8-a0a7-28fc6236a911",
              "parentUUID": "39cc0ffd-358b-4ec5-981d-c4aab4fd7ab6",
              "isHook": false,
              "skipped": false
            },
            {
              "title": "[CKO-OV-012] should navigate back to the cart when Cancel is clicked",
              "fullTitle": "Checkout Step One - Single Item Cart [CKO-OV-012] should navigate back to the cart when Cancel is clicked",
              "timedOut": null,
              "duration": 2013,
              "state": "passed",
              "speed": "fast",
              "pass": true,
              "fail": false,
              "pending": false,
              "context": null,
              "code": "_checkoutOverview.default.clickCancelButton();\ncy.url().should(\"include\", \"/inventory.html\");",
              "err": {},
              "uuid": "93a44781-a907-4375-82e9-9d5b8549cd51",
              "parentUUID": "39cc0ffd-358b-4ec5-981d-c4aab4fd7ab6",
              "isHook": false,
              "skipped": false
            },
            {
              "title": "[CKO-OV-013] should calculate and match displayed total accurately",
              "fullTitle": "Checkout Step One - Single Item Cart [CKO-OV-013] should calculate and match displayed total accurately",
              "timedOut": null,
              "duration": 1917,
              "state": "passed",
              "speed": "fast",
              "pass": true,
              "fail": false,
              "pending": false,
              "context": null,
              "code": "_checkoutOverview.default.assertTotalMatchesDisplaydTotal(\"$32.39\");",
              "err": {},
              "uuid": "deb44e20-ae63-4bbb-aaf0-b0bb673449aa",
              "parentUUID": "39cc0ffd-358b-4ec5-981d-c4aab4fd7ab6",
              "isHook": false,
              "skipped": false
            }
          ],
          "suites": [],
          "passes": [
            "2adaad31-2cd6-46ca-8036-23fd564c6ad5",
            "5c3bee18-9237-40b5-bdf9-9d998feffcce",
            "6acb8ce5-0280-4890-9030-e9d60fcba0f6",
            "3ca423ac-72d2-49d7-9c4e-df76221b63cd",
            "fbb830e8-242e-44a7-b224-b7a1e4b75286",
            "a5d057c1-6e0b-4232-aeba-5c388a18453e",
            "9612eee2-b922-47bc-9e9b-6dc8c0fe8c1d",
            "094e81af-6684-4314-871a-fcb427a9ff20",
            "d66482b9-4056-4d27-a10b-cd44dd8db465",
            "010ee4da-0be5-4cb5-af9f-b4711b8cac18",
            "bbedf1c8-1b56-40c8-a0a7-28fc6236a911",
            "93a44781-a907-4375-82e9-9d5b8549cd51",
            "deb44e20-ae63-4bbb-aaf0-b0bb673449aa"
          ],
          "failures": [],
          "pending": [],
          "skipped": [],
          "duration": 25232,
          "root": false,
          "rootEmpty": false,
          "_timeout": 2000
        },
        {
          "uuid": "6a8d5d9f-8a38-4804-a5f3-e3884df1e3a5",
          "title": "Checkout Overview - Multiple Item Cart",
          "fullFile": "",
          "file": "",
          "beforeHooks": [],
          "afterHooks": [],
          "tests": [
            {
              "title": "[CKO-MULTI-001] should display the first product name and details",
              "fullTitle": "Checkout Overview - Multiple Item Cart [CKO-MULTI-001] should display the first product name and details",
              "timedOut": null,
              "duration": 1988,
              "state": "passed",
              "speed": "fast",
              "pass": true,
              "fail": false,
              "pending": false,
              "context": null,
              "code": "_checkoutOverview.default.verifyProductName(\"Sauce Labs Bike Light\");\n_checkoutOverview.default.verifyProductPrice(\"$9.99\");\n_checkoutOverview.default.verifyQuantity(\"1\");",
              "err": {},
              "uuid": "5318a03c-dd33-4c93-91da-1f9f8770e032",
              "parentUUID": "6a8d5d9f-8a38-4804-a5f3-e3884df1e3a5",
              "isHook": false,
              "skipped": false
            },
            {
              "title": "[CKO-MULTI-002] should display the second product name and details",
              "fullTitle": "Checkout Overview - Multiple Item Cart [CKO-MULTI-002] should display the second product name and details",
              "timedOut": null,
              "duration": 2005,
              "state": "passed",
              "speed": "fast",
              "pass": true,
              "fail": false,
              "pending": false,
              "context": null,
              "code": "_checkoutOverview.default.verifyProductName(\"Sauce Labs Fleece Jacket\");\n_checkoutOverview.default.verifyProductPrice(\"$49.99\");\n_checkoutOverview.default.verifyQuantity(\"1\");",
              "err": {},
              "uuid": "c33b54c3-2010-471a-bcac-e5a134133098",
              "parentUUID": "6a8d5d9f-8a38-4804-a5f3-e3884df1e3a5",
              "isHook": false,
              "skipped": false
            },
            {
              "title": "[CKO-MULTI-003] should display correct payment information",
              "fullTitle": "Checkout Overview - Multiple Item Cart [CKO-MULTI-003] should display correct payment information",
              "timedOut": null,
              "duration": 1994,
              "state": "passed",
              "speed": "fast",
              "pass": true,
              "fail": false,
              "pending": false,
              "context": null,
              "code": "_checkoutOverview.default.verifyPaymentInfo(\"SauceCard #31337\");",
              "err": {},
              "uuid": "bb4d65ef-3cbc-4952-99b3-250648c0f123",
              "parentUUID": "6a8d5d9f-8a38-4804-a5f3-e3884df1e3a5",
              "isHook": false,
              "skipped": false
            },
            {
              "title": "[CKO-MULTI-004] should display correct shipping information",
              "fullTitle": "Checkout Overview - Multiple Item Cart [CKO-MULTI-004] should display correct shipping information",
              "timedOut": null,
              "duration": 1981,
              "state": "passed",
              "speed": "fast",
              "pass": true,
              "fail": false,
              "pending": false,
              "context": null,
              "code": "_checkoutOverview.default.verifyShippingMethod(\"Free Pony Express Delivery!\");",
              "err": {},
              "uuid": "47ca05c7-f531-40fc-8cd4-0740a43cf203",
              "parentUUID": "6a8d5d9f-8a38-4804-a5f3-e3884df1e3a5",
              "isHook": false,
              "skipped": false
            },
            {
              "title": "[CKO-MULTI-005] should display correct item total for multiple products",
              "fullTitle": "Checkout Overview - Multiple Item Cart [CKO-MULTI-005] should display correct item total for multiple products",
              "timedOut": null,
              "duration": 2017,
              "state": "passed",
              "speed": "fast",
              "pass": true,
              "fail": false,
              "pending": false,
              "context": null,
              "code": "_checkoutOverview.default.verifyItemTotal(\"$59.98\");",
              "err": {},
              "uuid": "ca96c586-5f80-45f2-acac-abcd961c775a",
              "parentUUID": "6a8d5d9f-8a38-4804-a5f3-e3884df1e3a5",
              "isHook": false,
              "skipped": false
            },
            {
              "title": "[CKO-MULTI-006] should display correct tax for multiple products",
              "fullTitle": "Checkout Overview - Multiple Item Cart [CKO-MULTI-006] should display correct tax for multiple products",
              "timedOut": null,
              "duration": 2012,
              "state": "passed",
              "speed": "fast",
              "pass": true,
              "fail": false,
              "pending": false,
              "context": null,
              "code": "_checkoutOverview.default.verifyTax(\"$4.80\");",
              "err": {},
              "uuid": "2cfa82a4-fef3-4088-9001-479cf7809d68",
              "parentUUID": "6a8d5d9f-8a38-4804-a5f3-e3884df1e3a5",
              "isHook": false,
              "skipped": false
            },
            {
              "title": "[CKO-MULTI-007] should display correct total for multiple products",
              "fullTitle": "Checkout Overview - Multiple Item Cart [CKO-MULTI-007] should display correct total for multiple products",
              "timedOut": null,
              "duration": 2020,
              "state": "passed",
              "speed": "fast",
              "pass": true,
              "fail": false,
              "pending": false,
              "context": null,
              "code": "_checkoutOverview.default.verifyTotal(\"$64.78\");",
              "err": {},
              "uuid": "89107887-5bde-49a3-93a3-3769e2940594",
              "parentUUID": "6a8d5d9f-8a38-4804-a5f3-e3884df1e3a5",
              "isHook": false,
              "skipped": false
            },
            {
              "title": "[CKO-MULTI-008] should match calculated total with displayed total",
              "fullTitle": "Checkout Overview - Multiple Item Cart [CKO-MULTI-008] should match calculated total with displayed total",
              "timedOut": null,
              "duration": 2041,
              "state": "passed",
              "speed": "fast",
              "pass": true,
              "fail": false,
              "pending": false,
              "context": null,
              "code": "_checkoutOverview.default.assertTotalMatchesDisplaydTotal(\"$64.78\");",
              "err": {},
              "uuid": "9861261a-5131-4565-9172-7e62fa81bfa3",
              "parentUUID": "6a8d5d9f-8a38-4804-a5f3-e3884df1e3a5",
              "isHook": false,
              "skipped": false
            },
            {
              "title": "[CKO-MULTI-009] should show correct cart item count in header",
              "fullTitle": "Checkout Overview - Multiple Item Cart [CKO-MULTI-009] should show correct cart item count in header",
              "timedOut": null,
              "duration": 2126,
              "state": "passed",
              "speed": "fast",
              "pass": true,
              "fail": false,
              "pending": false,
              "context": null,
              "code": "_headerComponent.default.verifyCartItemCount(productsToAdd.length);\n_checkoutOverview.default.verifyFinishButtonIsClickable();\n_checkoutOverview.default.clickFinishButton();\ncy.url().should('include', 'checkout-complete.html');",
              "err": {},
              "uuid": "39ab0c78-336e-4d82-b556-653bcb03f80f",
              "parentUUID": "6a8d5d9f-8a38-4804-a5f3-e3884df1e3a5",
              "isHook": false,
              "skipped": false
            }
          ],
          "suites": [],
          "passes": [
            "5318a03c-dd33-4c93-91da-1f9f8770e032",
            "c33b54c3-2010-471a-bcac-e5a134133098",
            "bb4d65ef-3cbc-4952-99b3-250648c0f123",
            "47ca05c7-f531-40fc-8cd4-0740a43cf203",
            "ca96c586-5f80-45f2-acac-abcd961c775a",
            "2cfa82a4-fef3-4088-9001-479cf7809d68",
            "89107887-5bde-49a3-93a3-3769e2940594",
            "9861261a-5131-4565-9172-7e62fa81bfa3",
            "39ab0c78-336e-4d82-b556-653bcb03f80f"
          ],
          "failures": [],
          "pending": [],
          "skipped": [],
          "duration": 18184,
          "root": false,
          "rootEmpty": false,
          "_timeout": 2000
        }
      ],
      "passes": [],
      "failures": [],
      "pending": [],
      "skipped": [],
      "duration": 0,
      "root": true,
      "rootEmpty": true,
      "_timeout": 2000
    }
  ],
  "meta": {
    "mocha": {
      "version": "7.2.0"
    },
    "mochawesome": {
      "options": {
        "quiet": false,
        "reportFilename": "mochawesome",
        "saveHtml": false,
        "saveJson": true,
        "consoleReporter": "spec",
        "useInlineDiffs": false,
        "code": true
      },
      "version": "7.1.3"
    },
    "marge": {
      "options": {
        "charts": true,
        "reportDir": "cypress/reports/mochawesome",
        "overwrite": false,
        "html": false,
        "json": true
      },
      "version": "6.2.0"
    }
  }
}