{
  "stats": {
    "suites": 6,
    "tests": 10,
    "passes": 10,
    "pending": 0,
    "failures": 0,
    "start": "2025-05-22T04:30:56.685Z",
    "end": "2025-05-22T04:31:07.293Z",
    "duration": 10608,
    "testsRegistered": 10,
    "passPercent": 100,
    "pendingPercent": 0,
    "other": 0,
    "hasOther": false,
    "skipped": 0,
    "hasSkipped": false
  },
  "results": [
    {
      "uuid": "27409fef-ef32-4151-9532-039d8666119c",
      "title": "",
      "fullFile": "cypress/e2e/products/InventorySort.cy.js",
      "file": "cypress/e2e/products/InventorySort.cy.js",
      "beforeHooks": [],
      "afterHooks": [],
      "tests": [],
      "suites": [
        {
          "uuid": "b2ebf752-c1f3-49ba-aa24-79a92fbef413",
          "title": "Inventory Page - Sorting Functionality",
          "fullFile": "",
          "file": "",
          "beforeHooks": [],
          "afterHooks": [],
          "tests": [],
          "suites": [
            {
              "uuid": "74bc56b5-52ba-4abc-8640-83af2b79d3ed",
              "title": "Initial State and Sort Options Visibility",
              "fullFile": "",
              "file": "",
              "beforeHooks": [],
              "afterHooks": [],
              "tests": [
                {
                  "title": "[SRT-DEF-001] should verify the default sorting order when the product list is initially loaded",
                  "fullTitle": "Inventory Page - Sorting Functionality Initial State and Sort Options Visibility [SRT-DEF-001] should verify the default sorting order when the product list is initially loaded",
                  "timedOut": null,
                  "duration": 1105,
                  "state": "passed",
                  "speed": "fast",
                  "pass": true,
                  "fail": false,
                  "pending": false,
                  "context": null,
                  "code": "_inventory.default.verifyPredifinedDefaultOrder();",
                  "err": {},
                  "uuid": "3234f903-aea2-430a-a787-02eaed41bd79",
                  "parentUUID": "74bc56b5-52ba-4abc-8640-83af2b79d3ed",
                  "isHook": false,
                  "skipped": false
                },
                {
                  "title": "[SRT-UI-002] should verify all sorting options are present and visible in the sort dropdown",
                  "fullTitle": "Inventory Page - Sorting Functionality Initial State and Sort Options Visibility [SRT-UI-002] should verify all sorting options are present and visible in the sort dropdown",
                  "timedOut": null,
                  "duration": 987,
                  "state": "passed",
                  "speed": "fast",
                  "pass": true,
                  "fail": false,
                  "pending": false,
                  "context": null,
                  "code": "_inventory.default.verifyAllSortingOptionsAreVisible();",
                  "err": {},
                  "uuid": "fa83d754-68ac-428f-a152-acd65eef04bb",
                  "parentUUID": "74bc56b5-52ba-4abc-8640-83af2b79d3ed",
                  "isHook": false,
                  "skipped": false
                }
              ],
              "suites": [],
              "passes": [
                "3234f903-aea2-430a-a787-02eaed41bd79",
                "fa83d754-68ac-428f-a152-acd65eef04bb"
              ],
              "failures": [],
              "pending": [],
              "skipped": [],
              "duration": 2092,
              "root": false,
              "rootEmpty": false,
              "_timeout": 2000
            },
            {
              "uuid": "b19a06f3-a208-4013-ac0f-aa2fd33af4e1",
              "title": "Sorting by Name (A to Z)",
              "fullFile": "",
              "file": "",
              "beforeHooks": [],
              "afterHooks": [],
              "tests": [
                {
                  "title": "[SRT-UI-AZ-001] should update the sort dropdown UI when 'Name (A to Z)' is selected",
                  "fullTitle": "Inventory Page - Sorting Functionality Sorting by Name (A to Z) [SRT-UI-AZ-001] should update the sort dropdown UI when 'Name (A to Z)' is selected",
                  "timedOut": null,
                  "duration": 1071,
                  "state": "passed",
                  "speed": "fast",
                  "pass": true,
                  "fail": false,
                  "pending": false,
                  "context": null,
                  "code": "_inventory.default.selectSortOption(_constants.SortOptions.NAME_ASC);\n_inventory.default.verifySortValue(\"az\");",
                  "err": {},
                  "uuid": "c1d6a90d-5120-4d83-bc02-01e35d20030e",
                  "parentUUID": "b19a06f3-a208-4013-ac0f-aa2fd33af4e1",
                  "isHook": false,
                  "skipped": false
                },
                {
                  "title": "[SRT-FUNC-AZ-002] should correctly sort products by 'Name (A to Z)'",
                  "fullTitle": "Inventory Page - Sorting Functionality Sorting by Name (A to Z) [SRT-FUNC-AZ-002] should correctly sort products by 'Name (A to Z)'",
                  "timedOut": null,
                  "duration": 1019,
                  "state": "passed",
                  "speed": "fast",
                  "pass": true,
                  "fail": false,
                  "pending": false,
                  "context": null,
                  "code": "_inventory.default.selectSortOption(_constants.SortOptions.NAME_ASC);\n_inventory.default.verifyProductNamesSortedAsc();",
                  "err": {},
                  "uuid": "2634c4aa-8e6b-4b1b-9bfd-d3bef1d52a23",
                  "parentUUID": "b19a06f3-a208-4013-ac0f-aa2fd33af4e1",
                  "isHook": false,
                  "skipped": false
                }
              ],
              "suites": [],
              "passes": [
                "c1d6a90d-5120-4d83-bc02-01e35d20030e",
                "2634c4aa-8e6b-4b1b-9bfd-d3bef1d52a23"
              ],
              "failures": [],
              "pending": [],
              "skipped": [],
              "duration": 2090,
              "root": false,
              "rootEmpty": false,
              "_timeout": 2000
            },
            {
              "uuid": "8660ddd4-e1ed-468d-ac13-96a23b0d2a0b",
              "title": "Sorting by Name (Z to A)",
              "fullFile": "",
              "file": "",
              "beforeHooks": [],
              "afterHooks": [],
              "tests": [
                {
                  "title": "[SRT-UI-ZA-001] should update the sort dropdown UI when 'Name (Z to A)' is selected",
                  "fullTitle": "Inventory Page - Sorting Functionality Sorting by Name (Z to A) [SRT-UI-ZA-001] should update the sort dropdown UI when 'Name (Z to A)' is selected",
                  "timedOut": null,
                  "duration": 1014,
                  "state": "passed",
                  "speed": "fast",
                  "pass": true,
                  "fail": false,
                  "pending": false,
                  "context": null,
                  "code": "_inventory.default.selectSortOption(_constants.SortOptions.NAME_DESC);\n_inventory.default.verifySortValue(\"za\");",
                  "err": {},
                  "uuid": "6872645c-1ed7-40fa-9aaa-117f00d3def3",
                  "parentUUID": "8660ddd4-e1ed-468d-ac13-96a23b0d2a0b",
                  "isHook": false,
                  "skipped": false
                },
                {
                  "title": "[SRT-UI-ZA-002] should correctly sort products by 'Name (Z to A)'",
                  "fullTitle": "Inventory Page - Sorting Functionality Sorting by Name (Z to A) [SRT-UI-ZA-002] should correctly sort products by 'Name (Z to A)'",
                  "timedOut": null,
                  "duration": 1027,
                  "state": "passed",
                  "speed": "fast",
                  "pass": true,
                  "fail": false,
                  "pending": false,
                  "context": null,
                  "code": "_inventory.default.selectSortOption(_constants.SortOptions.NAME_DESC);\n_inventory.default.verifyProductNamesSortedDesc();",
                  "err": {},
                  "uuid": "907f8fbf-e3ee-461a-b950-6816225bdfae",
                  "parentUUID": "8660ddd4-e1ed-468d-ac13-96a23b0d2a0b",
                  "isHook": false,
                  "skipped": false
                }
              ],
              "suites": [],
              "passes": [
                "6872645c-1ed7-40fa-9aaa-117f00d3def3",
                "907f8fbf-e3ee-461a-b950-6816225bdfae"
              ],
              "failures": [],
              "pending": [],
              "skipped": [],
              "duration": 2041,
              "root": false,
              "rootEmpty": false,
              "_timeout": 2000
            },
            {
              "uuid": "3cd4849e-617c-4875-83c7-6f0e477aef56",
              "title": "Sorting by Price (low to high)",
              "fullFile": "",
              "file": "",
              "beforeHooks": [],
              "afterHooks": [],
              "tests": [
                {
                  "title": "[SRT-UI-LOHI-001] should update the sort dropdown UI when 'Price (low to high)' is selected",
                  "fullTitle": "Inventory Page - Sorting Functionality Sorting by Price (low to high) [SRT-UI-LOHI-001] should update the sort dropdown UI when 'Price (low to high)' is selected",
                  "timedOut": null,
                  "duration": 1041,
                  "state": "passed",
                  "speed": "fast",
                  "pass": true,
                  "fail": false,
                  "pending": false,
                  "context": null,
                  "code": "_inventory.default.selectSortOption(_constants.SortOptions.PRICE_LOW_TO_HIGH);\n_inventory.default.verifySortValue(\"lohi\");",
                  "err": {},
                  "uuid": "7d5a84eb-14aa-42c4-9d04-a885a892ad53",
                  "parentUUID": "3cd4849e-617c-4875-83c7-6f0e477aef56",
                  "isHook": false,
                  "skipped": false
                },
                {
                  "title": "[SRT-UI-LOHI-002] should correctly sort products by 'Price (low to high)'",
                  "fullTitle": "Inventory Page - Sorting Functionality Sorting by Price (low to high) [SRT-UI-LOHI-002] should correctly sort products by 'Price (low to high)'",
                  "timedOut": null,
                  "duration": 1030,
                  "state": "passed",
                  "speed": "fast",
                  "pass": true,
                  "fail": false,
                  "pending": false,
                  "context": null,
                  "code": "_inventory.default.selectSortOption(_constants.SortOptions.PRICE_LOW_TO_HIGH);\n_inventory.default.verifyPricesSortedLowToHigh();",
                  "err": {},
                  "uuid": "f9c0a05a-733a-4a4b-9711-f6696bd1d945",
                  "parentUUID": "3cd4849e-617c-4875-83c7-6f0e477aef56",
                  "isHook": false,
                  "skipped": false
                }
              ],
              "suites": [],
              "passes": [
                "7d5a84eb-14aa-42c4-9d04-a885a892ad53",
                "f9c0a05a-733a-4a4b-9711-f6696bd1d945"
              ],
              "failures": [],
              "pending": [],
              "skipped": [],
              "duration": 2071,
              "root": false,
              "rootEmpty": false,
              "_timeout": 2000
            },
            {
              "uuid": "d8aa4abd-4413-4167-bea3-650710ef68df",
              "title": "Sorting by Price (high to low)",
              "fullFile": "",
              "file": "",
              "beforeHooks": [],
              "afterHooks": [],
              "tests": [
                {
                  "title": "[SRT-UI-HILO-001] should update the sort dropdown UI when 'Price (high to low)' is selected",
                  "fullTitle": "Inventory Page - Sorting Functionality Sorting by Price (high to low) [SRT-UI-HILO-001] should update the sort dropdown UI when 'Price (high to low)' is selected",
                  "timedOut": null,
                  "duration": 1003,
                  "state": "passed",
                  "speed": "fast",
                  "pass": true,
                  "fail": false,
                  "pending": false,
                  "context": null,
                  "code": "_inventory.default.selectSortOption(_constants.SortOptions.PRICE_HIGH_TO_LOW);\n_inventory.default.verifySortValue(\"hilo\");",
                  "err": {},
                  "uuid": "0f344a24-8fa6-4c0f-89ce-c2259d07c2ce",
                  "parentUUID": "d8aa4abd-4413-4167-bea3-650710ef68df",
                  "isHook": false,
                  "skipped": false
                },
                {
                  "title": "[SRT-UI-HILO-002] should correctly sort products by 'Price (high to low)'",
                  "fullTitle": "Inventory Page - Sorting Functionality Sorting by Price (high to low) [SRT-UI-HILO-002] should correctly sort products by 'Price (high to low)'",
                  "timedOut": null,
                  "duration": 996,
                  "state": "passed",
                  "speed": "fast",
                  "pass": true,
                  "fail": false,
                  "pending": false,
                  "context": null,
                  "code": "_inventory.default.selectSortOption(_constants.SortOptions.PRICE_HIGH_TO_LOW);\n_inventory.default.verifyPricesSortedHighToLow();",
                  "err": {},
                  "uuid": "cddf4454-d82d-4c6c-bcc0-77f391601bb8",
                  "parentUUID": "d8aa4abd-4413-4167-bea3-650710ef68df",
                  "isHook": false,
                  "skipped": false
                }
              ],
              "suites": [],
              "passes": [
                "0f344a24-8fa6-4c0f-89ce-c2259d07c2ce",
                "cddf4454-d82d-4c6c-bcc0-77f391601bb8"
              ],
              "failures": [],
              "pending": [],
              "skipped": [],
              "duration": 1999,
              "root": false,
              "rootEmpty": false,
              "_timeout": 2000
            }
          ],
          "passes": [],
          "failures": [],
          "pending": [],
          "skipped": [],
          "duration": 0,
          "root": false,
          "rootEmpty": false,
          "_timeout": 2000
        }
      ],
      "passes": [],
      "failures": [],
      "pending": [],
      "skipped": [],
      "duration": 0,
      "root": true,
      "rootEmpty": true,
      "_timeout": 2000
    }
  ],
  "meta": {
    "mocha": {
      "version": "7.2.0"
    },
    "mochawesome": {
      "options": {
        "quiet": false,
        "reportFilename": "mochawesome",
        "saveHtml": false,
        "saveJson": true,
        "consoleReporter": "spec",
        "useInlineDiffs": false,
        "code": true
      },
      "version": "7.1.3"
    },
    "marge": {
      "options": {
        "charts": true,
        "reportDir": "cypress/reports/mochawesome",
        "overwrite": false,
        "html": false,
        "json": true
      },
      "version": "6.2.0"
    }
  }
}