{
  "stats": {
    "suites": 3,
    "tests": 10,
    "passes": 10,
    "pending": 0,
    "failures": 0,
    "start": "2025-05-21T02:02:53.786Z",
    "end": "2025-05-21T02:03:04.070Z",
    "duration": 10284,
    "testsRegistered": 10,
    "passPercent": 100,
    "pendingPercent": 0,
    "other": 0,
    "hasOther": false,
    "skipped": 0,
    "hasSkipped": false
  },
  "results": [
    {
      "uuid": "e9eea4cf-d2df-49a9-9349-fe74ab54bc00",
      "title": "",
      "fullFile": "cypress/e2e/products/productDetail.cy.js",
      "file": "cypress/e2e/products/productDetail.cy.js",
      "beforeHooks": [],
      "afterHooks": [],
      "tests": [],
      "suites": [
        {
          "uuid": "16b75b17-44e5-45e9-b326-9031ded8a7f0",
          "title": "Product Detail Page - UI Verification",
          "fullFile": "",
          "file": "",
          "beforeHooks": [],
          "afterHooks": [],
          "tests": [
            {
              "title": "[PDP-UI-001] should display the product name correctly",
              "fullTitle": "Product Detail Page - UI Verification [PDP-UI-001] should display the product name correctly",
              "timedOut": null,
              "duration": 1119,
              "state": "passed",
              "speed": "fast",
              "pass": true,
              "fail": false,
              "pending": false,
              "context": null,
              "code": "cy.url().should(\"include\", \"/inventory-item.html?id=4\");\n_productDetail.default.verifyProductNameIsVisible();",
              "err": {},
              "uuid": "b6d64d0c-2340-4c4c-aa22-43f59d78e23d",
              "parentUUID": "16b75b17-44e5-45e9-b326-9031ded8a7f0",
              "isHook": false,
              "skipped": false
            },
            {
              "title": "[PDP-UI-002] should display the product description",
              "fullTitle": "Product Detail Page - UI Verification [PDP-UI-002] should display the product description",
              "timedOut": null,
              "duration": 1026,
              "state": "passed",
              "speed": "fast",
              "pass": true,
              "fail": false,
              "pending": false,
              "context": null,
              "code": "_productDetail.default.verifyProductDescriptionIsVisible();",
              "err": {},
              "uuid": "9d94f3f8-d951-4a63-9d2d-42fba5e3c384",
              "parentUUID": "16b75b17-44e5-45e9-b326-9031ded8a7f0",
              "isHook": false,
              "skipped": false
            },
            {
              "title": "[PDP-UI-003] should display the product image",
              "fullTitle": "Product Detail Page - UI Verification [PDP-UI-003] should display the product image",
              "timedOut": null,
              "duration": 963,
              "state": "passed",
              "speed": "fast",
              "pass": true,
              "fail": false,
              "pending": false,
              "context": null,
              "code": "_productDetail.default.verifyProductImageIsVisible();",
              "err": {},
              "uuid": "605d2fca-de67-4e6b-9ea8-f4063483705a",
              "parentUUID": "16b75b17-44e5-45e9-b326-9031ded8a7f0",
              "isHook": false,
              "skipped": false
            },
            {
              "title": "[PDP-UI-004] should display the product price correctly",
              "fullTitle": "Product Detail Page - UI Verification [PDP-UI-004] should display the product price correctly",
              "timedOut": null,
              "duration": 939,
              "state": "passed",
              "speed": "fast",
              "pass": true,
              "fail": false,
              "pending": false,
              "context": null,
              "code": "_productDetail.default.verifyProductPrice(\"$29.99\");",
              "err": {},
              "uuid": "2a220df2-1dc3-4f00-bdfd-71532c504aed",
              "parentUUID": "16b75b17-44e5-45e9-b326-9031ded8a7f0",
              "isHook": false,
              "skipped": false
            },
            {
              "title": "[PDP-UI-005] should display the ADD TO CART button when product is not in cart",
              "fullTitle": "Product Detail Page - UI Verification [PDP-UI-005] should display the ADD TO CART button when product is not in cart",
              "timedOut": null,
              "duration": 936,
              "state": "passed",
              "speed": "fast",
              "pass": true,
              "fail": false,
              "pending": false,
              "context": null,
              "code": "_productDetail.default.verifyAddToCardButtonIsVisible();",
              "err": {},
              "uuid": "47226358-9cd4-4dc8-9955-91abd53f6d55",
              "parentUUID": "16b75b17-44e5-45e9-b326-9031ded8a7f0",
              "isHook": false,
              "skipped": false
            },
            {
              "title": "[PDP-UI-005] should display the 'Back' button",
              "fullTitle": "Product Detail Page - UI Verification [PDP-UI-005] should display the 'Back' button",
              "timedOut": null,
              "duration": 938,
              "state": "passed",
              "speed": "fast",
              "pass": true,
              "fail": false,
              "pending": false,
              "context": null,
              "code": "_productDetail.default.verifyBackButtonIsVisible();",
              "err": {},
              "uuid": "3bbcb018-a13d-4608-b0be-11a652feae22",
              "parentUUID": "16b75b17-44e5-45e9-b326-9031ded8a7f0",
              "isHook": false,
              "skipped": false
            }
          ],
          "suites": [],
          "passes": [
            "b6d64d0c-2340-4c4c-aa22-43f59d78e23d",
            "9d94f3f8-d951-4a63-9d2d-42fba5e3c384",
            "605d2fca-de67-4e6b-9ea8-f4063483705a",
            "2a220df2-1dc3-4f00-bdfd-71532c504aed",
            "47226358-9cd4-4dc8-9955-91abd53f6d55",
            "3bbcb018-a13d-4608-b0be-11a652feae22"
          ],
          "failures": [],
          "pending": [],
          "skipped": [],
          "duration": 5921,
          "root": false,
          "rootEmpty": false,
          "_timeout": 2000
        },
        {
          "uuid": "11011242-5c0b-4ba4-a537-a501897e6a02",
          "title": "Product Detail Page - Add to Cart Functionality",
          "fullFile": "",
          "file": "",
          "beforeHooks": [],
          "afterHooks": [],
          "tests": [
            {
              "title": "[PDP-UI-FUNC-001] should add the product to the cart from PDP",
              "fullTitle": "Product Detail Page - Add to Cart Functionality [PDP-UI-FUNC-001] should add the product to the cart from PDP",
              "timedOut": null,
              "duration": 999,
              "state": "passed",
              "speed": "fast",
              "pass": true,
              "fail": false,
              "pending": false,
              "context": null,
              "code": "_productDetail.default.clickInventoryAddToCart();\n_headerComponent.default.verifyCartItemCount(1);",
              "err": {},
              "uuid": "f8da80dd-3b67-48c2-88cb-344da1f0cd12",
              "parentUUID": "11011242-5c0b-4ba4-a537-a501897e6a02",
              "isHook": false,
              "skipped": false
            },
            {
              "title": "[PDP-UI-FUNC-002] should display 'Remove' button after adding product to cart",
              "fullTitle": "Product Detail Page - Add to Cart Functionality [PDP-UI-FUNC-002] should display 'Remove' button after adding product to cart",
              "timedOut": null,
              "duration": 1025,
              "state": "passed",
              "speed": "fast",
              "pass": true,
              "fail": false,
              "pending": false,
              "context": null,
              "code": "_productDetail.default.clickInventoryAddToCart();\n_productDetail.default.verifyRemoveButtonIsVisible();",
              "err": {},
              "uuid": "f5f201c0-2de6-4748-add2-63b76a373b0f",
              "parentUUID": "11011242-5c0b-4ba4-a537-a501897e6a02",
              "isHook": false,
              "skipped": false
            },
            {
              "title": "[PDP-UI-FUNC-003] should remove the product from the cart from PDP",
              "fullTitle": "Product Detail Page - Add to Cart Functionality [PDP-UI-FUNC-003] should remove the product from the cart from PDP",
              "timedOut": null,
              "duration": 1087,
              "state": "passed",
              "speed": "fast",
              "pass": true,
              "fail": false,
              "pending": false,
              "context": null,
              "code": "cy.log(\"Adding then removing product from cart and verifying cart count\");\n_productDetail.default.clickInventoryAddToCart();\n_headerComponent.default.verifyCartItemCount(1);\n_productDetail.default.clickRemoveButton();\n_headerComponent.default.verifyCartIsEmpty();\n_productDetail.default.verifyAddToCardButtonIsVisible();",
              "err": {},
              "uuid": "85ccf8f8-a8fa-4715-847a-5c872a728497",
              "parentUUID": "11011242-5c0b-4ba4-a537-a501897e6a02",
              "isHook": false,
              "skipped": false
            }
          ],
          "suites": [],
          "passes": [
            "f8da80dd-3b67-48c2-88cb-344da1f0cd12",
            "f5f201c0-2de6-4748-add2-63b76a373b0f",
            "85ccf8f8-a8fa-4715-847a-5c872a728497"
          ],
          "failures": [],
          "pending": [],
          "skipped": [],
          "duration": 3111,
          "root": false,
          "rootEmpty": false,
          "_timeout": 2000
        },
        {
          "uuid": "e80abfab-f24e-48ca-a4e7-1cf71f2bb784",
          "title": "Product Detail Page - Navigation",
          "fullFile": "",
          "file": "",
          "beforeHooks": [],
          "afterHooks": [],
          "tests": [
            {
              "title": "[PDP-UI-NAV-001] should navigate back to the inventory page when 'Back' is clicked",
              "fullTitle": "Product Detail Page - Navigation [PDP-UI-NAV-001] should navigate back to the inventory page when 'Back' is clicked",
              "timedOut": null,
              "duration": 1041,
              "state": "passed",
              "speed": "fast",
              "pass": true,
              "fail": false,
              "pending": false,
              "context": null,
              "code": "cy.log(\"Clicking 'Back to products' button and verifying URL\");\n_productDetail.default.clickBackButton();\ncy.url().should(\"include\", \"/inventory.html\");\n_inventory.default.verifyLayoutElementsAreVisible();",
              "err": {},
              "uuid": "bc46fd94-1b0e-4592-81f0-d439ef45f517",
              "parentUUID": "e80abfab-f24e-48ca-a4e7-1cf71f2bb784",
              "isHook": false,
              "skipped": false
            }
          ],
          "suites": [],
          "passes": [
            "bc46fd94-1b0e-4592-81f0-d439ef45f517"
          ],
          "failures": [],
          "pending": [],
          "skipped": [],
          "duration": 1041,
          "root": false,
          "rootEmpty": false,
          "_timeout": 2000
        }
      ],
      "passes": [],
      "failures": [],
      "pending": [],
      "skipped": [],
      "duration": 0,
      "root": true,
      "rootEmpty": true,
      "_timeout": 2000
    }
  ],
  "meta": {
    "mocha": {
      "version": "7.2.0"
    },
    "mochawesome": {
      "options": {
        "quiet": false,
        "reportFilename": "mochawesome",
        "saveHtml": false,
        "saveJson": true,
        "consoleReporter": "spec",
        "useInlineDiffs": false,
        "code": true
      },
      "version": "7.1.3"
    },
    "marge": {
      "options": {
        "charts": true,
        "reportDir": "cypress/reports/mochawesome",
        "overwrite": false,
        "html": false,
        "json": true
      },
      "version": "6.2.0"
    }
  }
}