{
  "stats": {
    "suites": 3,
    "tests": 10,
    "passes": 10,
    "pending": 0,
    "failures": 0,
    "start": "2025-05-22T04:32:24.833Z",
    "end": "2025-05-22T04:32:35.549Z",
    "duration": 10716,
    "testsRegistered": 10,
    "passPercent": 100,
    "pendingPercent": 0,
    "other": 0,
    "hasOther": false,
    "skipped": 0,
    "hasSkipped": false
  },
  "results": [
    {
      "uuid": "9a38ae20-4a3e-4526-a901-61c69ac5b84d",
      "title": "",
      "fullFile": "cypress/e2e/products/productDetail.cy.js",
      "file": "cypress/e2e/products/productDetail.cy.js",
      "beforeHooks": [],
      "afterHooks": [],
      "tests": [],
      "suites": [
        {
          "uuid": "578f702d-b06d-4ce2-97b5-d3c6c6a56500",
          "title": "Product Detail Page - UI Verification",
          "fullFile": "",
          "file": "",
          "beforeHooks": [],
          "afterHooks": [],
          "tests": [
            {
              "title": "[PDP-UI-001] should display the product name correctly",
              "fullTitle": "Product Detail Page - UI Verification [PDP-UI-001] should display the product name correctly",
              "timedOut": null,
              "duration": 1162,
              "state": "passed",
              "speed": "fast",
              "pass": true,
              "fail": false,
              "pending": false,
              "context": null,
              "code": "cy.url().should(\"include\", \"/inventory-item.html?id=4\");\n_productDetail.default.verifyProductNameIsVisible();",
              "err": {},
              "uuid": "9d96a73a-7c12-455b-8d07-0474aa868105",
              "parentUUID": "578f702d-b06d-4ce2-97b5-d3c6c6a56500",
              "isHook": false,
              "skipped": false
            },
            {
              "title": "[PDP-UI-002] should display the product description",
              "fullTitle": "Product Detail Page - UI Verification [PDP-UI-002] should display the product description",
              "timedOut": null,
              "duration": 1059,
              "state": "passed",
              "speed": "fast",
              "pass": true,
              "fail": false,
              "pending": false,
              "context": null,
              "code": "_productDetail.default.verifyProductDescriptionIsVisible();",
              "err": {},
              "uuid": "1052247b-a0ce-453f-84fa-eb3fb45cd743",
              "parentUUID": "578f702d-b06d-4ce2-97b5-d3c6c6a56500",
              "isHook": false,
              "skipped": false
            },
            {
              "title": "[PDP-UI-003] should display the product image",
              "fullTitle": "Product Detail Page - UI Verification [PDP-UI-003] should display the product image",
              "timedOut": null,
              "duration": 1005,
              "state": "passed",
              "speed": "fast",
              "pass": true,
              "fail": false,
              "pending": false,
              "context": null,
              "code": "_productDetail.default.verifyProductImageIsVisible();",
              "err": {},
              "uuid": "6a4def78-8e7c-41fd-83dd-1828d6a0e6f9",
              "parentUUID": "578f702d-b06d-4ce2-97b5-d3c6c6a56500",
              "isHook": false,
              "skipped": false
            },
            {
              "title": "[PDP-UI-004] should display the product price correctly",
              "fullTitle": "Product Detail Page - UI Verification [PDP-UI-004] should display the product price correctly",
              "timedOut": null,
              "duration": 973,
              "state": "passed",
              "speed": "fast",
              "pass": true,
              "fail": false,
              "pending": false,
              "context": null,
              "code": "_productDetail.default.verifyProductPrice(\"$29.99\");",
              "err": {},
              "uuid": "128ebb56-6eae-4ae3-9832-eb225abc37f7",
              "parentUUID": "578f702d-b06d-4ce2-97b5-d3c6c6a56500",
              "isHook": false,
              "skipped": false
            },
            {
              "title": "[PDP-UI-005] should display the ADD TO CART button when product is not in cart",
              "fullTitle": "Product Detail Page - UI Verification [PDP-UI-005] should display the ADD TO CART button when product is not in cart",
              "timedOut": null,
              "duration": 1005,
              "state": "passed",
              "speed": "fast",
              "pass": true,
              "fail": false,
              "pending": false,
              "context": null,
              "code": "_productDetail.default.verifyAddToCardButtonIsVisible();",
              "err": {},
              "uuid": "04fbcb64-6b1c-4d5d-b87b-c4d4e31d72af",
              "parentUUID": "578f702d-b06d-4ce2-97b5-d3c6c6a56500",
              "isHook": false,
              "skipped": false
            },
            {
              "title": "[PDP-UI-005] should display the 'Back' button",
              "fullTitle": "Product Detail Page - UI Verification [PDP-UI-005] should display the 'Back' button",
              "timedOut": null,
              "duration": 985,
              "state": "passed",
              "speed": "fast",
              "pass": true,
              "fail": false,
              "pending": false,
              "context": null,
              "code": "_productDetail.default.verifyBackButtonIsVisible();",
              "err": {},
              "uuid": "baad03f9-4e03-429a-8c77-1a43d212f160",
              "parentUUID": "578f702d-b06d-4ce2-97b5-d3c6c6a56500",
              "isHook": false,
              "skipped": false
            }
          ],
          "suites": [],
          "passes": [
            "9d96a73a-7c12-455b-8d07-0474aa868105",
            "1052247b-a0ce-453f-84fa-eb3fb45cd743",
            "6a4def78-8e7c-41fd-83dd-1828d6a0e6f9",
            "128ebb56-6eae-4ae3-9832-eb225abc37f7",
            "04fbcb64-6b1c-4d5d-b87b-c4d4e31d72af",
            "baad03f9-4e03-429a-8c77-1a43d212f160"
          ],
          "failures": [],
          "pending": [],
          "skipped": [],
          "duration": 6189,
          "root": false,
          "rootEmpty": false,
          "_timeout": 2000
        },
        {
          "uuid": "4b374b7f-7bde-45d9-b5f2-a9a08d93999d",
          "title": "Product Detail Page - Add to Cart Functionality",
          "fullFile": "",
          "file": "",
          "beforeHooks": [],
          "afterHooks": [],
          "tests": [
            {
              "title": "[PDP-UI-FUNC-001] should add the product to the cart from PDP",
              "fullTitle": "Product Detail Page - Add to Cart Functionality [PDP-UI-FUNC-001] should add the product to the cart from PDP",
              "timedOut": null,
              "duration": 1014,
              "state": "passed",
              "speed": "fast",
              "pass": true,
              "fail": false,
              "pending": false,
              "context": null,
              "code": "_productDetail.default.clickInventoryAddToCart();\n_headerComponent.default.verifyCartItemCount(1);",
              "err": {},
              "uuid": "c2975bd3-4d8a-434c-a76c-d702882cb35e",
              "parentUUID": "4b374b7f-7bde-45d9-b5f2-a9a08d93999d",
              "isHook": false,
              "skipped": false
            },
            {
              "title": "[PDP-UI-FUNC-002] should display 'Remove' button after adding product to cart",
              "fullTitle": "Product Detail Page - Add to Cart Functionality [PDP-UI-FUNC-002] should display 'Remove' button after adding product to cart",
              "timedOut": null,
              "duration": 1012,
              "state": "passed",
              "speed": "fast",
              "pass": true,
              "fail": false,
              "pending": false,
              "context": null,
              "code": "_productDetail.default.clickInventoryAddToCart();\n_productDetail.default.verifyRemoveButtonIsVisible();",
              "err": {},
              "uuid": "e5cd6b48-4d66-413e-9492-0a85a8b39049",
              "parentUUID": "4b374b7f-7bde-45d9-b5f2-a9a08d93999d",
              "isHook": false,
              "skipped": false
            },
            {
              "title": "[PDP-UI-FUNC-003] should remove the product from the cart from PDP",
              "fullTitle": "Product Detail Page - Add to Cart Functionality [PDP-UI-FUNC-003] should remove the product from the cart from PDP",
              "timedOut": null,
              "duration": 1164,
              "state": "passed",
              "speed": "fast",
              "pass": true,
              "fail": false,
              "pending": false,
              "context": null,
              "code": "cy.log(\"Adding then removing product from cart and verifying cart count\");\n_productDetail.default.clickInventoryAddToCart();\n_headerComponent.default.verifyCartItemCount(1);\n_productDetail.default.clickRemoveButton();\n_headerComponent.default.verifyCartIsEmpty();\n_productDetail.default.verifyAddToCardButtonIsVisible();",
              "err": {},
              "uuid": "b4363206-3304-4481-b315-a6dcc8f1e44c",
              "parentUUID": "4b374b7f-7bde-45d9-b5f2-a9a08d93999d",
              "isHook": false,
              "skipped": false
            }
          ],
          "suites": [],
          "passes": [
            "c2975bd3-4d8a-434c-a76c-d702882cb35e",
            "e5cd6b48-4d66-413e-9492-0a85a8b39049",
            "b4363206-3304-4481-b315-a6dcc8f1e44c"
          ],
          "failures": [],
          "pending": [],
          "skipped": [],
          "duration": 3190,
          "root": false,
          "rootEmpty": false,
          "_timeout": 2000
        },
        {
          "uuid": "550f2a70-e0b2-4f31-88d0-cfc99a0127ee",
          "title": "Product Detail Page - Navigation",
          "fullFile": "",
          "file": "",
          "beforeHooks": [],
          "afterHooks": [],
          "tests": [
            {
              "title": "[PDP-UI-NAV-001] should navigate back to the inventory page when 'Back' is clicked",
              "fullTitle": "Product Detail Page - Navigation [PDP-UI-NAV-001] should navigate back to the inventory page when 'Back' is clicked",
              "timedOut": null,
              "duration": 1106,
              "state": "passed",
              "speed": "fast",
              "pass": true,
              "fail": false,
              "pending": false,
              "context": null,
              "code": "cy.log(\"Clicking 'Back to products' button and verifying URL\");\n_productDetail.default.clickBackButton();\ncy.url().should(\"include\", \"/inventory.html\");\n_inventory.default.verifyLayoutElementsAreVisible();",
              "err": {},
              "uuid": "8e0da795-25da-4665-a94d-1d2cb266d320",
              "parentUUID": "550f2a70-e0b2-4f31-88d0-cfc99a0127ee",
              "isHook": false,
              "skipped": false
            }
          ],
          "suites": [],
          "passes": [
            "8e0da795-25da-4665-a94d-1d2cb266d320"
          ],
          "failures": [],
          "pending": [],
          "skipped": [],
          "duration": 1106,
          "root": false,
          "rootEmpty": false,
          "_timeout": 2000
        }
      ],
      "passes": [],
      "failures": [],
      "pending": [],
      "skipped": [],
      "duration": 0,
      "root": true,
      "rootEmpty": true,
      "_timeout": 2000
    }
  ],
  "meta": {
    "mocha": {
      "version": "7.2.0"
    },
    "mochawesome": {
      "options": {
        "quiet": false,
        "reportFilename": "mochawesome",
        "saveHtml": false,
        "saveJson": true,
        "consoleReporter": "spec",
        "useInlineDiffs": false,
        "code": true
      },
      "version": "7.1.3"
    },
    "marge": {
      "options": {
        "charts": true,
        "reportDir": "cypress/reports/mochawesome",
        "overwrite": false,
        "html": false,
        "json": true
      },
      "version": "6.2.0"
    }
  }
}