{
  "stats": {
    "suites": 2,
    "tests": 1,
    "passes": 1,
    "pending": 0,
    "failures": 0,
    "start": "2025-05-21T02:02:06.999Z",
    "end": "2025-05-21T02:02:08.100Z",
    "duration": 1101,
    "testsRegistered": 1,
    "passPercent": 100,
    "pendingPercent": 0,
    "other": 0,
    "hasOther": false,
    "skipped": 0,
    "hasSkipped": false
  },
  "results": [
    {
      "uuid": "8d700687-c672-427b-8aa4-e7b6a0ce07c4",
      "title": "",
      "fullFile": "cypress/e2e/products/inventory.cy.js",
      "file": "cypress/e2e/products/inventory.cy.js",
      "beforeHooks": [],
      "afterHooks": [],
      "tests": [],
      "suites": [
        {
          "uuid": "d4df9b3d-d4a2-400c-94d4-dc7cc8326e34",
          "title": "Inventory Page - Post-Login Verification",
          "fullFile": "",
          "file": "",
          "beforeHooks": [],
          "afterHooks": [],
          "tests": [],
          "suites": [
            {
              "uuid": "14fbdfbd-4447-401e-a942-308fb83dc23c",
              "title": "Inventory Items Verification",
              "fullFile": "",
              "file": "",
              "beforeHooks": [],
              "afterHooks": [],
              "tests": [
                {
                  "title": "[INV-UI-INV-COUNT-001] should display the correct number of products",
                  "fullTitle": "Inventory Page - Post-Login Verification Inventory Items Verification [INV-UI-INV-COUNT-001] should display the correct number of products",
                  "timedOut": null,
                  "duration": 1052,
                  "state": "passed",
                  "speed": "fast",
                  "pass": true,
                  "fail": false,
                  "pending": false,
                  "context": null,
                  "code": "_inventory.default.verifyProductCount(allProductCount);",
                  "err": {},
                  "uuid": "4b3ce4be-cacd-409f-8e7b-b0d90b3ac5b3",
                  "parentUUID": "14fbdfbd-4447-401e-a942-308fb83dc23c",
                  "isHook": false,
                  "skipped": false
                }
              ],
              "suites": [],
              "passes": [
                "4b3ce4be-cacd-409f-8e7b-b0d90b3ac5b3"
              ],
              "failures": [],
              "pending": [],
              "skipped": [],
              "duration": 1052,
              "root": false,
              "rootEmpty": false,
              "_timeout": 2000
            }
          ],
          "passes": [],
          "failures": [],
          "pending": [],
          "skipped": [],
          "duration": 0,
          "root": false,
          "rootEmpty": false,
          "_timeout": 2000
        }
      ],
      "passes": [],
      "failures": [],
      "pending": [],
      "skipped": [],
      "duration": 0,
      "root": true,
      "rootEmpty": true,
      "_timeout": 2000
    }
  ],
  "meta": {
    "mocha": {
      "version": "7.2.0"
    },
    "mochawesome": {
      "options": {
        "quiet": false,
        "reportFilename": "mochawesome",
        "saveHtml": false,
        "saveJson": true,
        "consoleReporter": "spec",
        "useInlineDiffs": false,
        "code": true
      },
      "version": "7.1.3"
    },
    "marge": {
      "options": {
        "charts": true,
        "reportDir": "cypress/reports/mochawesome",
        "overwrite": false,
        "html": false,
        "json": true
      },
      "version": "6.2.0"
    }
  }
}